{"/Users/opokusyn/rtetris/src/client/actions/alert.js":{"path":"/Users/opokusyn/rtetris/src/client/actions/alert.js","statementMap":{"0":{"start":{"line":3,"column":0},"end":{"line":5,"column":3}},"1":{"start":{"line":6,"column":0},"end":{"line":6,"column":43}},"2":{"start":{"line":7,"column":16},"end":{"line":7,"column":27}},"3":{"start":{"line":8,"column":0},"end":{"line":8,"column":30}},"4":{"start":{"line":10,"column":12},"end":{"line":16,"column":1}},"5":{"start":{"line":11,"column":2},"end":{"line":15,"column":4}},"6":{"start":{"line":18,"column":0},"end":{"line":18,"column":22}}},"fnMap":{"0":{"name":"alert","decl":{"start":{"line":10,"column":21},"end":{"line":10,"column":26}},"loc":{"start":{"line":10,"column":33},"end":{"line":16,"column":1}},"line":10}},"branchMap":{},"s":{"0":1,"1":1,"2":1,"3":1,"4":1,"5":0,"6":1},"f":{"0":0},"b":{},"_coverageSchema":"43e27e138ebf9cfc5966b082cf9a028302ed4184","hash":"00d1f6335086c6d461c9e0dede28b26fa240f1c5","contentHash":"c112d41c923138586e4da4c7a9b5c21f6264967ae1ffe18e19cb570283024ef5"},"/Users/opokusyn/rtetris/src/client/actions/init.js":{"path":"/Users/opokusyn/rtetris/src/client/actions/init.js","statementMap":{"0":{"start":{"line":3,"column":0},"end":{"line":5,"column":3}},"1":{"start":{"line":6,"column":0},"end":{"line":6,"column":42}},"2":{"start":{"line":7,"column":16},"end":{"line":7,"column":27}},"3":{"start":{"line":8,"column":0},"end":{"line":8,"column":30}},"4":{"start":{"line":10,"column":11},"end":{"line":15,"column":1}},"5":{"start":{"line":11,"column":2},"end":{"line":14,"column":4}},"6":{"start":{"line":17,"column":0},"end":{"line":17,"column":20}}},"fnMap":{"0":{"name":"init","decl":{"start":{"line":10,"column":20},"end":{"line":10,"column":24}},"loc":{"start":{"line":10,"column":31},"end":{"line":15,"column":1}},"line":10}},"branchMap":{},"s":{"0":1,"1":1,"2":1,"3":1,"4":1,"5":0,"6":1},"f":{"0":0},"b":{},"_coverageSchema":"43e27e138ebf9cfc5966b082cf9a028302ed4184","hash":"212494caba71d4e205fcb28d75c7de43ee365b13","contentHash":"38a0ae6ef72f0c2ba886ae95e63a298769cb234abdde9bff6ba1bffe7e24bc6e"},"/Users/opokusyn/rtetris/src/client/actions/error.js":{"path":"/Users/opokusyn/rtetris/src/client/actions/error.js","statementMap":{"0":{"start":{"line":3,"column":0},"end":{"line":5,"column":3}},"1":{"start":{"line":6,"column":0},"end":{"line":6,"column":39}},"2":{"start":{"line":7,"column":12},"end":{"line":7,"column":19}},"3":{"start":{"line":8,"column":0},"end":{"line":8,"column":22}},"4":{"start":{"line":10,"column":12},"end":{"line":15,"column":1}},"5":{"start":{"line":11,"column":2},"end":{"line":14,"column":4}},"6":{"start":{"line":17,"column":0},"end":{"line":17,"column":22}}},"fnMap":{"0":{"name":"error","decl":{"start":{"line":10,"column":21},"end":{"line":10,"column":26}},"loc":{"start":{"line":10,"column":35},"end":{"line":15,"column":1}},"line":10}},"branchMap":{},"s":{"0":1,"1":1,"2":1,"3":1,"4":1,"5":0,"6":1},"f":{"0":0},"b":{},"_coverageSchema":"43e27e138ebf9cfc5966b082cf9a028302ed4184","hash":"d1f90d10ad5c6f5ed9325e318806a9527cab6610","contentHash":"1dde57ebe500bc47c4913bd69607ba3bca206f4438bd84d3c84d167291ef5f2d"},"/Users/opokusyn/rtetris/src/client/actions/errorModal.js":{"path":"/Users/opokusyn/rtetris/src/client/actions/errorModal.js","statementMap":{"0":{"start":{"line":3,"column":0},"end":{"line":5,"column":3}},"1":{"start":{"line":6,"column":0},"end":{"line":6,"column":47}},"2":{"start":{"line":7,"column":18},"end":{"line":7,"column":31}},"3":{"start":{"line":8,"column":0},"end":{"line":8,"column":34}},"4":{"start":{"line":10,"column":14},"end":{"line":15,"column":1}},"5":{"start":{"line":11,"column":2},"end":{"line":14,"column":4}},"6":{"start":{"line":17,"column":0},"end":{"line":17,"column":26}}},"fnMap":{"0":{"name":"setName","decl":{"start":{"line":10,"column":23},"end":{"line":10,"column":30}},"loc":{"start":{"line":10,"column":43},"end":{"line":15,"column":1}},"line":10}},"branchMap":{},"s":{"0":1,"1":1,"2":1,"3":1,"4":1,"5":0,"6":1},"f":{"0":0},"b":{},"_coverageSchema":"43e27e138ebf9cfc5966b082cf9a028302ed4184","hash":"741ec0bef299237bacd0af558c22920d976cda7c","contentHash":"f1d4cedba8a9c017724c40c8625fb3a2cfd6cd667b45bfbf7ba5e2e322469c31"},"/Users/opokusyn/rtetris/src/client/actions/auth.js":{"path":"/Users/opokusyn/rtetris/src/client/actions/auth.js","statementMap":{"0":{"start":{"line":3,"column":0},"end":{"line":5,"column":3}},"1":{"start":{"line":6,"column":0},"end":{"line":6,"column":37}},"2":{"start":{"line":7,"column":11},"end":{"line":7,"column":17}},"3":{"start":{"line":8,"column":0},"end":{"line":8,"column":20}},"4":{"start":{"line":10,"column":11},"end":{"line":15,"column":1}},"5":{"start":{"line":11,"column":2},"end":{"line":14,"column":4}},"6":{"start":{"line":17,"column":0},"end":{"line":17,"column":20}}},"fnMap":{"0":{"name":"auth","decl":{"start":{"line":10,"column":20},"end":{"line":10,"column":24}},"loc":{"start":{"line":10,"column":31},"end":{"line":15,"column":1}},"line":10}},"branchMap":{},"s":{"0":1,"1":1,"2":1,"3":1,"4":1,"5":0,"6":1},"f":{"0":0},"b":{},"_coverageSchema":"43e27e138ebf9cfc5966b082cf9a028302ed4184","hash":"a16674c79a37a28dd4e2f9b4c329befe6d513561","contentHash":"907a567859e82481bd9cccda321d3e714553d4a6be0152035fdd6e681eeb92d9"},"/Users/opokusyn/rtetris/src/client/actions/clearStore.js":{"path":"/Users/opokusyn/rtetris/src/client/actions/clearStore.js","statementMap":{"0":{"start":{"line":3,"column":0},"end":{"line":5,"column":3}},"1":{"start":{"line":6,"column":0},"end":{"line":6,"column":102}},"2":{"start":{"line":7,"column":18},"end":{"line":7,"column":31}},"3":{"start":{"line":8,"column":0},"end":{"line":8,"column":34}},"4":{"start":{"line":10,"column":17},"end":{"line":15,"column":1}},"5":{"start":{"line":11,"column":2},"end":{"line":14,"column":4}},"6":{"start":{"line":17,"column":0},"end":{"line":17,"column":32}},"7":{"start":{"line":18,"column":23},"end":{"line":18,"column":41}},"8":{"start":{"line":19,"column":0},"end":{"line":19,"column":44}},"9":{"start":{"line":21,"column":21},"end":{"line":26,"column":1}},"10":{"start":{"line":22,"column":2},"end":{"line":25,"column":4}},"11":{"start":{"line":28,"column":0},"end":{"line":28,"column":40}}},"fnMap":{"0":{"name":"clearStore","decl":{"start":{"line":10,"column":26},"end":{"line":10,"column":36}},"loc":{"start":{"line":10,"column":51},"end":{"line":15,"column":1}},"line":10},"1":{"name":"clearStoreSoft","decl":{"start":{"line":21,"column":30},"end":{"line":21,"column":44}},"loc":{"start":{"line":21,"column":59},"end":{"line":26,"column":1}},"line":21}},"branchMap":{},"s":{"0":1,"1":1,"2":1,"3":1,"4":1,"5":0,"6":1,"7":1,"8":1,"9":1,"10":0,"11":1},"f":{"0":0,"1":0},"b":{},"_coverageSchema":"43e27e138ebf9cfc5966b082cf9a028302ed4184","hash":"a6546721b4b200d98a64f339b14baab64240f7df","contentHash":"fda1bdc5725dff15ad72d4f0abbd8a769fb30eee98abeabed8694b4d8f16d082"},"/Users/opokusyn/rtetris/src/client/actions/gameAction.js":{"path":"/Users/opokusyn/rtetris/src/client/actions/gameAction.js","statementMap":{"0":{"start":{"line":3,"column":0},"end":{"line":5,"column":3}},"1":{"start":{"line":6,"column":0},"end":{"line":6,"column":334}},"2":{"start":{"line":7,"column":17},"end":{"line":7,"column":29}},"3":{"start":{"line":8,"column":0},"end":{"line":8,"column":32}},"4":{"start":{"line":10,"column":16},"end":{"line":15,"column":1}},"5":{"start":{"line":11,"column":2},"end":{"line":14,"column":4}},"6":{"start":{"line":17,"column":0},"end":{"line":17,"column":30}},"7":{"start":{"line":18,"column":14},"end":{"line":18,"column":23}},"8":{"start":{"line":19,"column":0},"end":{"line":19,"column":26}},"9":{"start":{"line":21,"column":8},"end":{"line":26,"column":1}},"10":{"start":{"line":22,"column":2},"end":{"line":25,"column":4}},"11":{"start":{"line":28,"column":0},"end":{"line":28,"column":14}},"12":{"start":{"line":29,"column":14},"end":{"line":29,"column":23}},"13":{"start":{"line":30,"column":0},"end":{"line":30,"column":26}},"14":{"start":{"line":32,"column":8},"end":{"line":37,"column":1}},"15":{"start":{"line":33,"column":2},"end":{"line":36,"column":4}},"16":{"start":{"line":39,"column":0},"end":{"line":39,"column":14}},"17":{"start":{"line":40,"column":18},"end":{"line":40,"column":31}},"18":{"start":{"line":41,"column":0},"end":{"line":41,"column":34}},"19":{"start":{"line":43,"column":17},"end":{"line":48,"column":1}},"20":{"start":{"line":44,"column":2},"end":{"line":47,"column":4}},"21":{"start":{"line":50,"column":0},"end":{"line":50,"column":32}},"22":{"start":{"line":51,"column":17},"end":{"line":51,"column":29}},"23":{"start":{"line":52,"column":0},"end":{"line":52,"column":32}},"24":{"start":{"line":54,"column":16},"end":{"line":58,"column":1}},"25":{"start":{"line":55,"column":2},"end":{"line":57,"column":4}},"26":{"start":{"line":60,"column":0},"end":{"line":60,"column":30}},"27":{"start":{"line":61,"column":13},"end":{"line":61,"column":21}},"28":{"start":{"line":62,"column":0},"end":{"line":62,"column":24}},"29":{"start":{"line":64,"column":13},"end":{"line":87,"column":1}},"30":{"start":{"line":65,"column":14},"end":{"line":67,"column":4}},"31":{"start":{"line":66,"column":4},"end":{"line":66,"column":31}},"32":{"start":{"line":68,"column":14},"end":{"line":68,"column":16}},"33":{"start":{"line":70,"column":2},"end":{"line":81,"column":3}},"34":{"start":{"line":70,"column":16},"end":{"line":70,"column":17}},"35":{"start":{"line":71,"column":12},"end":{"line":71,"column":14}},"36":{"start":{"line":72,"column":4},"end":{"line":72,"column":19}},"37":{"start":{"line":74,"column":4},"end":{"line":78,"column":5}},"38":{"start":{"line":74,"column":17},"end":{"line":74,"column":18}},"39":{"start":{"line":75,"column":6},"end":{"line":75,"column":31}},"40":{"start":{"line":77,"column":6},"end":{"line":77,"column":28}},"41":{"start":{"line":80,"column":4},"end":{"line":80,"column":24}},"42":{"start":{"line":83,"column":2},"end":{"line":86,"column":4}},"43":{"start":{"line":89,"column":0},"end":{"line":89,"column":24}},"44":{"start":{"line":90,"column":16},"end":{"line":90,"column":27}},"45":{"start":{"line":91,"column":0},"end":{"line":91,"column":30}},"46":{"start":{"line":93,"column":15},"end":{"line":98,"column":1}},"47":{"start":{"line":94,"column":2},"end":{"line":97,"column":4}},"48":{"start":{"line":100,"column":0},"end":{"line":100,"column":28}},"49":{"start":{"line":101,"column":12},"end":{"line":101,"column":19}},"50":{"start":{"line":102,"column":0},"end":{"line":102,"column":22}},"51":{"start":{"line":104,"column":12},"end":{"line":108,"column":1}},"52":{"start":{"line":105,"column":2},"end":{"line":107,"column":4}},"53":{"start":{"line":110,"column":0},"end":{"line":110,"column":22}},"54":{"start":{"line":111,"column":15},"end":{"line":111,"column":25}},"55":{"start":{"line":112,"column":0},"end":{"line":112,"column":28}},"56":{"start":{"line":114,"column":14},"end":{"line":119,"column":1}},"57":{"start":{"line":115,"column":2},"end":{"line":118,"column":4}},"58":{"start":{"line":121,"column":0},"end":{"line":121,"column":26}}},"fnMap":{"0":{"name":"gameStart","decl":{"start":{"line":10,"column":25},"end":{"line":10,"column":34}},"loc":{"start":{"line":10,"column":45},"end":{"line":15,"column":1}},"line":10},"1":{"name":"y","decl":{"start":{"line":21,"column":17},"end":{"line":21,"column":18}},"loc":{"start":{"line":21,"column":24},"end":{"line":26,"column":1}},"line":21},"2":{"name":"x","decl":{"start":{"line":32,"column":17},"end":{"line":32,"column":18}},"loc":{"start":{"line":32,"column":24},"end":{"line":37,"column":1}},"line":32},"3":{"name":"gameUpdate","decl":{"start":{"line":43,"column":26},"end":{"line":43,"column":36}},"loc":{"start":{"line":43,"column":47},"end":{"line":48,"column":1}},"line":43},"4":{"name":"blockDown","decl":{"start":{"line":54,"column":25},"end":{"line":54,"column":34}},"loc":{"start":{"line":54,"column":37},"end":{"line":58,"column":1}},"line":54},"5":{"name":"rotate","decl":{"start":{"line":64,"column":22},"end":{"line":64,"column":28}},"loc":{"start":{"line":64,"column":37},"end":{"line":87,"column":1}},"line":64},"6":{"name":"(anonymous_6)","decl":{"start":{"line":65,"column":28},"end":{"line":65,"column":29}},"loc":{"start":{"line":65,"column":52},"end":{"line":67,"column":3}},"line":65},"7":{"name":"blockRow","decl":{"start":{"line":93,"column":24},"end":{"line":93,"column":32}},"loc":{"start":{"line":93,"column":43},"end":{"line":98,"column":1}},"line":93},"8":{"name":"block","decl":{"start":{"line":104,"column":21},"end":{"line":104,"column":26}},"loc":{"start":{"line":104,"column":29},"end":{"line":108,"column":1}},"line":104},"9":{"name":"gameEnd","decl":{"start":{"line":114,"column":23},"end":{"line":114,"column":30}},"loc":{"start":{"line":114,"column":37},"end":{"line":119,"column":1}},"line":114}},"branchMap":{},"s":{"0":1,"1":1,"2":1,"3":1,"4":1,"5":0,"6":1,"7":1,"8":1,"9":1,"10":0,"11":1,"12":1,"13":1,"14":1,"15":0,"16":1,"17":1,"18":1,"19":1,"20":0,"21":1,"22":1,"23":1,"24":1,"25":0,"26":1,"27":1,"28":1,"29":1,"30":0,"31":0,"32":0,"33":0,"34":0,"35":0,"36":0,"37":0,"38":0,"39":0,"40":0,"41":0,"42":0,"43":1,"44":1,"45":1,"46":1,"47":0,"48":1,"49":1,"50":1,"51":1,"52":0,"53":1,"54":1,"55":1,"56":1,"57":0,"58":1},"f":{"0":0,"1":0,"2":0,"3":0,"4":0,"5":0,"6":0,"7":0,"8":0,"9":0},"b":{},"_coverageSchema":"43e27e138ebf9cfc5966b082cf9a028302ed4184","hash":"335382f2b035ee1db20b84bfb820d39bd1203846","contentHash":"4c545057f770713488dfda91f5c2bccb9bfd12cfe8c041d7300e46828708ea9d"},"/Users/opokusyn/rtetris/src/client/actions/server.js":{"path":"/Users/opokusyn/rtetris/src/client/actions/server.js","statementMap":{"0":{"start":{"line":3,"column":0},"end":{"line":5,"column":3}},"1":{"start":{"line":6,"column":0},"end":{"line":6,"column":22}},"2":{"start":{"line":8,"column":11},"end":{"line":12,"column":1}},"3":{"start":{"line":9,"column":2},"end":{"line":11,"column":4}},"4":{"start":{"line":14,"column":0},"end":{"line":14,"column":20}}},"fnMap":{"0":{"name":"ping","decl":{"start":{"line":8,"column":20},"end":{"line":8,"column":24}},"loc":{"start":{"line":8,"column":27},"end":{"line":12,"column":1}},"line":8}},"branchMap":{},"s":{"0":1,"1":1,"2":1,"3":0,"4":1},"f":{"0":0},"b":{},"_coverageSchema":"43e27e138ebf9cfc5966b082cf9a028302ed4184","hash":"a362ae34f75872650986109c81a6be677a6e6a0a","contentHash":"f8c1895aaf5998d3b14ab5af3f06d1c78bda460c943fadc340ba5ae9ca4f3799"},"/Users/opokusyn/rtetris/src/client/actions/pageChange.js":{"path":"/Users/opokusyn/rtetris/src/client/actions/pageChange.js","statementMap":{"0":{"start":{"line":3,"column":0},"end":{"line":5,"column":3}},"1":{"start":{"line":6,"column":0},"end":{"line":6,"column":50}},"2":{"start":{"line":7,"column":18},"end":{"line":7,"column":31}},"3":{"start":{"line":8,"column":0},"end":{"line":8,"column":34}},"4":{"start":{"line":10,"column":17},"end":{"line":15,"column":1}},"5":{"start":{"line":11,"column":2},"end":{"line":14,"column":4}},"6":{"start":{"line":17,"column":0},"end":{"line":17,"column":32}}},"fnMap":{"0":{"name":"pageChange","decl":{"start":{"line":10,"column":26},"end":{"line":10,"column":36}},"loc":{"start":{"line":10,"column":43},"end":{"line":15,"column":1}},"line":10}},"branchMap":{},"s":{"0":1,"1":1,"2":1,"3":1,"4":1,"5":0,"6":1},"f":{"0":0},"b":{},"_coverageSchema":"43e27e138ebf9cfc5966b082cf9a028302ed4184","hash":"aa4750a9e4d0571d988671f3ac93cc60852516ae","contentHash":"0081981d137c805a8ff61297ffa771262b3887b0240150f58bcddf9426b41d77"},"/Users/opokusyn/rtetris/src/client/actions/roomCreate.js":{"path":"/Users/opokusyn/rtetris/src/client/actions/roomCreate.js","statementMap":{"0":{"start":{"line":3,"column":0},"end":{"line":5,"column":3}},"1":{"start":{"line":6,"column":0},"end":{"line":6,"column":99}},"2":{"start":{"line":7,"column":18},"end":{"line":7,"column":31}},"3":{"start":{"line":8,"column":0},"end":{"line":8,"column":34}},"4":{"start":{"line":10,"column":17},"end":{"line":15,"column":1}},"5":{"start":{"line":11,"column":2},"end":{"line":14,"column":4}},"6":{"start":{"line":17,"column":0},"end":{"line":17,"column":32}},"7":{"start":{"line":18,"column":21},"end":{"line":18,"column":37}},"8":{"start":{"line":19,"column":0},"end":{"line":19,"column":40}},"9":{"start":{"line":21,"column":20},"end":{"line":26,"column":1}},"10":{"start":{"line":22,"column":2},"end":{"line":25,"column":4}},"11":{"start":{"line":28,"column":0},"end":{"line":28,"column":38}}},"fnMap":{"0":{"name":"roomCreate","decl":{"start":{"line":10,"column":26},"end":{"line":10,"column":36}},"loc":{"start":{"line":10,"column":43},"end":{"line":15,"column":1}},"line":10},"1":{"name":"roomSubscribe","decl":{"start":{"line":21,"column":29},"end":{"line":21,"column":42}},"loc":{"start":{"line":21,"column":49},"end":{"line":26,"column":1}},"line":21}},"branchMap":{},"s":{"0":1,"1":1,"2":1,"3":1,"4":1,"5":0,"6":1,"7":1,"8":1,"9":1,"10":0,"11":1},"f":{"0":0,"1":0},"b":{},"_coverageSchema":"43e27e138ebf9cfc5966b082cf9a028302ed4184","hash":"2bbac4af8a5d431d90ba637398e90a756a451c16","contentHash":"80c91e2cbdb813ccdac238aa1f5a4d5fb23850e0951149df2368e5b29a077e50"},"/Users/opokusyn/rtetris/src/client/actions/roomListUpdate.js":{"path":"/Users/opokusyn/rtetris/src/client/actions/roomListUpdate.js","statementMap":{"0":{"start":{"line":3,"column":0},"end":{"line":5,"column":3}},"1":{"start":{"line":6,"column":0},"end":{"line":6,"column":59}},"2":{"start":{"line":7,"column":23},"end":{"line":7,"column":41}},"3":{"start":{"line":8,"column":0},"end":{"line":8,"column":44}},"4":{"start":{"line":10,"column":21},"end":{"line":15,"column":1}},"5":{"start":{"line":11,"column":2},"end":{"line":14,"column":4}},"6":{"start":{"line":17,"column":0},"end":{"line":17,"column":40}}},"fnMap":{"0":{"name":"roomListUpdate","decl":{"start":{"line":10,"column":30},"end":{"line":10,"column":44}},"loc":{"start":{"line":10,"column":55},"end":{"line":15,"column":1}},"line":10}},"branchMap":{},"s":{"0":1,"1":1,"2":1,"3":1,"4":1,"5":0,"6":1},"f":{"0":0},"b":{},"_coverageSchema":"43e27e138ebf9cfc5966b082cf9a028302ed4184","hash":"da120d33b252c39575e8ab278d91cbf8ba16f7ac","contentHash":"f96b4530ab18359edcf08e8998a65f2e64e79309056485d7957e33e0736715c1"},"/Users/opokusyn/rtetris/src/client/actions/setName.js":{"path":"/Users/opokusyn/rtetris/src/client/actions/setName.js","statementMap":{"0":{"start":{"line":3,"column":0},"end":{"line":5,"column":3}},"1":{"start":{"line":6,"column":0},"end":{"line":6,"column":44}},"2":{"start":{"line":7,"column":15},"end":{"line":7,"column":25}},"3":{"start":{"line":8,"column":0},"end":{"line":8,"column":28}},"4":{"start":{"line":10,"column":14},"end":{"line":15,"column":1}},"5":{"start":{"line":11,"column":2},"end":{"line":14,"column":4}},"6":{"start":{"line":17,"column":0},"end":{"line":17,"column":26}}},"fnMap":{"0":{"name":"setName","decl":{"start":{"line":10,"column":23},"end":{"line":10,"column":30}},"loc":{"start":{"line":10,"column":37},"end":{"line":15,"column":1}},"line":10}},"branchMap":{},"s":{"0":1,"1":1,"2":1,"3":1,"4":1,"5":0,"6":1},"f":{"0":0},"b":{},"_coverageSchema":"43e27e138ebf9cfc5966b082cf9a028302ed4184","hash":"8c4ec254cff1b00465f22bb13c5cf42278cef04c","contentHash":"ae299b61809ba52b9935e503487b4e823f86d5e7a7240882a631d3213f397eda"},"/Users/opokusyn/rtetris/src/client/actions/userCreate.js":{"path":"/Users/opokusyn/rtetris/src/client/actions/userCreate.js","statementMap":{"0":{"start":{"line":3,"column":0},"end":{"line":5,"column":3}},"1":{"start":{"line":6,"column":0},"end":{"line":6,"column":50}},"2":{"start":{"line":7,"column":18},"end":{"line":7,"column":31}},"3":{"start":{"line":8,"column":0},"end":{"line":8,"column":34}},"4":{"start":{"line":10,"column":17},"end":{"line":15,"column":1}},"5":{"start":{"line":11,"column":2},"end":{"line":14,"column":4}},"6":{"start":{"line":17,"column":0},"end":{"line":17,"column":32}}},"fnMap":{"0":{"name":"userCreate","decl":{"start":{"line":10,"column":26},"end":{"line":10,"column":36}},"loc":{"start":{"line":10,"column":47},"end":{"line":15,"column":1}},"line":10}},"branchMap":{},"s":{"0":1,"1":1,"2":1,"3":1,"4":1,"5":0,"6":1},"f":{"0":0},"b":{},"_coverageSchema":"43e27e138ebf9cfc5966b082cf9a028302ed4184","hash":"fad2dc97895410185b19152d5b9b817bcee855ed","contentHash":"2fb0c7eaf936490ea3c25e3e48afdafba7fcda7dacd2ea635ba479135d9bcaba"},"/Users/opokusyn/rtetris/src/client/components/BoardMain/index.js":{"path":"/Users/opokusyn/rtetris/src/client/components/BoardMain/index.js","statementMap":{"0":{"start":{"line":3,"column":0},"end":{"line":5,"column":3}},"1":{"start":{"line":6,"column":0},"end":{"line":6,"column":28}},"2":{"start":{"line":8,"column":13},"end":{"line":8,"column":53}},"3":{"start":{"line":10,"column":13},"end":{"line":10,"column":38}},"4":{"start":{"line":12,"column":18},"end":{"line":12,"column":40}},"5":{"start":{"line":14,"column":12},"end":{"line":14,"column":69}},"6":{"start":{"line":16,"column":12},"end":{"line":16,"column":40}},"7":{"start":{"line":18,"column":14},"end":{"line":18,"column":69}},"8":{"start":{"line":20,"column":39},"end":{"line":20,"column":95}},"9":{"start":{"line":22,"column":35},"end":{"line":22,"column":115}},"10":{"start":{"line":24,"column":32},"end":{"line":24,"column":103}},"11":{"start":{"line":26,"column":34},"end":{"line":26,"column":160}},"12":{"start":{"line":26,"column":136},"end":{"line":26,"column":160}},"13":{"start":{"line":28,"column":35},"end":{"line":28,"column":164}},"14":{"start":{"line":28,"column":61},"end":{"line":28,"column":149}},"15":{"start":{"line":28,"column":74},"end":{"line":28,"column":75}},"16":{"start":{"line":28,"column":84},"end":{"line":28,"column":105}},"17":{"start":{"line":28,"column":130},"end":{"line":28,"column":147}},"18":{"start":{"line":28,"column":150},"end":{"line":28,"column":162}},"19":{"start":{"line":30,"column":54},"end":{"line":30,"column":73}},"20":{"start":{"line":30,"column":75},"end":{"line":30,"column":326}},"21":{"start":{"line":30,"column":125},"end":{"line":30,"column":161}},"22":{"start":{"line":30,"column":163},"end":{"line":30,"column":292}},"23":{"start":{"line":30,"column":183},"end":{"line":30,"column":292}},"24":{"start":{"line":30,"column":225},"end":{"line":30,"column":288}},"25":{"start":{"line":30,"column":293},"end":{"line":30,"column":324}},"26":{"start":{"line":30,"column":327},"end":{"line":30,"column":339}},"27":{"start":{"line":32,"column":33},"end":{"line":32,"column":501}},"28":{"start":{"line":32,"column":46},"end":{"line":32,"column":47}},"29":{"start":{"line":32,"column":91},"end":{"line":32,"column":131}},"30":{"start":{"line":32,"column":133},"end":{"line":32,"column":499}},"31":{"start":{"line":32,"column":146},"end":{"line":32,"column":239}},"32":{"start":{"line":32,"column":193},"end":{"line":32,"column":235}},"33":{"start":{"line":32,"column":247},"end":{"line":32,"column":499}},"34":{"start":{"line":32,"column":287},"end":{"line":32,"column":361}},"35":{"start":{"line":32,"column":371},"end":{"line":32,"column":497}},"36":{"start":{"line":32,"column":412},"end":{"line":32,"column":493}},"37":{"start":{"line":32,"column":502},"end":{"line":32,"column":516}},"38":{"start":{"line":34,"column":44},"end":{"line":34,"column":195}},"39":{"start":{"line":34,"column":62},"end":{"line":34,"column":166}},"40":{"start":{"line":34,"column":176},"end":{"line":34,"column":193}},"41":{"start":{"line":34,"column":196},"end":{"line":34,"column":207}},"42":{"start":{"line":36,"column":16},"end":{"line":105,"column":2}},"43":{"start":{"line":37,"column":2},"end":{"line":104,"column":4}},"44":{"start":{"line":107,"column":15},"end":{"line":116,"column":1}},"45":{"start":{"line":108,"column":14},"end":{"line":108,"column":24}},"46":{"start":{"line":109,"column":12},"end":{"line":114,"column":4}},"47":{"start":{"line":110,"column":4},"end":{"line":113,"column":7}},"48":{"start":{"line":115,"column":2},"end":{"line":115,"column":13}},"49":{"start":{"line":119,"column":15},"end":{"line":134,"column":1}},"50":{"start":{"line":120,"column":14},"end":{"line":120,"column":25}},"51":{"start":{"line":121,"column":16},"end":{"line":121,"column":29}},"52":{"start":{"line":122,"column":2},"end":{"line":122,"column":36}},"53":{"start":{"line":122,"column":23},"end":{"line":122,"column":36}},"54":{"start":{"line":123,"column":15},"end":{"line":123,"column":36}},"55":{"start":{"line":124,"column":13},"end":{"line":124,"column":25}},"56":{"start":{"line":125,"column":17},"end":{"line":127,"column":4}},"57":{"start":{"line":126,"column":4},"end":{"line":126,"column":34}},"58":{"start":{"line":128,"column":2},"end":{"line":132,"column":5}},"59":{"start":{"line":129,"column":4},"end":{"line":131,"column":7}},"60":{"start":{"line":130,"column":6},"end":{"line":130,"column":84}},"61":{"start":{"line":133,"column":2},"end":{"line":133,"column":18}},"62":{"start":{"line":136,"column":19},"end":{"line":155,"column":1}},"63":{"start":{"line":137,"column":14},"end":{"line":137,"column":39}},"64":{"start":{"line":139,"column":16},"end":{"line":139,"column":18}},"65":{"start":{"line":140,"column":2},"end":{"line":153,"column":5}},"66":{"start":{"line":141,"column":4},"end":{"line":152,"column":7}},"67":{"start":{"line":142,"column":14},"end":{"line":142,"column":15}},"68":{"start":{"line":144,"column":6},"end":{"line":151,"column":7}},"69":{"start":{"line":145,"column":8},"end":{"line":148,"column":9}},"70":{"start":{"line":146,"column":10},"end":{"line":146,"column":26}},"71":{"start":{"line":147,"column":10},"end":{"line":147,"column":14}},"72":{"start":{"line":150,"column":8},"end":{"line":150,"column":24}},"73":{"start":{"line":154,"column":2},"end":{"line":154,"column":15}},"74":{"start":{"line":157,"column":17},"end":{"line":169,"column":1}},"75":{"start":{"line":158,"column":15},"end":{"line":158,"column":85}},"76":{"start":{"line":159,"column":2},"end":{"line":168,"column":5}},"77":{"start":{"line":160,"column":4},"end":{"line":167,"column":9}},"78":{"start":{"line":171,"column":16},"end":{"line":220,"column":1}},"79":{"start":{"line":172,"column":14},"end":{"line":172,"column":25}},"80":{"start":{"line":173,"column":15},"end":{"line":173,"column":27}},"81":{"start":{"line":174,"column":14},"end":{"line":174,"column":25}},"82":{"start":{"line":175,"column":17},"end":{"line":175,"column":31}},"83":{"start":{"line":176,"column":15},"end":{"line":176,"column":27}},"84":{"start":{"line":177,"column":17},"end":{"line":177,"column":31}},"85":{"start":{"line":178,"column":16},"end":{"line":178,"column":27}},"86":{"start":{"line":180,"column":2},"end":{"line":186,"column":3}},"87":{"start":{"line":181,"column":4},"end":{"line":183,"column":7}},"88":{"start":{"line":185,"column":4},"end":{"line":185,"column":14}},"89":{"start":{"line":188,"column":17},"end":{"line":191,"column":3}},"90":{"start":{"line":192,"column":19},"end":{"line":192,"column":21}},"91":{"start":{"line":193,"column":2},"end":{"line":200,"column":5}},"92":{"start":{"line":194,"column":4},"end":{"line":199,"column":5}},"93":{"start":{"line":195,"column":6},"end":{"line":198,"column":9}},"94":{"start":{"line":201,"column":18},"end":{"line":201,"column":41}},"95":{"start":{"line":202,"column":2},"end":{"line":219,"column":71}},"96":{"start":{"line":222,"column":22},"end":{"line":224,"column":1}},"97":{"start":{"line":223,"column":2},"end":{"line":223,"column":15}},"98":{"start":{"line":226,"column":15},"end":{"line":226,"column":73}},"99":{"start":{"line":228,"column":0},"end":{"line":228,"column":30}}},"fnMap":{"0":{"name":"_interopRequireDefault","decl":{"start":{"line":20,"column":9},"end":{"line":20,"column":31}},"loc":{"start":{"line":20,"column":37},"end":{"line":20,"column":97}},"line":20},"1":{"name":"_toConsumableArray","decl":{"start":{"line":22,"column":9},"end":{"line":22,"column":27}},"loc":{"start":{"line":22,"column":33},"end":{"line":22,"column":117}},"line":22},"2":{"name":"_nonIterableSpread","decl":{"start":{"line":24,"column":9},"end":{"line":24,"column":27}},"loc":{"start":{"line":24,"column":30},"end":{"line":24,"column":105}},"line":24},"3":{"name":"_iterableToArray","decl":{"start":{"line":26,"column":9},"end":{"line":26,"column":25}},"loc":{"start":{"line":26,"column":32},"end":{"line":26,"column":162}},"line":26},"4":{"name":"_arrayWithoutHoles","decl":{"start":{"line":28,"column":9},"end":{"line":28,"column":27}},"loc":{"start":{"line":28,"column":33},"end":{"line":28,"column":166}},"line":28},"5":{"name":"ownKeys","decl":{"start":{"line":30,"column":9},"end":{"line":30,"column":16}},"loc":{"start":{"line":30,"column":41},"end":{"line":30,"column":341}},"line":30},"6":{"name":"(anonymous_6)","decl":{"start":{"line":30,"column":208},"end":{"line":30,"column":209}},"loc":{"start":{"line":30,"column":223},"end":{"line":30,"column":290}},"line":30},"7":{"name":"_objectSpread","decl":{"start":{"line":32,"column":9},"end":{"line":32,"column":22}},"loc":{"start":{"line":32,"column":31},"end":{"line":32,"column":518}},"line":32},"8":{"name":"(anonymous_8)","decl":{"start":{"line":32,"column":176},"end":{"line":32,"column":177}},"loc":{"start":{"line":32,"column":191},"end":{"line":32,"column":237}},"line":32},"9":{"name":"(anonymous_9)","decl":{"start":{"line":32,"column":395},"end":{"line":32,"column":396}},"loc":{"start":{"line":32,"column":410},"end":{"line":32,"column":495}},"line":32},"10":{"name":"_defineProperty","decl":{"start":{"line":34,"column":9},"end":{"line":34,"column":24}},"loc":{"start":{"line":34,"column":42},"end":{"line":34,"column":209}},"line":34},"11":{"name":"(anonymous_11)","decl":{"start":{"line":36,"column":38},"end":{"line":36,"column":39}},"loc":{"start":{"line":36,"column":55},"end":{"line":105,"column":1}},"line":36},"12":{"name":"buildRow","decl":{"start":{"line":107,"column":24},"end":{"line":107,"column":32}},"loc":{"start":{"line":107,"column":39},"end":{"line":116,"column":1}},"line":107},"13":{"name":"(anonymous_13)","decl":{"start":{"line":109,"column":22},"end":{"line":109,"column":23}},"loc":{"start":{"line":109,"column":40},"end":{"line":114,"column":3}},"line":109},"14":{"name":"mapTable","decl":{"start":{"line":119,"column":24},"end":{"line":119,"column":32}},"loc":{"start":{"line":119,"column":40},"end":{"line":134,"column":1}},"line":119},"15":{"name":"(anonymous_15)","decl":{"start":{"line":125,"column":27},"end":{"line":125,"column":28}},"loc":{"start":{"line":125,"column":41},"end":{"line":127,"column":3}},"line":125},"16":{"name":"(anonymous_16)","decl":{"start":{"line":128,"column":13},"end":{"line":128,"column":14}},"loc":{"start":{"line":128,"column":35},"end":{"line":132,"column":3}},"line":128},"17":{"name":"(anonymous_17)","decl":{"start":{"line":129,"column":11},"end":{"line":129,"column":12}},"loc":{"start":{"line":129,"column":32},"end":{"line":131,"column":5}},"line":129},"18":{"name":"mapOtherTabe","decl":{"start":{"line":136,"column":28},"end":{"line":136,"column":40}},"loc":{"start":{"line":136,"column":48},"end":{"line":155,"column":1}},"line":136},"19":{"name":"(anonymous_19)","decl":{"start":{"line":140,"column":16},"end":{"line":140,"column":17}},"loc":{"start":{"line":140,"column":40},"end":{"line":153,"column":3}},"line":140},"20":{"name":"(anonymous_20)","decl":{"start":{"line":141,"column":15},"end":{"line":141,"column":16}},"loc":{"start":{"line":141,"column":39},"end":{"line":152,"column":5}},"line":141},"21":{"name":"otherBoard","decl":{"start":{"line":157,"column":26},"end":{"line":157,"column":36}},"loc":{"start":{"line":157,"column":39},"end":{"line":169,"column":1}},"line":157},"22":{"name":"(anonymous_22)","decl":{"start":{"line":159,"column":20},"end":{"line":159,"column":21}},"loc":{"start":{"line":159,"column":37},"end":{"line":168,"column":3}},"line":159},"23":{"name":"BoardMain","decl":{"start":{"line":171,"column":25},"end":{"line":171,"column":34}},"loc":{"start":{"line":171,"column":42},"end":{"line":220,"column":1}},"line":171},"24":{"name":"(anonymous_24)","decl":{"start":{"line":193,"column":30},"end":{"line":193,"column":31}},"loc":{"start":{"line":193,"column":47},"end":{"line":200,"column":3}},"line":193},"25":{"name":"mapStateToProps","decl":{"start":{"line":222,"column":31},"end":{"line":222,"column":46}},"loc":{"start":{"line":222,"column":54},"end":{"line":224,"column":1}},"line":222}},"branchMap":{"0":{"loc":{"start":{"line":20,"column":46},"end":{"line":20,"column":94}},"type":"cond-expr","locations":[{"start":{"line":20,"column":70},"end":{"line":20,"column":73}},{"start":{"line":20,"column":76},"end":{"line":20,"column":94}}],"line":20},"1":{"loc":{"start":{"line":20,"column":46},"end":{"line":20,"column":67}},"type":"binary-expr","locations":[{"start":{"line":20,"column":46},"end":{"line":20,"column":49}},{"start":{"line":20,"column":53},"end":{"line":20,"column":67}}],"line":20},"2":{"loc":{"start":{"line":22,"column":42},"end":{"line":22,"column":114}},"type":"binary-expr","locations":[{"start":{"line":22,"column":42},"end":{"line":22,"column":65}},{"start":{"line":22,"column":69},"end":{"line":22,"column":90}},{"start":{"line":22,"column":94},"end":{"line":22,"column":114}}],"line":22},"3":{"loc":{"start":{"line":26,"column":34},"end":{"line":26,"column":160}},"type":"if","locations":[{"start":{"line":26,"column":34},"end":{"line":26,"column":160}},{"start":{"line":26,"column":34},"end":{"line":26,"column":160}}],"line":26},"4":{"loc":{"start":{"line":26,"column":38},"end":{"line":26,"column":134}},"type":"binary-expr","locations":[{"start":{"line":26,"column":38},"end":{"line":26,"column":69}},{"start":{"line":26,"column":73},"end":{"line":26,"column":134}}],"line":26},"5":{"loc":{"start":{"line":28,"column":35},"end":{"line":28,"column":164}},"type":"if","locations":[{"start":{"line":28,"column":35},"end":{"line":28,"column":164}},{"start":{"line":28,"column":35},"end":{"line":28,"column":164}}],"line":28},"6":{"loc":{"start":{"line":30,"column":75},"end":{"line":30,"column":326}},"type":"if","locations":[{"start":{"line":30,"column":75},"end":{"line":30,"column":326}},{"start":{"line":30,"column":75},"end":{"line":30,"column":326}}],"line":30},"7":{"loc":{"start":{"line":30,"column":163},"end":{"line":30,"column":292}},"type":"if","locations":[{"start":{"line":30,"column":163},"end":{"line":30,"column":292}},{"start":{"line":30,"column":163},"end":{"line":30,"column":292}}],"line":30},"8":{"loc":{"start":{"line":32,"column":91},"end":{"line":32,"column":131}},"type":"cond-expr","locations":[{"start":{"line":32,"column":114},"end":{"line":32,"column":126}},{"start":{"line":32,"column":129},"end":{"line":32,"column":131}}],"line":32},"9":{"loc":{"start":{"line":32,"column":133},"end":{"line":32,"column":499}},"type":"if","locations":[{"start":{"line":32,"column":133},"end":{"line":32,"column":499}},{"start":{"line":32,"column":133},"end":{"line":32,"column":499}}],"line":32},"10":{"loc":{"start":{"line":32,"column":247},"end":{"line":32,"column":499}},"type":"if","locations":[{"start":{"line":32,"column":247},"end":{"line":32,"column":499}},{"start":{"line":32,"column":247},"end":{"line":32,"column":499}}],"line":32},"11":{"loc":{"start":{"line":34,"column":44},"end":{"line":34,"column":195}},"type":"if","locations":[{"start":{"line":34,"column":44},"end":{"line":34,"column":195}},{"start":{"line":34,"column":44},"end":{"line":34,"column":195}}],"line":34},"12":{"loc":{"start":{"line":122,"column":2},"end":{"line":122,"column":36}},"type":"if","locations":[{"start":{"line":122,"column":2},"end":{"line":122,"column":36}},{"start":{"line":122,"column":2},"end":{"line":122,"column":36}}],"line":122},"13":{"loc":{"start":{"line":130,"column":41},"end":{"line":130,"column":83}},"type":"cond-expr","locations":[{"start":{"line":130,"column":46},"end":{"line":130,"column":48}},{"start":{"line":130,"column":51},"end":{"line":130,"column":83}}],"line":130},"14":{"loc":{"start":{"line":144,"column":6},"end":{"line":151,"column":7}},"type":"if","locations":[{"start":{"line":144,"column":6},"end":{"line":151,"column":7}},{"start":{"line":144,"column":6},"end":{"line":151,"column":7}}],"line":144},"15":{"loc":{"start":{"line":144,"column":10},"end":{"line":144,"column":42}},"type":"binary-expr","locations":[{"start":{"line":144,"column":10},"end":{"line":144,"column":18}},{"start":{"line":144,"column":22},"end":{"line":144,"column":42}}],"line":144},"16":{"loc":{"start":{"line":158,"column":15},"end":{"line":158,"column":85}},"type":"cond-expr","locations":[{"start":{"line":158,"column":68},"end":{"line":158,"column":80}},{"start":{"line":158,"column":83},"end":{"line":158,"column":85}}],"line":158},"17":{"loc":{"start":{"line":158,"column":15},"end":{"line":158,"column":65}},"type":"binary-expr","locations":[{"start":{"line":158,"column":15},"end":{"line":158,"column":35}},{"start":{"line":158,"column":39},"end":{"line":158,"column":65}}],"line":158},"18":{"loc":{"start":{"line":164,"column":33},"end":{"line":164,"column":60}},"type":"cond-expr","locations":[{"start":{"line":164,"column":47},"end":{"line":164,"column":55}},{"start":{"line":164,"column":58},"end":{"line":164,"column":60}}],"line":164},"19":{"loc":{"start":{"line":180,"column":2},"end":{"line":186,"column":3}},"type":"if","locations":[{"start":{"line":180,"column":2},"end":{"line":186,"column":3}},{"start":{"line":180,"column":2},"end":{"line":186,"column":3}}],"line":180},"20":{"loc":{"start":{"line":180,"column":6},"end":{"line":180,"column":34}},"type":"binary-expr","locations":[{"start":{"line":180,"column":6},"end":{"line":180,"column":13}},{"start":{"line":180,"column":17},"end":{"line":180,"column":34}}],"line":180},"21":{"loc":{"start":{"line":194,"column":4},"end":{"line":199,"column":5}},"type":"if","locations":[{"start":{"line":194,"column":4},"end":{"line":199,"column":5}},{"start":{"line":194,"column":4},"end":{"line":199,"column":5}}],"line":194},"22":{"loc":{"start":{"line":209,"column":5},"end":{"line":209,"column":63}},"type":"cond-expr","locations":[{"start":{"line":209,"column":37},"end":{"line":209,"column":58}},{"start":{"line":209,"column":61},"end":{"line":209,"column":63}}],"line":209},"23":{"loc":{"start":{"line":209,"column":5},"end":{"line":209,"column":34}},"type":"binary-expr","locations":[{"start":{"line":209,"column":5},"end":{"line":209,"column":14}},{"start":{"line":209,"column":18},"end":{"line":209,"column":34}}],"line":209},"24":{"loc":{"start":{"line":213,"column":35},"end":{"line":213,"column":65}},"type":"cond-expr","locations":[{"start":{"line":213,"column":52},"end":{"line":213,"column":60}},{"start":{"line":213,"column":63},"end":{"line":213,"column":65}}],"line":213},"25":{"loc":{"start":{"line":219,"column":5},"end":{"line":219,"column":66}},"type":"cond-expr","locations":[{"start":{"line":219,"column":39},"end":{"line":219,"column":61}},{"start":{"line":219,"column":64},"end":{"line":219,"column":66}}],"line":219},"26":{"loc":{"start":{"line":219,"column":5},"end":{"line":219,"column":36}},"type":"binary-expr","locations":[{"start":{"line":219,"column":5},"end":{"line":219,"column":15}},{"start":{"line":219,"column":19},"end":{"line":219,"column":36}}],"line":219}},"s":{"0":1,"1":1,"2":1,"3":1,"4":1,"5":1,"6":1,"7":1,"8":3,"9":0,"10":0,"11":0,"12":0,"13":0,"14":0,"15":0,"16":0,"17":0,"18":0,"19":0,"20":0,"21":0,"22":0,"23":0,"24":0,"25":0,"26":0,"27":0,"28":0,"29":0,"30":0,"31":0,"32":0,"33":0,"34":0,"35":0,"36":0,"37":0,"38":0,"39":0,"40":0,"41":0,"42":1,"43":0,"44":1,"45":0,"46":0,"47":0,"48":0,"49":1,"50":0,"51":0,"52":0,"53":0,"54":0,"55":0,"56":0,"57":0,"58":0,"59":0,"60":0,"61":0,"62":1,"63":0,"64":0,"65":0,"66":0,"67":0,"68":0,"69":0,"70":0,"71":0,"72":0,"73":0,"74":1,"75":0,"76":0,"77":0,"78":1,"79":0,"80":0,"81":0,"82":0,"83":0,"84":0,"85":0,"86":0,"87":0,"88":0,"89":0,"90":0,"91":0,"92":0,"93":0,"94":0,"95":0,"96":1,"97":0,"98":1,"99":1},"f":{"0":3,"1":0,"2":0,"3":0,"4":0,"5":0,"6":0,"7":0,"8":0,"9":0,"10":0,"11":0,"12":0,"13":0,"14":0,"15":0,"16":0,"17":0,"18":0,"19":0,"20":0,"21":0,"22":0,"23":0,"24":0,"25":0},"b":{"0":[2,1],"1":[3,3],"2":[0,0,0],"3":[0,0],"4":[0,0],"5":[0,0],"6":[0,0],"7":[0,0],"8":[0,0],"9":[0,0],"10":[0,0],"11":[0,0],"12":[0,0],"13":[0,0],"14":[0,0],"15":[0,0],"16":[0,0],"17":[0,0],"18":[0,0],"19":[0,0],"20":[0,0],"21":[0,0],"22":[0,0],"23":[0,0],"24":[0,0],"25":[0,0],"26":[0,0]},"_coverageSchema":"43e27e138ebf9cfc5966b082cf9a028302ed4184","hash":"4669cacbcca180f744cfe8107ba479421ca03e4a","contentHash":"aed2c0fc211ab32f480447f18463f485da7ad4e6a1cda64ede1f77cf5de01ac6"},"/Users/opokusyn/rtetris/src/client/components/Row/index.js":{"path":"/Users/opokusyn/rtetris/src/client/components/Row/index.js","statementMap":{"0":{"start":{"line":3,"column":0},"end":{"line":5,"column":3}},"1":{"start":{"line":6,"column":0},"end":{"line":6,"column":21}},"2":{"start":{"line":8,"column":13},"end":{"line":8,"column":53}},"3":{"start":{"line":10,"column":16},"end":{"line":10,"column":76}},"4":{"start":{"line":12,"column":39},"end":{"line":12,"column":95}},"5":{"start":{"line":14,"column":17},"end":{"line":25,"column":1}},"6":{"start":{"line":15,"column":14},"end":{"line":23,"column":4}},"7":{"start":{"line":16,"column":4},"end":{"line":22,"column":7}},"8":{"start":{"line":24,"column":2},"end":{"line":24,"column":15}},"9":{"start":{"line":27,"column":10},"end":{"line":32,"column":1}},"10":{"start":{"line":28,"column":12},"end":{"line":28,"column":20}},"11":{"start":{"line":29,"column":2},"end":{"line":31,"column":22}},"12":{"start":{"line":34,"column":0},"end":{"line":34,"column":18}}},"fnMap":{"0":{"name":"_interopRequireDefault","decl":{"start":{"line":12,"column":9},"end":{"line":12,"column":31}},"loc":{"start":{"line":12,"column":37},"end":{"line":12,"column":97}},"line":12},"1":{"name":"createCell","decl":{"start":{"line":14,"column":26},"end":{"line":14,"column":36}},"loc":{"start":{"line":14,"column":42},"end":{"line":25,"column":1}},"line":14},"2":{"name":"(anonymous_2)","decl":{"start":{"line":15,"column":22},"end":{"line":15,"column":23}},"loc":{"start":{"line":15,"column":40},"end":{"line":23,"column":3}},"line":15},"3":{"name":"Row","decl":{"start":{"line":27,"column":19},"end":{"line":27,"column":22}},"loc":{"start":{"line":27,"column":29},"end":{"line":32,"column":1}},"line":27}},"branchMap":{"0":{"loc":{"start":{"line":12,"column":46},"end":{"line":12,"column":94}},"type":"cond-expr","locations":[{"start":{"line":12,"column":70},"end":{"line":12,"column":73}},{"start":{"line":12,"column":76},"end":{"line":12,"column":94}}],"line":12},"1":{"loc":{"start":{"line":12,"column":46},"end":{"line":12,"column":67}},"type":"binary-expr","locations":[{"start":{"line":12,"column":46},"end":{"line":12,"column":49}},{"start":{"line":12,"column":53},"end":{"line":12,"column":67}}],"line":12}},"s":{"0":1,"1":1,"2":1,"3":1,"4":2,"5":1,"6":0,"7":0,"8":0,"9":1,"10":0,"11":0,"12":1},"f":{"0":2,"1":0,"2":0,"3":0},"b":{"0":[1,1],"1":[2,2]},"_coverageSchema":"43e27e138ebf9cfc5966b082cf9a028302ed4184","hash":"014cd4913357a7214f879275ca3eb6a4c251121d","contentHash":"98c48ed181391baee663c4f5fc08954911c407e4431fb5481d345339deb19151"},"/Users/opokusyn/rtetris/src/client/utils/socket.js":{"path":"/Users/opokusyn/rtetris/src/client/utils/socket.js","statementMap":{"0":{"start":{"line":3,"column":0},"end":{"line":5,"column":3}},"1":{"start":{"line":6,"column":0},"end":{"line":6,"column":28}},"2":{"start":{"line":8,"column":14},"end":{"line":8,"column":65}},"3":{"start":{"line":10,"column":12},"end":{"line":10,"column":38}},"4":{"start":{"line":12,"column":13},"end":{"line":12,"column":40}},"5":{"start":{"line":14,"column":14},"end":{"line":14,"column":33}},"6":{"start":{"line":16,"column":12},"end":{"line":16,"column":38}},"7":{"start":{"line":18,"column":22},"end":{"line":18,"column":58}},"8":{"start":{"line":20,"column":18},"end":{"line":20,"column":50}},"9":{"start":{"line":22,"column":19},"end":{"line":22,"column":52}},"10":{"start":{"line":24,"column":18},"end":{"line":24,"column":50}},"11":{"start":{"line":26,"column":12},"end":{"line":26,"column":38}},"12":{"start":{"line":28,"column":13},"end":{"line":28,"column":56}},"13":{"start":{"line":30,"column":18},"end":{"line":30,"column":50}},"14":{"start":{"line":32,"column":40},"end":{"line":32,"column":473}},"15":{"start":{"line":32,"column":69},"end":{"line":32,"column":80}},"16":{"start":{"line":32,"column":103},"end":{"line":32,"column":105}},"17":{"start":{"line":32,"column":107},"end":{"line":32,"column":431}},"18":{"start":{"line":32,"column":126},"end":{"line":32,"column":429}},"19":{"start":{"line":32,"column":149},"end":{"line":32,"column":427}},"20":{"start":{"line":32,"column":214},"end":{"line":32,"column":319}},"21":{"start":{"line":32,"column":321},"end":{"line":32,"column":425}},"22":{"start":{"line":32,"column":349},"end":{"line":32,"column":390}},"23":{"start":{"line":32,"column":400},"end":{"line":32,"column":423}},"24":{"start":{"line":32,"column":432},"end":{"line":32,"column":456}},"25":{"start":{"line":32,"column":457},"end":{"line":32,"column":471}},"26":{"start":{"line":34,"column":39},"end":{"line":34,"column":95}},"27":{"start":{"line":36,"column":13},"end":{"line":36,"column":61}},"28":{"start":{"line":37,"column":0},"end":{"line":40,"column":3}},"29":{"start":{"line":38,"column":2},"end":{"line":38,"column":30}},"30":{"start":{"line":39,"column":2},"end":{"line":39,"column":30}},"31":{"start":{"line":41,"column":0},"end":{"line":43,"column":3}},"32":{"start":{"line":42,"column":2},"end":{"line":42,"column":58}},"33":{"start":{"line":44,"column":0},"end":{"line":48,"column":3}},"34":{"start":{"line":45,"column":2},"end":{"line":45,"column":58}},"35":{"start":{"line":46,"column":2},"end":{"line":46,"column":30}},"36":{"start":{"line":47,"column":2},"end":{"line":47,"column":30}},"37":{"start":{"line":49,"column":0},"end":{"line":133,"column":3}},"38":{"start":{"line":50,"column":2},"end":{"line":132,"column":3}},"39":{"start":{"line":52,"column":6},"end":{"line":52,"column":61}},"40":{"start":{"line":54,"column":6},"end":{"line":54,"column":12}},"41":{"start":{"line":57,"column":6},"end":{"line":57,"column":64}},"42":{"start":{"line":59,"column":6},"end":{"line":59,"column":12}},"43":{"start":{"line":62,"column":6},"end":{"line":62,"column":51}},"44":{"start":{"line":63,"column":6},"end":{"line":63,"column":56}},"45":{"start":{"line":65,"column":6},"end":{"line":70,"column":10}},"46":{"start":{"line":72,"column":6},"end":{"line":72,"column":12}},"47":{"start":{"line":75,"column":6},"end":{"line":75,"column":85}},"48":{"start":{"line":77,"column":6},"end":{"line":77,"column":12}},"49":{"start":{"line":80,"column":6},"end":{"line":80,"column":73}},"50":{"start":{"line":82,"column":6},"end":{"line":82,"column":12}},"51":{"start":{"line":85,"column":6},"end":{"line":85,"column":82}},"52":{"start":{"line":87,"column":6},"end":{"line":87,"column":12}},"53":{"start":{"line":90,"column":6},"end":{"line":90,"column":76}},"54":{"start":{"line":92,"column":6},"end":{"line":92,"column":12}},"55":{"start":{"line":95,"column":6},"end":{"line":95,"column":77}},"56":{"start":{"line":97,"column":6},"end":{"line":97,"column":12}},"57":{"start":{"line":100,"column":6},"end":{"line":102,"column":10}},"58":{"start":{"line":104,"column":6},"end":{"line":104,"column":12}},"59":{"start":{"line":107,"column":6},"end":{"line":107,"column":59}},"60":{"start":{"line":109,"column":6},"end":{"line":109,"column":75}},"61":{"start":{"line":111,"column":6},"end":{"line":111,"column":12}},"62":{"start":{"line":114,"column":6},"end":{"line":114,"column":66}},"63":{"start":{"line":116,"column":6},"end":{"line":116,"column":12}},"64":{"start":{"line":119,"column":6},"end":{"line":119,"column":73}},"65":{"start":{"line":121,"column":6},"end":{"line":121,"column":12}},"66":{"start":{"line":124,"column":6},"end":{"line":124,"column":70}},"67":{"start":{"line":126,"column":6},"end":{"line":126,"column":12}},"68":{"start":{"line":129,"column":6},"end":{"line":129,"column":97}},"69":{"start":{"line":131,"column":6},"end":{"line":131,"column":12}},"70":{"start":{"line":134,"column":0},"end":{"line":134,"column":41}},"71":{"start":{"line":135,"column":15},"end":{"line":135,"column":21}},"72":{"start":{"line":136,"column":0},"end":{"line":136,"column":30}}},"fnMap":{"0":{"name":"_interopRequireWildcard","decl":{"start":{"line":32,"column":9},"end":{"line":32,"column":32}},"loc":{"start":{"line":32,"column":38},"end":{"line":32,"column":475}},"line":32},"1":{"name":"_interopRequireDefault","decl":{"start":{"line":34,"column":9},"end":{"line":34,"column":31}},"loc":{"start":{"line":34,"column":37},"end":{"line":34,"column":97}},"line":34},"2":{"name":"(anonymous_2)","decl":{"start":{"line":37,"column":24},"end":{"line":37,"column":25}},"loc":{"start":{"line":37,"column":36},"end":{"line":40,"column":1}},"line":37},"3":{"name":"(anonymous_3)","decl":{"start":{"line":41,"column":23},"end":{"line":41,"column":24}},"loc":{"start":{"line":41,"column":35},"end":{"line":43,"column":1}},"line":41},"4":{"name":"(anonymous_4)","decl":{"start":{"line":44,"column":21},"end":{"line":44,"column":22}},"loc":{"start":{"line":44,"column":33},"end":{"line":48,"column":1}},"line":44},"5":{"name":"(anonymous_5)","decl":{"start":{"line":49,"column":20},"end":{"line":49,"column":21}},"loc":{"start":{"line":49,"column":36},"end":{"line":133,"column":1}},"line":49},"6":{"name":"(anonymous_6)","decl":{"start":{"line":134,"column":21},"end":{"line":134,"column":22}},"loc":{"start":{"line":134,"column":37},"end":{"line":134,"column":39}},"line":134}},"branchMap":{"0":{"loc":{"start":{"line":32,"column":40},"end":{"line":32,"column":473}},"type":"if","locations":[{"start":{"line":32,"column":40},"end":{"line":32,"column":473}},{"start":{"line":32,"column":40},"end":{"line":32,"column":473}}],"line":32},"1":{"loc":{"start":{"line":32,"column":44},"end":{"line":32,"column":65}},"type":"binary-expr","locations":[{"start":{"line":32,"column":44},"end":{"line":32,"column":47}},{"start":{"line":32,"column":51},"end":{"line":32,"column":65}}],"line":32},"2":{"loc":{"start":{"line":32,"column":107},"end":{"line":32,"column":431}},"type":"if","locations":[{"start":{"line":32,"column":107},"end":{"line":32,"column":431}},{"start":{"line":32,"column":107},"end":{"line":32,"column":431}}],"line":32},"3":{"loc":{"start":{"line":32,"column":149},"end":{"line":32,"column":427}},"type":"if","locations":[{"start":{"line":32,"column":149},"end":{"line":32,"column":427}},{"start":{"line":32,"column":149},"end":{"line":32,"column":427}}],"line":32},"4":{"loc":{"start":{"line":32,"column":214},"end":{"line":32,"column":319}},"type":"cond-expr","locations":[{"start":{"line":32,"column":273},"end":{"line":32,"column":314}},{"start":{"line":32,"column":317},"end":{"line":32,"column":319}}],"line":32},"5":{"loc":{"start":{"line":32,"column":214},"end":{"line":32,"column":270}},"type":"binary-expr","locations":[{"start":{"line":32,"column":214},"end":{"line":32,"column":235}},{"start":{"line":32,"column":239},"end":{"line":32,"column":270}}],"line":32},"6":{"loc":{"start":{"line":32,"column":321},"end":{"line":32,"column":425}},"type":"if","locations":[{"start":{"line":32,"column":321},"end":{"line":32,"column":425}},{"start":{"line":32,"column":321},"end":{"line":32,"column":425}}],"line":32},"7":{"loc":{"start":{"line":32,"column":325},"end":{"line":32,"column":345}},"type":"binary-expr","locations":[{"start":{"line":32,"column":325},"end":{"line":32,"column":333}},{"start":{"line":32,"column":337},"end":{"line":32,"column":345}}],"line":32},"8":{"loc":{"start":{"line":34,"column":46},"end":{"line":34,"column":94}},"type":"cond-expr","locations":[{"start":{"line":34,"column":70},"end":{"line":34,"column":73}},{"start":{"line":34,"column":76},"end":{"line":34,"column":94}}],"line":34},"9":{"loc":{"start":{"line":34,"column":46},"end":{"line":34,"column":67}},"type":"binary-expr","locations":[{"start":{"line":34,"column":46},"end":{"line":34,"column":49}},{"start":{"line":34,"column":53},"end":{"line":34,"column":67}}],"line":34},"10":{"loc":{"start":{"line":50,"column":2},"end":{"line":132,"column":3}},"type":"switch","locations":[{"start":{"line":51,"column":4},"end":{"line":54,"column":12}},{"start":{"line":56,"column":4},"end":{"line":59,"column":12}},{"start":{"line":61,"column":4},"end":{"line":72,"column":12}},{"start":{"line":74,"column":4},"end":{"line":77,"column":12}},{"start":{"line":79,"column":4},"end":{"line":82,"column":12}},{"start":{"line":84,"column":4},"end":{"line":87,"column":12}},{"start":{"line":89,"column":4},"end":{"line":92,"column":12}},{"start":{"line":94,"column":4},"end":{"line":97,"column":12}},{"start":{"line":99,"column":4},"end":{"line":104,"column":12}},{"start":{"line":106,"column":4},"end":{"line":111,"column":12}},{"start":{"line":113,"column":4},"end":{"line":116,"column":12}},{"start":{"line":118,"column":4},"end":{"line":121,"column":12}},{"start":{"line":123,"column":4},"end":{"line":126,"column":12}},{"start":{"line":128,"column":4},"end":{"line":131,"column":12}}],"line":50}},"s":{"0":1,"1":1,"2":1,"3":1,"4":1,"5":1,"6":1,"7":1,"8":1,"9":1,"10":1,"11":1,"12":1,"13":1,"14":1,"15":1,"16":0,"17":0,"18":0,"19":0,"20":0,"21":0,"22":0,"23":0,"24":0,"25":0,"26":1,"27":1,"28":1,"29":0,"30":0,"31":1,"32":0,"33":1,"34":0,"35":0,"36":0,"37":1,"38":0,"39":0,"40":0,"41":0,"42":0,"43":0,"44":0,"45":0,"46":0,"47":0,"48":0,"49":0,"50":0,"51":0,"52":0,"53":0,"54":0,"55":0,"56":0,"57":0,"58":0,"59":0,"60":0,"61":0,"62":0,"63":0,"64":0,"65":0,"66":0,"67":0,"68":0,"69":0,"70":1,"71":1,"72":1},"f":{"0":1,"1":1,"2":0,"3":0,"4":0,"5":0,"6":0},"b":{"0":[1,0],"1":[1,1],"2":[0,0],"3":[0,0],"4":[0,0],"5":[0,0],"6":[0,0],"7":[0,0],"8":[0,1],"9":[1,1],"10":[0,0,0,0,0,0,0,0,0,0,0,0,0,0]},"_coverageSchema":"43e27e138ebf9cfc5966b082cf9a028302ed4184","hash":"a577a07163edc425179eecc73b7642b617a7050b","contentHash":"78637e44cb2a3bd734adcc67e4e0c9e6df4c341a3363e2d5019c31e7e0d12420"},"/Users/opokusyn/rtetris/src/client/utils/cookie.js":{"path":"/Users/opokusyn/rtetris/src/client/utils/cookie.js","statementMap":{"0":{"start":{"line":3,"column":0},"end":{"line":8,"column":2}},"1":{"start":{"line":4,"column":10},"end":{"line":4,"column":20}},"2":{"start":{"line":5,"column":2},"end":{"line":5,"column":47}},"3":{"start":{"line":6,"column":16},"end":{"line":6,"column":44}},"4":{"start":{"line":7,"column":2},"end":{"line":7,"column":69}},"5":{"start":{"line":10,"column":0},"end":{"line":28,"column":2}},"6":{"start":{"line":11,"column":13},"end":{"line":11,"column":24}},"7":{"start":{"line":12,"column":22},"end":{"line":12,"column":57}},"8":{"start":{"line":13,"column":11},"end":{"line":13,"column":35}},"9":{"start":{"line":15,"column":2},"end":{"line":25,"column":3}},"10":{"start":{"line":15,"column":15},"end":{"line":15,"column":16}},"11":{"start":{"line":16,"column":12},"end":{"line":16,"column":17}},"12":{"start":{"line":18,"column":4},"end":{"line":20,"column":5}},"13":{"start":{"line":19,"column":6},"end":{"line":19,"column":25}},"14":{"start":{"line":22,"column":4},"end":{"line":24,"column":5}},"15":{"start":{"line":23,"column":6},"end":{"line":23,"column":48}},"16":{"start":{"line":27,"column":2},"end":{"line":27,"column":12}},"17":{"start":{"line":30,"column":0},"end":{"line":57,"column":2}},"18":{"start":{"line":31,"column":18},"end":{"line":49,"column":3}},"19":{"start":{"line":32,"column":15},"end":{"line":32,"column":26}},"20":{"start":{"line":33,"column":24},"end":{"line":33,"column":59}},"21":{"start":{"line":34,"column":13},"end":{"line":34,"column":37}},"22":{"start":{"line":36,"column":4},"end":{"line":46,"column":5}},"23":{"start":{"line":36,"column":17},"end":{"line":36,"column":18}},"24":{"start":{"line":37,"column":14},"end":{"line":37,"column":19}},"25":{"start":{"line":39,"column":6},"end":{"line":41,"column":7}},"26":{"start":{"line":40,"column":8},"end":{"line":40,"column":27}},"27":{"start":{"line":43,"column":6},"end":{"line":45,"column":7}},"28":{"start":{"line":44,"column":8},"end":{"line":44,"column":50}},"29":{"start":{"line":48,"column":4},"end":{"line":48,"column":14}},"30":{"start":{"line":51,"column":13},"end":{"line":51,"column":30}},"31":{"start":{"line":52,"column":13},"end":{"line":52,"column":34}},"32":{"start":{"line":53,"column":2},"end":{"line":56,"column":4}}},"fnMap":{"0":{"name":"(anonymous_0)","decl":{"start":{"line":3,"column":20},"end":{"line":3,"column":21}},"loc":{"start":{"line":3,"column":49},"end":{"line":8,"column":1}},"line":3},"1":{"name":"(anonymous_1)","decl":{"start":{"line":10,"column":20},"end":{"line":10,"column":21}},"loc":{"start":{"line":10,"column":37},"end":{"line":28,"column":1}},"line":10},"2":{"name":"(anonymous_2)","decl":{"start":{"line":30,"column":23},"end":{"line":30,"column":24}},"loc":{"start":{"line":30,"column":35},"end":{"line":57,"column":1}},"line":30},"3":{"name":"getCookie","decl":{"start":{"line":31,"column":27},"end":{"line":31,"column":36}},"loc":{"start":{"line":31,"column":44},"end":{"line":49,"column":3}},"line":31}},"branchMap":{"0":{"loc":{"start":{"line":22,"column":4},"end":{"line":24,"column":5}},"type":"if","locations":[{"start":{"line":22,"column":4},"end":{"line":24,"column":5}},{"start":{"line":22,"column":4},"end":{"line":24,"column":5}}],"line":22},"1":{"loc":{"start":{"line":43,"column":6},"end":{"line":45,"column":7}},"type":"if","locations":[{"start":{"line":43,"column":6},"end":{"line":45,"column":7}},{"start":{"line":43,"column":6},"end":{"line":45,"column":7}}],"line":43}},"s":{"0":1,"1":0,"2":0,"3":0,"4":0,"5":1,"6":2,"7":2,"8":2,"9":2,"10":2,"11":2,"12":2,"13":0,"14":2,"15":0,"16":2,"17":1,"18":0,"19":0,"20":0,"21":0,"22":0,"23":0,"24":0,"25":0,"26":0,"27":0,"28":0,"29":0,"30":0,"31":0,"32":0},"f":{"0":0,"1":2,"2":0,"3":0},"b":{"0":[0,2],"1":[0,0]},"_coverageSchema":"43e27e138ebf9cfc5966b082cf9a028302ed4184","hash":"dfb7c96ca5792ed3bb35650b726b02c795ef45a8","contentHash":"6bc7613df026e0e2e7528b1460b236f2d7b7c0df6482dd36ed8caab5a0d05f81"},"/Users/opokusyn/rtetris/src/client/actions/sessionInit.js":{"path":"/Users/opokusyn/rtetris/src/client/actions/sessionInit.js","statementMap":{"0":{"start":{"line":3,"column":0},"end":{"line":5,"column":3}},"1":{"start":{"line":6,"column":0},"end":{"line":6,"column":52}},"2":{"start":{"line":7,"column":19},"end":{"line":7,"column":33}},"3":{"start":{"line":8,"column":0},"end":{"line":8,"column":36}},"4":{"start":{"line":10,"column":18},"end":{"line":15,"column":1}},"5":{"start":{"line":11,"column":2},"end":{"line":14,"column":4}},"6":{"start":{"line":17,"column":0},"end":{"line":17,"column":34}}},"fnMap":{"0":{"name":"sessionInit","decl":{"start":{"line":10,"column":27},"end":{"line":10,"column":38}},"loc":{"start":{"line":10,"column":52},"end":{"line":15,"column":1}},"line":10}},"branchMap":{},"s":{"0":1,"1":1,"2":1,"3":1,"4":1,"5":0,"6":1},"f":{"0":0},"b":{},"_coverageSchema":"43e27e138ebf9cfc5966b082cf9a028302ed4184","hash":"fd4f7e23906f4c72fce1636001a1595c9ae7fd94","contentHash":"42fd2fc62fccca7d633663989b793ed9106e1e8dc15e68650094c11bf0736bcd"},"/Users/opokusyn/rtetris/src/client/actions/user.js":{"path":"/Users/opokusyn/rtetris/src/client/actions/user.js","statementMap":{"0":{"start":{"line":3,"column":0},"end":{"line":5,"column":3}},"1":{"start":{"line":6,"column":0},"end":{"line":6,"column":43}},"2":{"start":{"line":7,"column":16},"end":{"line":7,"column":27}},"3":{"start":{"line":8,"column":0},"end":{"line":8,"column":30}},"4":{"start":{"line":10,"column":12},"end":{"line":15,"column":1}},"5":{"start":{"line":11,"column":2},"end":{"line":14,"column":4}},"6":{"start":{"line":17,"column":0},"end":{"line":17,"column":22}}},"fnMap":{"0":{"name":"users","decl":{"start":{"line":10,"column":21},"end":{"line":10,"column":26}},"loc":{"start":{"line":10,"column":35},"end":{"line":15,"column":1}},"line":10}},"branchMap":{},"s":{"0":1,"1":1,"2":1,"3":1,"4":1,"5":0,"6":1},"f":{"0":0},"b":{},"_coverageSchema":"43e27e138ebf9cfc5966b082cf9a028302ed4184","hash":"181f6f4262e1d7f4b45dc4f06c8c132df2ee73ac","contentHash":"55781ca5da3d75459a1652dd7375f063336debaba827d7c612b389175727fd70"},"/Users/opokusyn/rtetris/src/client/utils/store.js":{"path":"/Users/opokusyn/rtetris/src/client/utils/store.js","statementMap":{"0":{"start":{"line":3,"column":0},"end":{"line":5,"column":3}},"1":{"start":{"line":6,"column":0},"end":{"line":6,"column":54}},"2":{"start":{"line":8,"column":14},"end":{"line":8,"column":57}},"3":{"start":{"line":10,"column":16},"end":{"line":10,"column":73}},"4":{"start":{"line":12,"column":13},"end":{"line":12,"column":29}},"5":{"start":{"line":14,"column":13},"end":{"line":14,"column":65}},"6":{"start":{"line":16,"column":18},"end":{"line":16,"column":64}},"7":{"start":{"line":18,"column":19},"end":{"line":18,"column":66}},"8":{"start":{"line":20,"column":39},"end":{"line":20,"column":95}},"9":{"start":{"line":22,"column":54},"end":{"line":22,"column":73}},"10":{"start":{"line":22,"column":75},"end":{"line":22,"column":326}},"11":{"start":{"line":22,"column":125},"end":{"line":22,"column":161}},"12":{"start":{"line":22,"column":163},"end":{"line":22,"column":292}},"13":{"start":{"line":22,"column":183},"end":{"line":22,"column":292}},"14":{"start":{"line":22,"column":225},"end":{"line":22,"column":288}},"15":{"start":{"line":22,"column":293},"end":{"line":22,"column":324}},"16":{"start":{"line":22,"column":327},"end":{"line":22,"column":339}},"17":{"start":{"line":24,"column":33},"end":{"line":24,"column":501}},"18":{"start":{"line":24,"column":46},"end":{"line":24,"column":47}},"19":{"start":{"line":24,"column":91},"end":{"line":24,"column":131}},"20":{"start":{"line":24,"column":133},"end":{"line":24,"column":499}},"21":{"start":{"line":24,"column":146},"end":{"line":24,"column":239}},"22":{"start":{"line":24,"column":193},"end":{"line":24,"column":235}},"23":{"start":{"line":24,"column":247},"end":{"line":24,"column":499}},"24":{"start":{"line":24,"column":287},"end":{"line":24,"column":361}},"25":{"start":{"line":24,"column":371},"end":{"line":24,"column":497}},"26":{"start":{"line":24,"column":412},"end":{"line":24,"column":493}},"27":{"start":{"line":24,"column":502},"end":{"line":24,"column":516}},"28":{"start":{"line":26,"column":44},"end":{"line":26,"column":195}},"29":{"start":{"line":26,"column":62},"end":{"line":26,"column":166}},"30":{"start":{"line":26,"column":176},"end":{"line":26,"column":193}},"31":{"start":{"line":26,"column":196},"end":{"line":26,"column":207}},"32":{"start":{"line":28,"column":19},"end":{"line":52,"column":1}},"33":{"start":{"line":29,"column":13},"end":{"line":29,"column":20}},"34":{"start":{"line":30,"column":19},"end":{"line":30,"column":24}},"35":{"start":{"line":32,"column":17},"end":{"line":32,"column":53}},"36":{"start":{"line":34,"column":17},"end":{"line":34,"column":57}},"37":{"start":{"line":36,"column":2},"end":{"line":39,"column":3}},"38":{"start":{"line":37,"column":4},"end":{"line":37,"column":22}},"39":{"start":{"line":38,"column":4},"end":{"line":38,"column":22}},"40":{"start":{"line":41,"column":2},"end":{"line":44,"column":3}},"41":{"start":{"line":42,"column":4},"end":{"line":42,"column":22}},"42":{"start":{"line":43,"column":4},"end":{"line":43,"column":22}},"43":{"start":{"line":46,"column":2},"end":{"line":51,"column":4}},"44":{"start":{"line":54,"column":22},"end":{"line":68,"column":1}},"45":{"start":{"line":55,"column":2},"end":{"line":67,"column":5}},"46":{"start":{"line":70,"column":0},"end":{"line":70,"column":42}},"47":{"start":{"line":71,"column":23},"end":{"line":72,"column":14}},"48":{"start":{"line":73,"column":12},"end":{"line":73,"column":144}},"49":{"start":{"line":74,"column":15},"end":{"line":74,"column":20}},"50":{"start":{"line":75,"column":0},"end":{"line":75,"column":30}}},"fnMap":{"0":{"name":"_interopRequireDefault","decl":{"start":{"line":20,"column":9},"end":{"line":20,"column":31}},"loc":{"start":{"line":20,"column":37},"end":{"line":20,"column":97}},"line":20},"1":{"name":"ownKeys","decl":{"start":{"line":22,"column":9},"end":{"line":22,"column":16}},"loc":{"start":{"line":22,"column":41},"end":{"line":22,"column":341}},"line":22},"2":{"name":"(anonymous_2)","decl":{"start":{"line":22,"column":208},"end":{"line":22,"column":209}},"loc":{"start":{"line":22,"column":223},"end":{"line":22,"column":290}},"line":22},"3":{"name":"_objectSpread","decl":{"start":{"line":24,"column":9},"end":{"line":24,"column":22}},"loc":{"start":{"line":24,"column":31},"end":{"line":24,"column":518}},"line":24},"4":{"name":"(anonymous_4)","decl":{"start":{"line":24,"column":176},"end":{"line":24,"column":177}},"loc":{"start":{"line":24,"column":191},"end":{"line":24,"column":237}},"line":24},"5":{"name":"(anonymous_5)","decl":{"start":{"line":24,"column":395},"end":{"line":24,"column":396}},"loc":{"start":{"line":24,"column":410},"end":{"line":24,"column":495}},"line":24},"6":{"name":"_defineProperty","decl":{"start":{"line":26,"column":9},"end":{"line":26,"column":24}},"loc":{"start":{"line":26,"column":42},"end":{"line":26,"column":209}},"line":26},"7":{"name":"geUserStatus","decl":{"start":{"line":28,"column":28},"end":{"line":28,"column":40}},"loc":{"start":{"line":28,"column":43},"end":{"line":52,"column":1}},"line":28},"8":{"name":"getInitialState","decl":{"start":{"line":54,"column":31},"end":{"line":54,"column":46}},"loc":{"start":{"line":54,"column":49},"end":{"line":68,"column":1}},"line":54}},"branchMap":{"0":{"loc":{"start":{"line":20,"column":46},"end":{"line":20,"column":94}},"type":"cond-expr","locations":[{"start":{"line":20,"column":70},"end":{"line":20,"column":73}},{"start":{"line":20,"column":76},"end":{"line":20,"column":94}}],"line":20},"1":{"loc":{"start":{"line":20,"column":46},"end":{"line":20,"column":67}},"type":"binary-expr","locations":[{"start":{"line":20,"column":46},"end":{"line":20,"column":49}},{"start":{"line":20,"column":53},"end":{"line":20,"column":67}}],"line":20},"2":{"loc":{"start":{"line":22,"column":75},"end":{"line":22,"column":326}},"type":"if","locations":[{"start":{"line":22,"column":75},"end":{"line":22,"column":326}},{"start":{"line":22,"column":75},"end":{"line":22,"column":326}}],"line":22},"3":{"loc":{"start":{"line":22,"column":163},"end":{"line":22,"column":292}},"type":"if","locations":[{"start":{"line":22,"column":163},"end":{"line":22,"column":292}},{"start":{"line":22,"column":163},"end":{"line":22,"column":292}}],"line":22},"4":{"loc":{"start":{"line":24,"column":91},"end":{"line":24,"column":131}},"type":"cond-expr","locations":[{"start":{"line":24,"column":114},"end":{"line":24,"column":126}},{"start":{"line":24,"column":129},"end":{"line":24,"column":131}}],"line":24},"5":{"loc":{"start":{"line":24,"column":133},"end":{"line":24,"column":499}},"type":"if","locations":[{"start":{"line":24,"column":133},"end":{"line":24,"column":499}},{"start":{"line":24,"column":133},"end":{"line":24,"column":499}}],"line":24},"6":{"loc":{"start":{"line":24,"column":247},"end":{"line":24,"column":499}},"type":"if","locations":[{"start":{"line":24,"column":247},"end":{"line":24,"column":499}},{"start":{"line":24,"column":247},"end":{"line":24,"column":499}}],"line":24},"7":{"loc":{"start":{"line":26,"column":44},"end":{"line":26,"column":195}},"type":"if","locations":[{"start":{"line":26,"column":44},"end":{"line":26,"column":195}},{"start":{"line":26,"column":44},"end":{"line":26,"column":195}}],"line":26},"8":{"loc":{"start":{"line":36,"column":2},"end":{"line":39,"column":3}},"type":"if","locations":[{"start":{"line":36,"column":2},"end":{"line":39,"column":3}},{"start":{"line":36,"column":2},"end":{"line":39,"column":3}}],"line":36},"9":{"loc":{"start":{"line":36,"column":6},"end":{"line":36,"column":28}},"type":"binary-expr","locations":[{"start":{"line":36,"column":6},"end":{"line":36,"column":15}},{"start":{"line":36,"column":19},"end":{"line":36,"column":28}}],"line":36},"10":{"loc":{"start":{"line":41,"column":2},"end":{"line":44,"column":3}},"type":"if","locations":[{"start":{"line":41,"column":2},"end":{"line":44,"column":3}},{"start":{"line":41,"column":2},"end":{"line":44,"column":3}}],"line":41},"11":{"loc":{"start":{"line":41,"column":6},"end":{"line":41,"column":27}},"type":"binary-expr","locations":[{"start":{"line":41,"column":6},"end":{"line":41,"column":15}},{"start":{"line":41,"column":19},"end":{"line":41,"column":27}}],"line":41},"12":{"loc":{"start":{"line":71,"column":23},"end":{"line":72,"column":14}},"type":"cond-expr","locations":[{"start":{"line":71,"column":63},"end":{"line":71,"column":124}},{"start":{"line":72,"column":0},"end":{"line":72,"column":14}}],"line":71},"13":{"loc":{"start":{"line":71,"column":63},"end":{"line":71,"column":124}},"type":"binary-expr","locations":[{"start":{"line":71,"column":63},"end":{"line":71,"column":106}},{"start":{"line":71,"column":110},"end":{"line":71,"column":124}}],"line":71}},"s":{"0":1,"1":1,"2":1,"3":1,"4":1,"5":1,"6":1,"7":1,"8":5,"9":1,"10":1,"11":1,"12":1,"13":1,"14":0,"15":1,"16":1,"17":1,"18":1,"19":2,"20":2,"21":1,"22":4,"23":1,"24":1,"25":0,"26":0,"27":1,"28":4,"29":0,"30":4,"31":4,"32":1,"33":1,"34":1,"35":1,"36":1,"37":1,"38":1,"39":1,"40":1,"41":0,"42":0,"43":1,"44":1,"45":1,"46":1,"47":1,"48":1,"49":1,"50":1},"f":{"0":5,"1":1,"2":0,"3":1,"4":4,"5":0,"6":4,"7":1,"8":1},"b":{"0":[4,1],"1":[5,5],"2":[1,0],"3":[1,0],"4":[2,0],"5":[1,1],"6":[1,0],"7":[0,4],"8":[1,0],"9":[1,1],"10":[0,1],"11":[1,1],"12":[1,0],"13":[1,1]},"_coverageSchema":"43e27e138ebf9cfc5966b082cf9a028302ed4184","hash":"a64e18e70ed220f0e99620a92f98403a30091b3f","contentHash":"1667593332cc7c56c65982fd0b0dd89abb54130c378d70347879b58304fb8679"},"/Users/opokusyn/rtetris/src/client/reducers/index.js":{"path":"/Users/opokusyn/rtetris/src/client/reducers/index.js","statementMap":{"0":{"start":{"line":3,"column":0},"end":{"line":5,"column":3}},"1":{"start":{"line":6,"column":0},"end":{"line":6,"column":28}},"2":{"start":{"line":8,"column":16},"end":{"line":8,"column":75}},"3":{"start":{"line":10,"column":20},"end":{"line":10,"column":54}},"4":{"start":{"line":12,"column":14},"end":{"line":12,"column":66}},"5":{"start":{"line":14,"column":14},"end":{"line":14,"column":42}},"6":{"start":{"line":16,"column":39},"end":{"line":16,"column":95}},"7":{"start":{"line":18,"column":54},"end":{"line":18,"column":73}},"8":{"start":{"line":18,"column":75},"end":{"line":18,"column":326}},"9":{"start":{"line":18,"column":125},"end":{"line":18,"column":161}},"10":{"start":{"line":18,"column":163},"end":{"line":18,"column":292}},"11":{"start":{"line":18,"column":183},"end":{"line":18,"column":292}},"12":{"start":{"line":18,"column":225},"end":{"line":18,"column":288}},"13":{"start":{"line":18,"column":293},"end":{"line":18,"column":324}},"14":{"start":{"line":18,"column":327},"end":{"line":18,"column":339}},"15":{"start":{"line":20,"column":33},"end":{"line":20,"column":501}},"16":{"start":{"line":20,"column":46},"end":{"line":20,"column":47}},"17":{"start":{"line":20,"column":91},"end":{"line":20,"column":131}},"18":{"start":{"line":20,"column":133},"end":{"line":20,"column":499}},"19":{"start":{"line":20,"column":146},"end":{"line":20,"column":239}},"20":{"start":{"line":20,"column":193},"end":{"line":20,"column":235}},"21":{"start":{"line":20,"column":247},"end":{"line":20,"column":499}},"22":{"start":{"line":20,"column":287},"end":{"line":20,"column":361}},"23":{"start":{"line":20,"column":371},"end":{"line":20,"column":497}},"24":{"start":{"line":20,"column":412},"end":{"line":20,"column":493}},"25":{"start":{"line":20,"column":502},"end":{"line":20,"column":516}},"26":{"start":{"line":22,"column":44},"end":{"line":22,"column":195}},"27":{"start":{"line":22,"column":62},"end":{"line":22,"column":166}},"28":{"start":{"line":22,"column":176},"end":{"line":22,"column":193}},"29":{"start":{"line":22,"column":196},"end":{"line":22,"column":207}},"30":{"start":{"line":24,"column":14},"end":{"line":223,"column":1}},"31":{"start":{"line":25,"column":14},"end":{"line":25,"column":84}},"32":{"start":{"line":26,"column":15},"end":{"line":26,"column":62}},"33":{"start":{"line":28,"column":2},"end":{"line":222,"column":3}},"34":{"start":{"line":30,"column":6},"end":{"line":30,"column":38}},"35":{"start":{"line":33,"column":6},"end":{"line":33,"column":55}},"36":{"start":{"line":36,"column":6},"end":{"line":36,"column":50}},"37":{"start":{"line":39,"column":6},"end":{"line":41,"column":9}},"38":{"start":{"line":44,"column":6},"end":{"line":46,"column":9}},"39":{"start":{"line":49,"column":6},"end":{"line":51,"column":9}},"40":{"start":{"line":54,"column":6},"end":{"line":54,"column":59}},"41":{"start":{"line":57,"column":6},"end":{"line":57,"column":55}},"42":{"start":{"line":60,"column":6},"end":{"line":65,"column":9}},"43":{"start":{"line":68,"column":6},"end":{"line":70,"column":9}},"44":{"start":{"line":73,"column":6},"end":{"line":75,"column":9}},"45":{"start":{"line":78,"column":6},"end":{"line":89,"column":7}},"46":{"start":{"line":79,"column":31},"end":{"line":81,"column":10}},"47":{"start":{"line":80,"column":10},"end":{"line":80,"column":58}},"48":{"start":{"line":83,"column":8},"end":{"line":88,"column":9}},"49":{"start":{"line":84,"column":10},"end":{"line":87,"column":13}},"50":{"start":{"line":91,"column":6},"end":{"line":93,"column":9}},"51":{"start":{"line":96,"column":6},"end":{"line":98,"column":9}},"52":{"start":{"line":101,"column":6},"end":{"line":103,"column":9}},"53":{"start":{"line":106,"column":19},"end":{"line":108,"column":13}},"54":{"start":{"line":109,"column":6},"end":{"line":114,"column":9}},"55":{"start":{"line":117,"column":6},"end":{"line":122,"column":9}},"56":{"start":{"line":125,"column":6},"end":{"line":134,"column":7}},"57":{"start":{"line":126,"column":8},"end":{"line":126,"column":78}},"58":{"start":{"line":127,"column":13},"end":{"line":134,"column":7}},"59":{"start":{"line":128,"column":8},"end":{"line":133,"column":11}},"60":{"start":{"line":136,"column":6},"end":{"line":141,"column":9}},"61":{"start":{"line":144,"column":22},"end":{"line":144,"column":55}},"62":{"start":{"line":146,"column":24},"end":{"line":146,"column":60}},"63":{"start":{"line":147,"column":20},"end":{"line":147,"column":105}},"64":{"start":{"line":148,"column":17},"end":{"line":148,"column":56}},"65":{"start":{"line":149,"column":17},"end":{"line":149,"column":43}},"66":{"start":{"line":151,"column":6},"end":{"line":153,"column":7}},"67":{"start":{"line":152,"column":8},"end":{"line":152,"column":25}},"68":{"start":{"line":155,"column":6},"end":{"line":155,"column":72}},"69":{"start":{"line":156,"column":6},"end":{"line":156,"column":36}},"70":{"start":{"line":157,"column":6},"end":{"line":157,"column":23}},"71":{"start":{"line":160,"column":22},"end":{"line":160,"column":55}},"72":{"start":{"line":161,"column":23},"end":{"line":161,"column":59}},"73":{"start":{"line":162,"column":20},"end":{"line":162,"column":100}},"74":{"start":{"line":163,"column":14},"end":{"line":163,"column":39}},"75":{"start":{"line":164,"column":14},"end":{"line":164,"column":39}},"76":{"start":{"line":165,"column":19},"end":{"line":165,"column":51}},"77":{"start":{"line":167,"column":6},"end":{"line":169,"column":7}},"78":{"start":{"line":168,"column":8},"end":{"line":168,"column":25}},"79":{"start":{"line":171,"column":6},"end":{"line":171,"column":72}},"80":{"start":{"line":172,"column":6},"end":{"line":172,"column":36}},"81":{"start":{"line":173,"column":6},"end":{"line":173,"column":23}},"82":{"start":{"line":176,"column":24},"end":{"line":176,"column":48}},"83":{"start":{"line":178,"column":14},"end":{"line":178,"column":69}},"84":{"start":{"line":180,"column":6},"end":{"line":182,"column":7}},"85":{"start":{"line":181,"column":8},"end":{"line":181,"column":96}},"86":{"start":{"line":184,"column":6},"end":{"line":184,"column":82}},"87":{"start":{"line":185,"column":6},"end":{"line":185,"column":22}},"88":{"start":{"line":186,"column":6},"end":{"line":186,"column":25}},"89":{"start":{"line":189,"column":6},"end":{"line":191,"column":9}},"90":{"start":{"line":194,"column":6},"end":{"line":196,"column":7}},"91":{"start":{"line":195,"column":8},"end":{"line":195,"column":78}},"92":{"start":{"line":198,"column":6},"end":{"line":203,"column":9}},"93":{"start":{"line":206,"column":6},"end":{"line":208,"column":9}},"94":{"start":{"line":211,"column":6},"end":{"line":213,"column":9}},"95":{"start":{"line":216,"column":6},"end":{"line":218,"column":9}},"96":{"start":{"line":221,"column":6},"end":{"line":221,"column":19}},"97":{"start":{"line":225,"column":15},"end":{"line":225,"column":22}},"98":{"start":{"line":226,"column":0},"end":{"line":226,"column":30}}},"fnMap":{"0":{"name":"_interopRequireDefault","decl":{"start":{"line":16,"column":9},"end":{"line":16,"column":31}},"loc":{"start":{"line":16,"column":37},"end":{"line":16,"column":97}},"line":16},"1":{"name":"ownKeys","decl":{"start":{"line":18,"column":9},"end":{"line":18,"column":16}},"loc":{"start":{"line":18,"column":41},"end":{"line":18,"column":341}},"line":18},"2":{"name":"(anonymous_2)","decl":{"start":{"line":18,"column":208},"end":{"line":18,"column":209}},"loc":{"start":{"line":18,"column":223},"end":{"line":18,"column":290}},"line":18},"3":{"name":"_objectSpread","decl":{"start":{"line":20,"column":9},"end":{"line":20,"column":22}},"loc":{"start":{"line":20,"column":31},"end":{"line":20,"column":518}},"line":20},"4":{"name":"(anonymous_4)","decl":{"start":{"line":20,"column":176},"end":{"line":20,"column":177}},"loc":{"start":{"line":20,"column":191},"end":{"line":20,"column":237}},"line":20},"5":{"name":"(anonymous_5)","decl":{"start":{"line":20,"column":395},"end":{"line":20,"column":396}},"loc":{"start":{"line":20,"column":410},"end":{"line":20,"column":495}},"line":20},"6":{"name":"_defineProperty","decl":{"start":{"line":22,"column":9},"end":{"line":22,"column":24}},"loc":{"start":{"line":22,"column":42},"end":{"line":22,"column":209}},"line":22},"7":{"name":"reducer","decl":{"start":{"line":24,"column":23},"end":{"line":24,"column":30}},"loc":{"start":{"line":24,"column":33},"end":{"line":223,"column":1}},"line":24},"8":{"name":"(anonymous_8)","decl":{"start":{"line":79,"column":57},"end":{"line":79,"column":58}},"loc":{"start":{"line":79,"column":73},"end":{"line":81,"column":9}},"line":79}},"branchMap":{"0":{"loc":{"start":{"line":16,"column":46},"end":{"line":16,"column":94}},"type":"cond-expr","locations":[{"start":{"line":16,"column":70},"end":{"line":16,"column":73}},{"start":{"line":16,"column":76},"end":{"line":16,"column":94}}],"line":16},"1":{"loc":{"start":{"line":16,"column":46},"end":{"line":16,"column":67}},"type":"binary-expr","locations":[{"start":{"line":16,"column":46},"end":{"line":16,"column":49}},{"start":{"line":16,"column":53},"end":{"line":16,"column":67}}],"line":16},"2":{"loc":{"start":{"line":18,"column":75},"end":{"line":18,"column":326}},"type":"if","locations":[{"start":{"line":18,"column":75},"end":{"line":18,"column":326}},{"start":{"line":18,"column":75},"end":{"line":18,"column":326}}],"line":18},"3":{"loc":{"start":{"line":18,"column":163},"end":{"line":18,"column":292}},"type":"if","locations":[{"start":{"line":18,"column":163},"end":{"line":18,"column":292}},{"start":{"line":18,"column":163},"end":{"line":18,"column":292}}],"line":18},"4":{"loc":{"start":{"line":20,"column":91},"end":{"line":20,"column":131}},"type":"cond-expr","locations":[{"start":{"line":20,"column":114},"end":{"line":20,"column":126}},{"start":{"line":20,"column":129},"end":{"line":20,"column":131}}],"line":20},"5":{"loc":{"start":{"line":20,"column":133},"end":{"line":20,"column":499}},"type":"if","locations":[{"start":{"line":20,"column":133},"end":{"line":20,"column":499}},{"start":{"line":20,"column":133},"end":{"line":20,"column":499}}],"line":20},"6":{"loc":{"start":{"line":20,"column":247},"end":{"line":20,"column":499}},"type":"if","locations":[{"start":{"line":20,"column":247},"end":{"line":20,"column":499}},{"start":{"line":20,"column":247},"end":{"line":20,"column":499}}],"line":20},"7":{"loc":{"start":{"line":22,"column":44},"end":{"line":22,"column":195}},"type":"if","locations":[{"start":{"line":22,"column":44},"end":{"line":22,"column"
[...]
_interopRequireWildcard","decl":{"start":{"line":28,"column":9},"end":{"line":28,"column":32}},"loc":{"start":{"line":28,"column":38},"end":{"line":28,"column":475}},"line":28},"2":{"name":"WinerPopup","decl":{"start":{"line":30,"column":26},"end":{"line":30,"column":36}},"loc":{"start":{"line":30,"column":43},"end":{"line":54,"column":1}},"line":30},"3":{"name":"handleClose","decl":{"start":{"line":34,"column":29},"end":{"line":34,"column":40}},"loc":{"start":{"line":34,"column":44},"end":{"line":40,"column":3}},"line":34},"4":{"name":"mapStateToProps","decl":{"start":{"line":56,"column":31},"end":{"line":56,"column":46}},"loc":{"start":{"line":56,"column":54},"end":{"line":60,"column":1}},"line":56}},"branchMap":{"0":{"loc":{"start":{"line":26,"column":46},"end":{"line":26,"column":94}},"type":"cond-expr","locations":[{"start":{"line":26,"column":70},"end":{"line":26,"column":73}},{"start":{"line":26,"column":76},"end":{"line":26,"column":94}}],"line":26},"1":{"loc":{"start":{"line":26,"column":46},"end":{"line":26,"column":67}},"type":"binary-expr","locations":[{"start":{"line":26,"column":46},"end":{"line":26,"column":49}},{"start":{"line":26,"column":53},"end":{"line":26,"column":67}}],"line":26},"2":{"loc":{"start":{"line":28,"column":40},"end":{"line":28,"column":473}},"type":"if","locations":[{"start":{"line":28,"column":40},"end":{"line":28,"column":473}},{"start":{"line":28,"column":40},"end":{"line":28,"column":473}}],"line":28},"3":{"loc":{"start":{"line":28,"column":44},"end":{"line":28,"column":65}},"type":"binary-expr","locations":[{"start":{"line":28,"column":44},"end":{"line":28,"column":47}},{"start":{"line":28,"column":51},"end":{"line":28,"column":65}}],"line":28},"4":{"loc":{"start":{"line":28,"column":107},"end":{"line":28,"column":431}},"type":"if","locations":[{"start":{"line":28,"column":107},"end":{"line":28,"column":431}},{"start":{"line":28,"column":107},"end":{"line":28,"column":431}}],"line":28},"5":{"loc":{"start":{"line":28,"column":149},"end":{"line":28,"column":427}},"type":"if","locations":[{"start":{"line":28,"column":149},"end":{"line":28,"column":427}},{"start":{"line":28,"column":149},"end":{"line":28,"column":427}}],"line":28},"6":{"loc":{"start":{"line":28,"column":214},"end":{"line":28,"column":319}},"type":"cond-expr","locations":[{"start":{"line":28,"column":273},"end":{"line":28,"column":314}},{"start":{"line":28,"column":317},"end":{"line":28,"column":319}}],"line":28},"7":{"loc":{"start":{"line":28,"column":214},"end":{"line":28,"column":270}},"type":"binary-expr","locations":[{"start":{"line":28,"column":214},"end":{"line":28,"column":235}},{"start":{"line":28,"column":239},"end":{"line":28,"column":270}}],"line":28},"8":{"loc":{"start":{"line":28,"column":321},"end":{"line":28,"column":425}},"type":"if","locations":[{"start":{"line":28,"column":321},"end":{"line":28,"column":425}},{"start":{"line":28,"column":321},"end":{"line":28,"column":425}}],"line":28},"9":{"loc":{"start":{"line":28,"column":325},"end":{"line":28,"column":345}},"type":"binary-expr","locations":[{"start":{"line":28,"column":325},"end":{"line":28,"column":333}},{"start":{"line":28,"column":337},"end":{"line":28,"column":345}}],"line":28}},"s":{"0":1,"1":1,"2":1,"3":1,"4":1,"5":1,"6":1,"7":1,"8":1,"9":1,"10":1,"11":5,"12":1,"13":0,"14":1,"15":1,"16":1,"17":29,"18":29,"19":29,"20":0,"21":29,"22":1,"23":1,"24":1,"25":0,"26":0,"27":0,"28":0,"29":0,"30":0,"31":0,"32":1,"33":0,"34":1,"35":1},"f":{"0":5,"1":1,"2":0,"3":0,"4":0},"b":{"0":[5,0],"1":[5,5],"2":[0,1],"3":[1,1],"4":[1,0],"5":[29,0],"6":[29,0],"7":[29,29],"8":[0,29],"9":[29,29]},"_coverageSchema":"43e27e138ebf9cfc5966b082cf9a028302ed4184","hash":"21cca75955cffb6002d97b1df823abca5c08a546","contentHash":"1010e56138531afcba1013bea2082fefa621d4a03999ba493781e30b8c36443e"},"/Users/opokusyn/rtetris/src/client/utils/eventListener.js":{"path":"/Users/opokusyn/rtetris/src/client/utils/eventListener.js","statementMap":{"0":{"start":{"line":3,"column":0},"end":{"line":5,"column":3}},"1":{"start":{"line":6,"column":0},"end":{"line":6,"column":31}},"2":{"start":{"line":8,"column":13},"end":{"line":8,"column":55}},"3":{"start":{"line":10,"column":18},"end":{"line":10,"column":50}},"4":{"start":{"line":12,"column":16},"end":{"line":12,"column":73}},"5":{"start":{"line":14,"column":14},"end":{"line":14,"column":57}},"6":{"start":{"line":16,"column":14},"end":{"line":16,"column":33}},"7":{"start":{"line":18,"column":39},"end":{"line":18,"column":95}},"8":{"start":{"line":22,"column":16},"end":{"line":22,"column":44}},"9":{"start":{"line":24,"column":4},"end":{"line":24,"column":32}},"10":{"start":{"line":24,"column":25},"end":{"line":24,"column":32}},"11":{"start":{"line":26,"column":18},"end":{"line":31,"column":5}},"12":{"start":{"line":27,"column":15},"end":{"line":27,"column":29}},"13":{"start":{"line":28,"column":19},"end":{"line":28,"column":57}},"14":{"start":{"line":30,"column":6},"end":{"line":30,"column":66}},"15":{"start":{"line":33,"column":14},"end":{"line":53,"column":5}},"16":{"start":{"line":34,"column":18},"end":{"line":36,"column":8}},"17":{"start":{"line":35,"column":8},"end":{"line":35,"column":35}},"18":{"start":{"line":37,"column":18},"end":{"line":37,"column":20}},"19":{"start":{"line":39,"column":6},"end":{"line":50,"column":7}},"20":{"start":{"line":39,"column":20},"end":{"line":39,"column":21}},"21":{"start":{"line":40,"column":16},"end":{"line":40,"column":18}},"22":{"start":{"line":41,"column":8},"end":{"line":41,"column":23}},"23":{"start":{"line":43,"column":8},"end":{"line":47,"column":9}},"24":{"start":{"line":43,"column":21},"end":{"line":43,"column":22}},"25":{"start":{"line":44,"column":10},"end":{"line":44,"column":35}},"26":{"start":{"line":46,"column":10},"end":{"line":46,"column":32}},"27":{"start":{"line":49,"column":8},"end":{"line":49,"column":28}},"28":{"start":{"line":52,"column":6},"end":{"line":52,"column":19}},"29":{"start":{"line":56,"column":4},"end":{"line":58,"column":5}},"30":{"start":{"line":57,"column":6},"end":{"line":57,"column":13}},"31":{"start":{"line":60,"column":15},"end":{"line":89,"column":5}},"32":{"start":{"line":63,"column":10},"end":{"line":63,"column":67}},"33":{"start":{"line":70,"column":23},"end":{"line":70,"column":37}},"34":{"start":{"line":77,"column":10},"end":{"line":77,"column":67}},"35":{"start":{"line":84,"column":10},"end":{"line":84,"column":68}},"36":{"start":{"line":92,"column":4},"end":{"line":151,"column":5}},"37":{"start":{"line":93,"column":24},"end":{"line":93,"column":35}},"38":{"start":{"line":94,"column":14},"end":{"line":94,"column":27}},"39":{"start":{"line":95,"column":15},"end":{"line":95,"column":29}},"40":{"start":{"line":96,"column":15},"end":{"line":96,"column":29}},"41":{"start":{"line":97,"column":17},"end":{"line":97,"column":22}},"42":{"start":{"line":98,"column":23},"end":{"line":98,"column":79}},"43":{"start":{"line":99,"column":20},"end":{"line":99,"column":91}},"44":{"start":{"line":100,"column":18},"end":{"line":100,"column":43}},"45":{"start":{"line":101,"column":18},"end":{"line":101,"column":43}},"46":{"start":{"line":102,"column":19},"end":{"line":102,"column":51}},"47":{"start":{"line":104,"column":6},"end":{"line":106,"column":7}},"48":{"start":{"line":105,"column":8},"end":{"line":105,"column":29}},"49":{"start":{"line":108,"column":18},"end":{"line":108,"column":34}},"50":{"start":{"line":110,"column":6},"end":{"line":130,"column":7}},"51":{"start":{"line":111,"column":8},"end":{"line":127,"column":11}},"52":{"start":{"line":112,"column":10},"end":{"line":126,"column":13}},"53":{"start":{"line":113,"column":23},"end":{"line":113,"column":37}},"54":{"start":{"line":114,"column":23},"end":{"line":114,"column":37}},"55":{"start":{"line":116,"column":12},"end":{"line":119,"column":13}},"56":{"start":{"line":118,"column":14},"end":{"line":118,"column":22}},"57":{"start":{"line":121,"column":26},"end":{"line":121,"column":30}},"58":{"start":{"line":122,"column":23},"end":{"line":122,"column":27}},"59":{"start":{"line":123,"column":12},"end":{"line":123,"column":35}},"60":{"start":{"line":123,"column":27},"end":{"line":123,"column":35}},"61":{"start":{"line":124,"column":12},"end":{"line":124,"column":78}},"62":{"start":{"line":124,"column":65},"end":{"line":124,"column":78}},"63":{"start":{"line":125,"column":12},"end":{"line":125,"column":65}},"64":{"start":{"line":125,"column":57},"end":{"line":125,"column":65}},"65":{"start":{"line":129,"column":8},"end":{"line":129,"column":20}},"66":{"start":{"line":132,"column":6},"end":{"line":148,"column":7}},"67":{"start":{"line":133,"column":8},"end":{"line":135,"column":9}},"68":{"start":{"line":134,"column":10},"end":{"line":134,"column":17}},"69":{"start":{"line":137,"column":8},"end":{"line":143,"column":11}},"70":{"start":{"line":145,"column":8},"end":{"line":145,"column":65}},"71":{"start":{"line":147,"column":8},"end":{"line":147,"column":15}},"72":{"start":{"line":150,"column":6},"end":{"line":150,"column":10}},"73":{"start":{"line":155,"column":2},"end":{"line":155,"column":47}}},"fnMap":{"0":{"name":"_interopRequireDefault","decl":{"start":{"line":18,"column":9},"end":{"line":18,"column":31}},"loc":{"start":{"line":18,"column":37},"end":{"line":18,"column":97}},"line":18},"1":{"name":"eventInit","decl":{"start":{"line":20,"column":9},"end":{"line":20,"column":18}},"loc":{"start":{"line":20,"column":21},"end":{"line":156,"column":1}},"line":20},"2":{"name":"cb","decl":{"start":{"line":21,"column":11},"end":{"line":21,"column":13}},"loc":{"start":{"line":21,"column":17},"end":{"line":152,"column":3}},"line":21},"3":{"name":"rotateF","decl":{"start":{"line":26,"column":27},"end":{"line":26,"column":34}},"loc":{"start":{"line":26,"column":42},"end":{"line":31,"column":5}},"line":26},"4":{"name":"rot","decl":{"start":{"line":33,"column":23},"end":{"line":33,"column":26}},"loc":{"start":{"line":33,"column":35},"end":{"line":53,"column":5}},"line":33},"5":{"name":"(anonymous_5)","decl":{"start":{"line":34,"column":32},"end":{"line":34,"column":33}},"loc":{"start":{"line":34,"column":56},"end":{"line":36,"column":7}},"line":34},"6":{"name":"f","decl":{"start":{"line":62,"column":20},"end":{"line":62,"column":21}},"loc":{"start":{"line":62,"column":24},"end":{"line":64,"column":9}},"line":62},"7":{"name":"f","decl":{"start":{"line":69,"column":20},"end":{"line":69,"column":21}},"loc":{"start":{"line":69,"column":24},"end":{"line":71,"column":9}},"line":69},"8":{"name":"f","decl":{"start":{"line":76,"column":20},"end":{"line":76,"column":21}},"loc":{"start":{"line":76,"column":24},"end":{"line":78,"column":9}},"line":76},"9":{"name":"f","decl":{"start":{"line":83,"column":20},"end":{"line":83,"column":21}},"loc":{"start":{"line":83,"column":24},"end":{"line":85,"column":9}},"line":83},"10":{"name":"(anonymous_10)","decl":{"start":{"line":111,"column":23},"end":{"line":111,"column":24}},"loc":{"start":{"line":111,"column":42},"end":{"line":127,"column":9}},"line":111},"11":{"name":"(anonymous_11)","decl":{"start":{"line":112,"column":23},"end":{"line":112,"column":24}},"loc":{"start":{"line":112,"column":42},"end":{"line":126,"column":11}},"line":112}},"branchMap":{"0":{"loc":{"start":{"line":18,"column":46},"end":{"line":18,"column":94}},"type":"cond-expr","locations":[{"start":{"line":18,"column":70},"end":{"line":18,"column":73}},{"start":{"line":18,"column":76},"end":{"line":18,"column":94}}],"line":18},"1":{"loc":{"start":{"line":18,"column":46},"end":{"line":18,"column":67}},"type":"binary-expr","locations":[{"start":{"line":18,"column":46},"end":{"line":18,"column":49}},{"start":{"line":18,"column":53},"end":{"line":18,"column":67}}],"line":18},"2":{"loc":{"start":{"line":24,"column":4},"end":{"line":24,"column":32}},"type":"if","locations":[{"start":{"line":24,"column":4},"end":{"line":24,"column":32}},{"start":{"line":24,"column":4},"end":{"line":24,"column":32}}],"line":24},"3":{"loc":{"start":{"line":56,"column":4},"end":{"line":58,"column":5}},"type":"if","locations":[{"start":{"line":56,"column":4},"end":{"line":58,"column":5}},{"start":{"line":56,"column":4},"end":{"line":58,"column":5}}],"line":56},"4":{"loc":{"start":{"line":92,"column":4},"end":{"line":151,"column":5}},"type":"if","locations":[{"start":{"line":92,"column":4},"end":{"line":151,"column":5}},{"start":{"line":92,"column":4},"end":{"line":151,"column":5}}],"line":92},"5":{"loc":{"start":{"line":104,"column":6},"end":{"line":106,"column":7}},"type":"if","locations":[{"start":{"line":104,"column":6},"end":{"line":106,"column":7}},{"start":{"line":104,"column":6},"end":{"line":106,"column":7}}],"line":104},"6":{"loc":{"start":{"line":116,"column":12},"end":{"line":119,"column":13}},"type":"if","locations":[{"start":{"line":116,"column":12},"end":{"line":119,"column":13}},{"start":{"line":116,"column":12},"end":{"line":119,"column":13}}],"line":116},"7":{"loc":{"start":{"line":116,"column":16},"end":{"line":116,"column":37}},"type":"binary-expr","locations":[{"start":{"line":116,"column":16},"end":{"line":116,"column":24}},{"start":{"line":116,"column":28},"end":{"line":116,"column":37}}],"line":116},"8":{"loc":{"start":{"line":123,"column":12},"end":{"line":123,"column":35}},"type":"if","locations":[{"start":{"line":123,"column":12},"end":{"line":123,"column":35}},{"start":{"line":123,"column":12},"end":{"line":123,"column":35}}],"line":123},"9":{"loc":{"start":{"line":124,"column":12},"end":{"line":124,"column":78}},"type":"if","locations":[{"start":{"line":124,"column":12},"end":{"line":124,"column":78}},{"start":{"line":124,"column":12},"end":{"line":124,"column":78}}],"line":124},"10":{"loc":{"start":{"line":124,"column":16},"end":{"line":124,"column":63}},"type":"binary-expr","locations":[{"start":{"line":124,"column":16},"end":{"line":124,"column":23}},{"start":{"line":124,"column":27},"end":{"line":124,"column":36}},{"start":{"line":124,"column":40},"end":{"line":124,"column":63}}],"line":124},"11":{"loc":{"start":{"line":125,"column":12},"end":{"line":125,"column":65}},"type":"if","locations":[{"start":{"line":125,"column":12},"end":{"line":125,"column":65}},{"start":{"line":125,"column":12},"end":{"line":125,"column":65}}],"line":125},"12":{"loc":{"start":{"line":125,"column":16},"end":{"line":125,"column":55}},"type":"binary-expr","locations":[{"start":{"line":125,"column":16},"end":{"line":125,"column":32}},{"start":{"line":125,"column":37},"end":{"line":125,"column":45}},{"start":{"line":125,"column":49},"end":{"line":125,"column":54}}],"line":125},"13":{"loc":{"start":{"line":132,"column":6},"end":{"line":148,"column":7}},"type":"if","locations":[{"start":{"line":132,"column":6},"end":{"line":148,"column":7}},{"start":{"line":132,"column":6},"end":{"line":148,"column":7}}],"line":132},"14":{"loc":{"start":{"line":133,"column":8},"end":{"line":135,"column":9}},"type":"if","locations":[{"start":{"line":133,"column":8},"end":{"line":135,"column":9}},{"start":{"line":133,"column":8},"end":{"line":135,"column":9}}],"line":133}},"s":{"0":1,"1":1,"2":1,"3":1,"4":1,"5":1,"6":1,"7":3,"8":0,"9":0,"10":0,"11":0,"12":0,"13":0,"14":0,"15":0,"16":0,"17":0,"18":0,"19":0,"20":0,"21":0,"22":0,"23":0,"24":0,"25":0,"26":0,"27":0,"28":0,"29":0,"30":0,"31":0,"32":0,"33":0,"34":0,"35":0,"36":0,"37":0,"38":0,"39":0,"40":0,"41":0,"42":0,"43":0,"44":0,"45":0,"46":0,"47":0,"48":0,"49":0,"50":0,"51":0,"52":0,"53":0,"54":0,"55":0,"56":0,"57":0,"58":0,"59":0,"60":0,"61":0,"62":0,"63":0,"64":0,"65":0,"66":0,"67":0,"68":0,"69":0,"70":0,"71":0,"72":0,"73":1},"f":{"0":3,"1":1,"2":0,"3":0,"4":0,"5":0,"6":0,"7":0,"8":0,"9":0,"10":0,"11":0},"b":{"0":[3,0],"1":[3,3],"2":[0,0],"3":[0,0],"4":[0,0],"5":[0,0],"6":[0,0],"7":[0,0],"8":[0,0],"9":[0,0],"10":[0,0,0],"11":[0,0],"12":[0,0,0],"13":[0,0],"14":[0,0]},"_coverageSchema":"43e27e138ebf9cfc5966b082cf9a028302ed4184","hash":"72977f872b3eb13a17b38c630d18d3a8533eb95a","contentHash":"7d692edee8a129cb881285dbc96a58eb37ba98155d618cc5e40dc6f6a9242aea"},"/Users/opokusyn/rtetris/src/client/utils/urlParse.js":{"path":"/Users/opokusyn/rtetris/src/client/utils/urlParse.js","statementMap":{"0":{"start":{"line":3,"column":0},"end":{"line":5,"column":3}},"1":{"start":{"line":6,"column":0},"end":{"line":6,"column":30}},"2":{"start":{"line":8,"column":14},"end":{"line":8,"column":33}},"3":{"start":{"line":10,"column":14},"end":{"line":10,"column":57}},"4":{"start":{"line":12,"column":39},"end":{"line":12,"column":95}},"5":{"start":{"line":15,"column":2},"end":{"line":42,"column":3}},"6":{"start":{"line":16,"column":15},"end":{"line":16,"column":35}},"7":{"start":{"line":17,"column":16},"end":{"line":17,"column":33}},"8":{"start":{"line":18,"column":14},"end":{"line":18,"column":35}},"9":{"start":{"line":20,"column":4},"end":{"line":23,"column":5}},"10":{"start":{"line":21,"column":6},"end":{"line":21,"column":32}},"11":{"start":{"line":22,"column":6},"end":{"line":22,"column":13}},"12":{"start":{"line":25,"column":19},"end":{"line":25,"column":45}},"13":{"start":{"line":26,"column":19},"end":{"line":26,"column":39}},"14":{"start":{"line":28,"column":4},"end":{"line":31,"column":5}},"15":{"start":{"line":29,"column":6},"end":{"line":29,"column":32}},"16":{"start":{"line":30,"column":6},"end":{"line":30,"column":13}},"17":{"start":{"line":33,"column":4},"end":{"line":41,"column":5}},"18":{"start":{"line":34,"column":6},"end":{"line":34,"column":51}},"19":{"start":{"line":35,"column":6},"end":{"line":35,"column":41}},"20":{"start":{"line":37,"column":6},"end":{"line":40,"column":9}}},"fnMap":{"0":{"name":"_interopRequireDefault","decl":{"start":{"line":12,"column":9},"end":{"line":12,"column":31}},"loc":{"start":{"line":12,"column":37},"end":{"line":12,"column":97}},"line":12},"1":{"name":"_default","decl":{"start":{"line":14,"column":9},"end":{"line":14,"column":17}},"loc":{"start":{"line":14,"column":20},"end":{"line":43,"column":1}},"line":14}},"branchMap":{"0":{"loc":{"start":{"line":12,"column":46},"end":{"line":12,"column":94}},"type":"cond-expr","locations":[{"start":{"line":12,"column":70},"end":{"line":12,"column":73}},{"start":{"line":12,"column":76},"end":{"line":12,"column":94}}],"line":12},"1":{"loc":{"start":{"line":12,"column":46},"end":{"line":12,"column":67}},"type":"binary-expr","locations":[{"start":{"line":12,"column":46},"end":{"line":12,"column":49}},{"start":{"line":12,"column":53},"end":{"line":12,"column":67}}],"line":12},"2":{"loc":{"start":{"line":15,"column":2},"end":{"line":42,"column":3}},"type":"if","locations":[{"start":{"line":15,"column":2},"end":{"line":42,"column":3}},{"start":{"line":15,"column":2},"end":{"line":42,"column":3}}],"line":15},"3":{"loc":{"start":{"line":20,"column":4},"end":{"line":23,"column":5}},"type":"if","locations":[{"start":{"line":20,"column":4},"end":{"line":23,"column":5}},{"start":{"line":20,"column":4},"end":{"line":23,"column":5}}],"line":20},"4":{"loc":{"start":{"line":28,"column":4},"end":{"line":31,"column":5}},"type":"if","locations":[{"start":{"line":28,"column":4},"end":{"line":31,"column":5}},{"start":{"line":28,"column":4},"end":{"line":31,"column":5}}],"line":28},"5":{"loc":{"start":{"line":28,"column":8},"end":{"line":28,"column":30}},"type":"binary-expr","locations":[{"start":{"line":28,"column":8},"end":{"line":28,"column":17}},{"start":{"line":28,"column":21},"end":{"line":28,"column":30}}],"line":28},"6":{"loc":{"start":{"line":33,"column":4},"end":{"line":41,"column":5}},"type":"if","locations":[{"start":{"line":33,"column":4},"end":{"line":41,"column":5}},{"start":{"line":33,"column":4},"end":{"line":41,"column":5}}],"line":33}},"s":{"0":1,"1":1,"2":1,"3":1,"4":1,"5":1,"6":0,"7":0,"8":0,"9":0,"10":0,"11":0,"12":0,"13":0,"14":0,"15":0,"16":0,"17":0,"18":0,"19":0,"20":0},"f":{"0":1,"1":1},"b":{"0":[1,0],"1":[1,1],"2":[0,1],"3":[0,0],"4":[0,0],"5":[0,0],"6":[0,0]},"_coverageSchema":"43e27e138ebf9cfc5966b082cf9a028302ed4184","hash":"2a5cfcd2d3a4430524776cdee5359a2b4d0ab22a","contentHash":"798fc0d52a10116ea19704f184c3974579c6b1034dea787473b39be0fac333bd"}}