{"/Users/opokusyn/rtetris/src/client/actions/alert.js":{"path":"/Users/opokusyn/rtetris/src/client/actions/alert.js","statementMap":{"0":{"start":{"line":3,"column":0},"end":{"line":5,"column":3}},"1":{"start":{"line":6,"column":0},"end":{"line":6,"column":43}},"2":{"start":{"line":7,"column":16},"end":{"line":7,"column":27}},"3":{"start":{"line":8,"column":0},"end":{"line":8,"column":30}},"4":{"start":{"line":10,"column":12},"end":{"line":16,"column":1}},"5":{"start":{"line":11,"column":2},"end":{"line":15,"column":4}},"6":{"start":{"line":18,"column":0},"end":{"line":18,"column":22}}},"fnMap":{"0":{"name":"alert","decl":{"start":{"line":10,"column":21},"end":{"line":10,"column":26}},"loc":{"start":{"line":10,"column":33},"end":{"line":16,"column":1}},"line":10}},"branchMap":{},"s":{"0":0,"1":0,"2":0,"3":0,"4":0,"5":0,"6":0},"f":{"0":0},"b":{}},"/Users/opokusyn/rtetris/src/client/actions/auth.js":{"path":"/Users/opokusyn/rtetris/src/client/actions/auth.js","statementMap":{"0":{"start":{"line":3,"column":0},"end":{"line":5,"column":3}},"1":{"start":{"line":6,"column":0},"end":{"line":6,"column":37}},"2":{"start":{"line":7,"column":11},"end":{"line":7,"column":17}},"3":{"start":{"line":8,"column":0},"end":{"line":8,"column":20}},"4":{"start":{"line":10,"column":11},"end":{"line":15,"column":1}},"5":{"start":{"line":11,"column":2},"end":{"line":14,"column":4}},"6":{"start":{"line":17,"column":0},"end":{"line":17,"column":20}}},"fnMap":{"0":{"name":"auth","decl":{"start":{"line":10,"column":20},"end":{"line":10,"column":24}},"loc":{"start":{"line":10,"column":31},"end":{"line":15,"column":1}},"line":10}},"branchMap":{},"s":{"0":0,"1":0,"2":0,"3":0,"4":0,"5":0,"6":0},"f":{"0":0},"b":{}},"/Users/opokusyn/rtetris/src/client/actions/clearStore.js":{"path":"/Users/opokusyn/rtetris/src/client/actions/clearStore.js","statementMap":{"0":{"start":{"line":3,"column":0},"end":{"line":5,"column":3}},"1":{"start":{"line":6,"column":0},"end":{"line":6,"column":102}},"2":{"start":{"line":7,"column":18},"end":{"line":7,"column":31}},"3":{"start":{"line":8,"column":0},"end":{"line":8,"column":34}},"4":{"start":{"line":10,"column":17},"end":{"line":15,"column":1}},"5":{"start":{"line":11,"column":2},"end":{"line":14,"column":4}},"6":{"start":{"line":17,"column":0},"end":{"line":17,"column":32}},"7":{"start":{"line":18,"column":23},"end":{"line":18,"column":41}},"8":{"start":{"line":19,"column":0},"end":{"line":19,"column":44}},"9":{"start":{"line":21,"column":21},"end":{"line":26,"column":1}},"10":{"start":{"line":22,"column":2},"end":{"line":25,"column":4}},"11":{"start":{"line":28,"column":0},"end":{"line":28,"column":40}}},"fnMap":{"0":{"name":"clearStore","decl":{"start":{"line":10,"column":26},"end":{"line":10,"column":36}},"loc":{"start":{"line":10,"column":51},"end":{"line":15,"column":1}},"line":10},"1":{"name":"clearStoreSoft","decl":{"start":{"line":21,"column":30},"end":{"line":21,"column":44}},"loc":{"start":{"line":21,"column":59},"end":{"line":26,"column":1}},"line":21}},"branchMap":{},"s":{"0":0,"1":0,"2":0,"3":0,"4":0,"5":0,"6":0,"7":0,"8":0,"9":0,"10":0,"11":0},"f":{"0":0,"1":0},"b":{}},"/Users/opokusyn/rtetris/src/client/actions/error.js":{"path":"/Users/opokusyn/rtetris/src/client/actions/error.js","statementMap":{"0":{"start":{"line":3,"column":0},"end":{"line":5,"column":3}},"1":{"start":{"line":6,"column":0},"end":{"line":6,"column":39}},"2":{"start":{"line":7,"column":12},"end":{"line":7,"column":19}},"3":{"start":{"line":8,"column":0},"end":{"line":8,"column":22}},"4":{"start":{"line":10,"column":12},"end":{"line":15,"column":1}},"5":{"start":{"line":11,"column":2},"end":{"line":14,"column":4}},"6":{"start":{"line":17,"column":0},"end":{"line":17,"column":22}}},"fnMap":{"0":{"name":"error","decl":{"start":{"line":10,"column":21},"end":{"line":10,"column":26}},"loc":{"start":{"line":10,"column":35},"end":{"line":15,"column":1}},"line":10}},"branchMap":{},"s":{"0":0,"1":0,"2":0,"3":0,"4":0,"5":0,"6":0},"f":{"0":0},"b":{}},"/Users/opokusyn/rtetris/src/client/actions/errorModal.js":{"path":"/Users/opokusyn/rtetris/src/client/actions/errorModal.js","statementMap":{"0":{"start":{"line":3,"column":0},"end":{"line":5,"column":3}},"1":{"start":{"line":6,"column":0},"end":{"line":6,"column":47}},"2":{"start":{"line":7,"column":18},"end":{"line":7,"column":31}},"3":{"start":{"line":8,"column":0},"end":{"line":8,"column":34}},"4":{"start":{"line":10,"column":14},"end":{"line":15,"column":1}},"5":{"start":{"line":11,"column":2},"end":{"line":14,"column":4}},"6":{"start":{"line":17,"column":0},"end":{"line":17,"column":26}}},"fnMap":{"0":{"name":"setName","decl":{"start":{"line":10,"column":23},"end":{"line":10,"column":30}},"loc":{"start":{"line":10,"column":43},"end":{"line":15,"column":1}},"line":10}},"branchMap":{},"s":{"0":0,"1":0,"2":0,"3":0,"4":0,"5":0,"6":0},"f":{"0":0},"b":{}},"/Users/opokusyn/rtetris/src/client/actions/gameAction.js":{"path":"/Users/opokusyn/rtetris/src/client/actions/gameAction.js","statementMap":{"0":{"start":{"line":3,"column":0},"end":{"line":5,"column":3}},"1":{"start":{"line":6,"column":0},"end":{"line":6,"column":334}},"2":{"start":{"line":7,"column":17},"end":{"line":7,"column":29}},"3":{"start":{"line":8,"column":0},"end":{"line":8,"column":32}},"4":{"start":{"line":10,"column":16},"end":{"line":15,"column":1}},"5":{"start":{"line":11,"column":2},"end":{"line":14,"column":4}},"6":{"start":{"line":17,"column":0},"end":{"line":17,"column":30}},"7":{"start":{"line":18,"column":14},"end":{"line":18,"column":23}},"8":{"start":{"line":19,"column":0},"end":{"line":19,"column":26}},"9":{"start":{"line":21,"column":8},"end":{"line":26,"column":1}},"10":{"start":{"line":22,"column":2},"end":{"line":25,"column":4}},"11":{"start":{"line":28,"column":0},"end":{"line":28,"column":14}},"12":{"start":{"line":29,"column":14},"end":{"line":29,"column":23}},"13":{"start":{"line":30,"column":0},"end":{"line":30,"column":26}},"14":{"start":{"line":32,"column":8},"end":{"line":37,"column":1}},"15":{"start":{"line":33,"column":2},"end":{"line":36,"column":4}},"16":{"start":{"line":39,"column":0},"end":{"line":39,"column":14}},"17":{"start":{"line":40,"column":18},"end":{"line":40,"column":31}},"18":{"start":{"line":41,"column":0},"end":{"line":41,"column":34}},"19":{"start":{"line":43,"column":17},"end":{"line":48,"column":1}},"20":{"start":{"line":44,"column":2},"end":{"line":47,"column":4}},"21":{"start":{"line":50,"column":0},"end":{"line":50,"column":32}},"22":{"start":{"line":51,"column":17},"end":{"line":51,"column":29}},"23":{"start":{"line":52,"column":0},"end":{"line":52,"column":32}},"24":{"start":{"line":54,"column":16},"end":{"line":58,"column":1}},"25":{"start":{"line":55,"column":2},"end":{"line":57,"column":4}},"26":{"start":{"line":60,"column":0},"end":{"line":60,"column":30}},"27":{"start":{"line":61,"column":13},"end":{"line":61,"column":21}},"28":{"start":{"line":62,"column":0},"end":{"line":62,"column":24}},"29":{"start":{"line":64,"column":13},"end":{"line":87,"column":1}},"30":{"start":{"line":65,"column":14},"end":{"line":67,"column":4}},"31":{"start":{"line":66,"column":4},"end":{"line":66,"column":31}},"32":{"start":{"line":68,"column":14},"end":{"line":68,"column":16}},"33":{"start":{"line":70,"column":2},"end":{"line":81,"column":3}},"34":{"start":{"line":70,"column":16},"end":{"line":70,"column":17}},"35":{"start":{"line":71,"column":12},"end":{"line":71,"column":14}},"36":{"start":{"line":72,"column":4},"end":{"line":72,"column":19}},"37":{"start":{"line":74,"column":4},"end":{"line":78,"column":5}},"38":{"start":{"line":74,"column":17},"end":{"line":74,"column":18}},"39":{"start":{"line":75,"column":6},"end":{"line":75,"column":31}},"40":{"start":{"line":77,"column":6},"end":{"line":77,"column":28}},"41":{"start":{"line":80,"column":4},"end":{"line":80,"column":24}},"42":{"start":{"line":83,"column":2},"end":{"line":86,"column":4}},"43":{"start":{"line":89,"column":0},"end":{"line":89,"column":24}},"44":{"start":{"line":90,"column":16},"end":{"line":90,"column":27}},"45":{"start":{"line":91,"column":0},"end":{"line":91,"column":30}},"46":{"start":{"line":93,"column":15},"end":{"line":98,"column":1}},"47":{"start":{"line":94,"column":2},"end":{"line":97,"column":4}},"48":{"start":{"line":100,"column":0},"end":{"line":100,"column":28}},"49":{"start":{"line":101,"column":12},"end":{"line":101,"column":19}},"50":{"start":{"line":102,"column":0},"end":{"line":102,"column":22}},"51":{"start":{"line":104,"column":12},"end":{"line":108,"column":1}},"52":{"start":{"line":105,"column":2},"end":{"line":107,"column":4}},"53":{"start":{"line":110,"column":0},"end":{"line":110,"column":22}},"54":{"start":{"line":111,"column":15},"end":{"line":111,"column":25}},"55":{"start":{"line":112,"column":0},"end":{"line":112,"column":28}},"56":{"start":{"line":114,"column":14},"end":{"line":119,"column":1}},"57":{"start":{"line":115,"column":2},"end":{"line":118,"column":4}},"58":{"start":{"line":121,"column":0},"end":{"line":121,"column":26}}},"fnMap":{"0":{"name":"gameStart","decl":{"start":{"line":10,"column":25},"end":{"line":10,"column":34}},"loc":{"start":{"line":10,"column":45},"end":{"line":15,"column":1}},"line":10},"1":{"name":"y","decl":{"start":{"line":21,"column":17},"end":{"line":21,"column":18}},"loc":{"start":{"line":21,"column":24},"end":{"line":26,"column":1}},"line":21},"2":{"name":"x","decl":{"start":{"line":32,"column":17},"end":{"line":32,"column":18}},"loc":{"start":{"line":32,"column":24},"end":{"line":37,"column":1}},"line":32},"3":{"name":"gameUpdate","decl":{"start":{"line":43,"column":26},"end":{"line":43,"column":36}},"loc":{"start":{"line":43,"column":47},"end":{"line":48,"column":1}},"line":43},"4":{"name":"blockDown","decl":{"start":{"line":54,"column":25},"end":{"line":54,"column":34}},"loc":{"start":{"line":54,"column":37},"end":{"line":58,"column":1}},"line":54},"5":{"name":"rotate","decl":{"start":{"line":64,"column":22},"end":{"line":64,"column":28}},"loc":{"start":{"line":64,"column":37},"end":{"line":87,"column":1}},"line":64},"6":{"name":"(anonymous_6)","decl":{"start":{"line":65,"column":28},"end":{"line":65,"column":29}},"loc":{"start":{"line":65,"column":52},"end":{"line":67,"column":3}},"line":65},"7":{"name":"blockRow","decl":{"start":{"line":93,"column":24},"end":{"line":93,"column":32}},"loc":{"start":{"line":93,"column":43},"end":{"line":98,"column":1}},"line":93},"8":{"name":"block","decl":{"start":{"line":104,"column":21},"end":{"line":104,"column":26}},"loc":{"start":{"line":104,"column":29},"end":{"line":108,"column":1}},"line":104},"9":{"name":"gameEnd","decl":{"start":{"line":114,"column":23},"end":{"line":114,"column":30}},"loc":{"start":{"line":114,"column":37},"end":{"line":119,"column":1}},"line":114}},"branchMap":{},"s":{"0":0,"1":0,"2":0,"3":0,"4":0,"5":0,"6":0,"7":0,"8":0,"9":0,"10":0,"11":0,"12":0,"13":0,"14":0,"15":0,"16":0,"17":0,"18":0,"19":0,"20":0,"21":0,"22":0,"23":0,"24":0,"25":0,"26":0,"27":0,"28":0,"29":0,"30":0,"31":0,"32":0,"33":0,"34":0,"35":0,"36":0,"37":0,"38":0,"39":0,"40":0,"41":0,"42":0,"43":0,"44":0,"45":0,"46":0,"47":0,"48":0,"49":0,"50":0,"51":0,"52":0,"53":0,"54":0,"55":0,"56":0,"57":0,"58":0},"f":{"0":0,"1":0,"2":0,"3":0,"4":0,"5":0,"6":0,"7":0,"8":0,"9":0},"b":{}},"/Users/opokusyn/rtetris/src/client/actions/init.js":{"path":"/Users/opokusyn/rtetris/src/client/actions/init.js","statementMap":{"0":{"start":{"line":3,"column":0},"end":{"line":5,"column":3}},"1":{"start":{"line":6,"column":0},"end":{"line":6,"column":42}},"2":{"start":{"line":7,"column":16},"end":{"line":7,"column":27}},"3":{"start":{"line":8,"column":0},"end":{"line":8,"column":30}},"4":{"start":{"line":10,"column":11},"end":{"line":15,"column":1}},"5":{"start":{"line":11,"column":2},"end":{"line":14,"column":4}},"6":{"start":{"line":17,"column":0},"end":{"line":17,"column":20}}},"fnMap":{"0":{"name":"init","decl":{"start":{"line":10,"column":20},"end":{"line":10,"column":24}},"loc":{"start":{"line":10,"column":31},"end":{"line":15,"column":1}},"line":10}},"branchMap":{},"s":{"0":0,"1":0,"2":0,"3":0,"4":0,"5":0,"6":0},"f":{"0":0},"b":{}},"/Users/opokusyn/rtetris/src/client/actions/pageChange.js":{"path":"/Users/opokusyn/rtetris/src/client/actions/pageChange.js","statementMap":{"0":{"start":{"line":3,"column":0},"end":{"line":5,"column":3}},"1":{"start":{"line":6,"column":0},"end":{"line":6,"column":50}},"2":{"start":{"line":7,"column":18},"end":{"line":7,"column":31}},"3":{"start":{"line":8,"column":0},"end":{"line":8,"column":34}},"4":{"start":{"line":10,"column":17},"end":{"line":15,"column":1}},"5":{"start":{"line":11,"column":2},"end":{"line":14,"column":4}},"6":{"start":{"line":17,"column":0},"end":{"line":17,"column":32}}},"fnMap":{"0":{"name":"pageChange","decl":{"start":{"line":10,"column":26},"end":{"line":10,"column":36}},"loc":{"start":{"line":10,"column":43},"end":{"line":15,"column":1}},"line":10}},"branchMap":{},"s":{"0":0,"1":0,"2":0,"3":0,"4":0,"5":0,"6":0},"f":{"0":0},"b":{}},"/Users/opokusyn/rtetris/src/client/actions/roomCreate.js":{"path":"/Users/opokusyn/rtetris/src/client/actions/roomCreate.js","statementMap":{"0":{"start":{"line":3,"column":0},"end":{"line":5,"column":3}},"1":{"start":{"line":6,"column":0},"end":{"line":6,"column":99}},"2":{"start":{"line":7,"column":18},"end":{"line":7,"column":31}},"3":{"start":{"line":8,"column":0},"end":{"line":8,"column":34}},"4":{"start":{"line":10,"column":17},"end":{"line":15,"column":1}},"5":{"start":{"line":11,"column":2},"end":{"line":14,"column":4}},"6":{"start":{"line":17,"column":0},"end":{"line":17,"column":32}},"7":{"start":{"line":18,"column":21},"end":{"line":18,"column":37}},"8":{"start":{"line":19,"column":0},"end":{"line":19,"column":40}},"9":{"start":{"line":21,"column":20},"end":{"line":26,"column":1}},"10":{"start":{"line":22,"column":2},"end":{"line":25,"column":4}},"11":{"start":{"line":28,"column":0},"end":{"line":28,"column":38}}},"fnMap":{"0":{"name":"roomCreate","decl":{"start":{"line":10,"column":26},"end":{"line":10,"column":36}},"loc":{"start":{"line":10,"column":43},"end":{"line":15,"column":1}},"line":10},"1":{"name":"roomSubscribe","decl":{"start":{"line":21,"column":29},"end":{"line":21,"column":42}},"loc":{"start":{"line":21,"column":49},"end":{"line":26,"column":1}},"line":21}},"branchMap":{},"s":{"0":0,"1":0,"2":0,"3":0,"4":0,"5":0,"6":0,"7":0,"8":0,"9":0,"10":0,"11":0},"f":{"0":0,"1":0},"b":{}},"/Users/opokusyn/rtetris/src/client/actions/roomListUpdate.js":{"path":"/Users/opokusyn/rtetris/src/client/actions/roomListUpdate.js","statementMap":{"0":{"start":{"line":3,"column":0},"end":{"line":5,"column":3}},"1":{"start":{"line":6,"column":0},"end":{"line":6,"column":59}},"2":{"start":{"line":7,"column":23},"end":{"line":7,"column":41}},"3":{"start":{"line":8,"column":0},"end":{"line":8,"column":44}},"4":{"start":{"line":10,"column":21},"end":{"line":15,"column":1}},"5":{"start":{"line":11,"column":2},"end":{"line":14,"column":4}},"6":{"start":{"line":17,"column":0},"end":{"line":17,"column":40}}},"fnMap":{"0":{"name":"roomListUpdate","decl":{"start":{"line":10,"column":30},"end":{"line":10,"column":44}},"loc":{"start":{"line":10,"column":55},"end":{"line":15,"column":1}},"line":10}},"branchMap":{},"s":{"0":0,"1":0,"2":0,"3":0,"4":0,"5":0,"6":0},"f":{"0":0},"b":{}},"/Users/opokusyn/rtetris/src/client/actions/server.js":{"path":"/Users/opokusyn/rtetris/src/client/actions/server.js","statementMap":{"0":{"start":{"line":3,"column":0},"end":{"line":5,"column":3}},"1":{"start":{"line":6,"column":0},"end":{"line":6,"column":22}},"2":{"start":{"line":8,"column":11},"end":{"line":12,"column":1}},"3":{"start":{"line":9,"column":2},"end":{"line":11,"column":4}},"4":{"start":{"line":14,"column":0},"end":{"line":14,"column":20}}},"fnMap":{"0":{"name":"ping","decl":{"start":{"line":8,"column":20},"end":{"line":8,"column":24}},"loc":{"start":{"line":8,"column":27},"end":{"line":12,"column":1}},"line":8}},"branchMap":{},"s":{"0":0,"1":0,"2":0,"3":0,"4":0},"f":{"0":0},"b":{}},"/Users/opokusyn/rtetris/src/client/actions/sessionInit.js":{"path":"/Users/opokusyn/rtetris/src/client/actions/sessionInit.js","statementMap":{"0":{"start":{"line":3,"column":0},"end":{"line":5,"column":3}},"1":{"start":{"line":6,"column":0},"end":{"line":6,"column":52}},"2":{"start":{"line":7,"column":19},"end":{"line":7,"column":33}},"3":{"start":{"line":8,"column":0},"end":{"line":8,"column":36}},"4":{"start":{"line":10,"column":18},"end":{"line":15,"column":1}},"5":{"start":{"line":11,"column":2},"end":{"line":14,"column":4}},"6":{"start":{"line":17,"column":0},"end":{"line":17,"column":34}}},"fnMap":{"0":{"name":"sessionInit","decl":{"start":{"line":10,"column":27},"end":{"line":10,"column":38}},"loc":{"start":{"line":10,"column":52},"end":{"line":15,"column":1}},"line":10}},"branchMap":{},"s":{"0":0,"1":0,"2":0,"3":0,"4":0,"5":0,"6":0},"f":{"0":0},"b":{}},"/Users/opokusyn/rtetris/src/client/actions/setName.js":{"path":"/Users/opokusyn/rtetris/src/client/actions/setName.js","statementMap":{"0":{"start":{"line":3,"column":0},"end":{"line":5,"column":3}},"1":{"start":{"line":6,"column":0},"end":{"line":6,"column":44}},"2":{"start":{"line":7,"column":15},"end":{"line":7,"column":25}},"3":{"start":{"line":8,"column":0},"end":{"line":8,"column":28}},"4":{"start":{"line":10,"column":14},"end":{"line":15,"column":1}},"5":{"start":{"line":11,"column":2},"end":{"line":14,"column":4}},"6":{"start":{"line":17,"column":0},"end":{"line":17,"column":26}}},"fnMap":{"0":{"name":"setName","decl":{"start":{"line":10,"column":23},"end":{"line":10,"column":30}},"loc":{"start":{"line":10,"column":37},"end":{"line":15,"column":1}},"line":10}},"branchMap":{},"s":{"0":0,"1":0,"2":0,"3":0,"4":0,"5":0,"6":0},"f":{"0":0},"b":{}},"/Users/opokusyn/rtetris/src/client/actions/user.js":{"path":"/Users/opokusyn/rtetris/src/client/actions/user.js","statementMap":{"0":{"start":{"line":3,"column":0},"end":{"line":5,"column":3}},"1":{"start":{"line":6,"column":0},"end":{"line":6,"column":43}},"2":{"start":{"line":7,"column":16},"end":{"line":7,"column":27}},"3":{"start":{"line":8,"column":0},"end":{"line":8,"column":30}},"4":{"start":{"line":10,"column":12},"end":{"line":15,"column":1}},"5":{"start":{"line":11,"column":2},"end":{"line":14,"column":4}},"6":{"start":{"line":17,"column":0},"end":{"line":17,"column":22}}},"fnMap":{"0":{"name":"users","decl":{"start":{"line":10,"column":21},"end":{"line":10,"column":26}},"loc":{"start":{"line":10,"column":35},"end":{"line":15,"column":1}},"line":10}},"branchMap":{},"s":{"0":0,"1":0,"2":0,"3":0,"4":0,"5":0,"6":0},"f":{"0":0},"b":{}},"/Users/opokusyn/rtetris/src/client/actions/userCreate.js":{"path":"/Users/opokusyn/rtetris/src/client/actions/userCreate.js","statementMap":{"0":{"start":{"line":3,"column":0},"end":{"line":5,"column":3}},"1":{"start":{"line":6,"column":0},"end":{"line":6,"column":50}},"2":{"start":{"line":7,"column":18},"end":{"line":7,"column":31}},"3":{"start":{"line":8,"column":0},"end":{"line":8,"column":34}},"4":{"start":{"line":10,"column":17},"end":{"line":15,"column":1}},"5":{"start":{"line":11,"column":2},"end":{"line":14,"column":4}},"6":{"start":{"line":17,"column":0},"end":{"line":17,"column":32}}},"fnMap":{"0":{"name":"userCreate","decl":{"start":{"line":10,"column":26},"end":{"line":10,"column":36}},"loc":{"start":{"line":10,"column":47},"end":{"line":15,"column":1}},"line":10}},"branchMap":{},"s":{"0":0,"1":0,"2":0,"3":0,"4":0,"5":0,"6":0},"f":{"0":0},"b":{}},"/Users/opokusyn/rtetris/src/client/components/BoardMain/index.js":{"path":"/Users/opokusyn/rtetris/src/client/components/BoardMain/index.js","statementMap":{"0":{"start":{"line":3,"column":0},"end":{"line":5,"column":3}},"1":{"start":{"line":6,"column":0},"end":{"line":6,"column":28}},"2":{"start":{"line":8,"column":13},"end":{"line":8,"column":53}},"3":{"start":{"line":10,"column":13},"end":{"line":10,"column":38}},"4":{"start":{"line":12,"column":18},"end":{"line":12,"column":40}},"5":{"start":{"line":14,"column":12},"end":{"line":14,"column":69}},"6":{"start":{"line":16,"column":12},"end":{"line":16,"column":40}},"7":{"start":{"line":18,"column":14},"end":{"line":18,"column":69}},"8":{"start":{"line":20,"column":39},"end":{"line":20,"column":95}},"9":{"start":{"line":22,"column":35},"end":{"line":22,"column":115}},"10":{"start":{"line":24,"column":32},"end":{"line":24,"column":103}},"11":{"start":{"line":26,"column":34},"end":{"line":26,"column":160}},"12":{"start":{"line":26,"column":136},"end":{"line":26,"column":160}},"13":{"start":{"line":28,"column":35},"end":{"line":28,"column":164}},"14":{"start":{"line":28,"column":61},"end":{"line":28,"column":149}},"15":{"start":{"line":28,"column":74},"end":{"line":28,"column":75}},"16":{"start":{"line":28,"column":84},"end":{"line":28,"column":105}},"17":{"start":{"line":28,"column":130},"end":{"line":28,"column":147}},"18":{"start":{"line":28,"column":150},"end":{"line":28,"column":162}},"19":{"start":{"line":30,"column":54},"end":{"line":30,"column":73}},"20":{"start":{"line":30,"column":75},"end":{"line":30,"column":326}},"21":{"start":{"line":30,"column":125},"end":{"line":30,"column":161}},"22":{"start":{"line":30,"column":163},"end":{"line":30,"column":292}},"23":{"start":{"line":30,"column":183},"end":{"line":30,"column":292}},"24":{"start":{"line":30,"column":225},"end":{"line":30,"column":288}},"25":{"start":{"line":30,"column":293},"end":{"line":30,"column":324}},"26":{"start":{"line":30,"column":327},"end":{"line":30,"column":339}},"27":{"start":{"line":32,"column":33},"end":{"line":32,"column":501}},"28":{"start":{"line":32,"column":46},"end":{"line":32,"column":47}},"29":{"start":{"line":32,"column":91},"end":{"line":32,"column":131}},"30":{"start":{"line":32,"column":133},"end":{"line":32,"column":499}},"31":{"start":{"line":32,"column":146},"end":{"line":32,"column":239}},"32":{"start":{"line":32,"column":193},"end":{"line":32,"column":235}},"33":{"start":{"line":32,"column":247},"end":{"line":32,"column":499}},"34":{"start":{"line":32,"column":287},"end":{"line":32,"column":361}},"35":{"start":{"line":32,"column":371},"end":{"line":32,"column":497}},"36":{"start":{"line":32,"column":412},"end":{"line":32,"column":493}},"37":{"start":{"line":32,"column":502},"end":{"line":32,"column":516}},"38":{"start":{"line":34,"column":44},"end":{"line":34,"column":195}},"39":{"start":{"line":34,"column":62},"end":{"line":34,"column":166}},"40":{"start":{"line":34,"column":176},"end":{"line":34,"column":193}},"41":{"start":{"line":34,"column":196},"end":{"line":34,"column":207}},"42":{"start":{"line":36,"column":16},"end":{"line":105,"column":2}},"43":{"start":{"line":37,"column":2},"end":{"line":104,"column":4}},"44":{"start":{"line":107,"column":15},"end":{"line":116,"column":1}},"45":{"start":{"line":108,"column":14},"end":{"line":108,"column":24}},"46":{"start":{"line":109,"column":12},"end":{"line":114,"column":4}},"47":{"start":{"line":110,"column":4},"end":{"line":113,"column":7}},"48":{"start":{"line":115,"column":2},"end":{"line":115,"column":13}},"49":{"start":{"line":119,"column":15},"end":{"line":134,"column":1}},"50":{"start":{"line":120,"column":14},"end":{"line":120,"column":25}},"51":{"start":{"line":121,"column":16},"end":{"line":121,"column":29}},"52":{"start":{"line":122,"column":2},"end":{"line":122,"column":36}},"53":{"start":{"line":122,"column":23},"end":{"line":122,"column":36}},"54":{"start":{"line":123,"column":15},"end":{"line":123,"column":36}},"55":{"start":{"line":124,"column":13},"end":{"line":124,"column":25}},"56":{"start":{"line":125,"column":17},"end":{"line":127,"column":4}},"57":{"start":{"line":126,"column":4},"end":{"line":126,"column":34}},"58":{"start":{"line":128,"column":2},"end":{"line":132,"column":5}},"59":{"start":{"line":129,"column":4},"end":{"line":131,"column":7}},"60":{"start":{"line":130,"column":6},"end":{"line":130,"column":84}},"61":{"start":{"line":133,"column":2},"end":{"line":133,"column":18}},"62":{"start":{"line":136,"column":19},"end":{"line":155,"column":1}},"63":{"start":{"line":137,"column":14},"end":{"line":137,"column":39}},"64":{"start":{"line":139,"column":16},"end":{"line":139,"column":18}},"65":{"start":{"line":140,"column":2},"end":{"line":153,"column":5}},"66":{"start":{"line":141,"column":4},"end":{"line":152,"column":7}},"67":{"start":{"line":142,"column":14},"end":{"line":142,"column":15}},"68":{"start":{"line":144,"column":6},"end":{"line":151,"column":7}},"69":{"start":{"line":145,"column":8},"end":{"line":148,"column":9}},"70":{"start":{"line":146,"column":10},"end":{"line":146,"column":26}},"71":{"start":{"line":147,"column":10},"end":{"line":147,"column":14}},"72":{"start":{"line":150,"column":8},"end":{"line":150,"column":24}},"73":{"start":{"line":154,"column":2},"end":{"line":154,"column":15}},"74":{"start":{"line":157,"column":17},"end":{"line":169,"column":1}},"75":{"start":{"line":158,"column":15},"end":{"line":158,"column":85}},"76":{"start":{"line":159,"column":2},"end":{"line":168,"column":5}},"77":{"start":{"line":160,"column":4},"end":{"line":167,"column":9}},"78":{"start":{"line":171,"column":16},"end":{"line":220,"column":1}},"79":{"start":{"line":172,"column":14},"end":{"line":172,"column":25}},"80":{"start":{"line":173,"column":15},"end":{"line":173,"column":27}},"81":{"start":{"line":174,"column":14},"end":{"line":174,"column":25}},"82":{"start":{"line":175,"column":17},"end":{"line":175,"column":31}},"83":{"start":{"line":176,"column":15},"end":{"line":176,"column":27}},"84":{"start":{"line":177,"column":17},"end":{"line":177,"column":31}},"85":{"start":{"line":178,"column":16},"end":{"line":178,"column":27}},"86":{"start":{"line":180,"column":2},"end":{"line":186,"column":3}},"87":{"start":{"line":181,"column":4},"end":{"line":183,"column":7}},"88":{"start":{"line":185,"column":4},"end":{"line":185,"column":14}},"89":{"start":{"line":188,"column":17},"end":{"line":191,"column":3}},"90":{"start":{"line":192,"column":19},"end":{"line":192,"column":21}},"91":{"start":{"line":193,"column":2},"end":{"line":200,"column":5}},"92":{"start":{"line":194,"column":4},"end":{"line":199,"column":5}},"93":{"start":{"line":195,"column":6},"end":{"line":198,"column":9}},"94":{"start":{"line":201,"column":18},"end":{"line":201,"column":41}},"95":{"start":{"line":202,"column":2},"end":{"line":219,"column":71}},"96":{"start":{"line":222,"column":22},"end":{"line":224,"column":1}},"97":{"start":{"line":223,"column":2},"end":{"line":223,"column":15}},"98":{"start":{"line":226,"column":15},"end":{"line":226,"column":73}},"99":{"start":{"line":228,"column":0},"end":{"line":228,"column":30}}},"fnMap":{"0":{"name":"_interopRequireDefault","decl":{"start":{"line":20,"column":9},"end":{"line":20,"column":31}},"loc":{"start":{"line":20,"column":37},"end":{"line":20,"column":97}},"line":20},"1":{"name":"_toConsumableArray","decl":{"start":{"line":22,"column":9},"end":{"line":22,"column":27}},"loc":{"start":{"line":22,"column":33},"end":{"line":22,"column":117}},"line":22},"2":{"name":"_nonIterableSpread","decl":{"start":{"line":24,"column":9},"end":{"line":24,"column":27}},"loc":{"start":{"line":24,"column":30},"end":{"line":24,"column":105}},"line":24},"3":{"name":"_iterableToArray","decl":{"start":{"line":26,"column":9},"end":{"line":26,"column":25}},"loc":{"start":{"line":26,"column":32},"end":{"line":26,"column":162}},"line":26},"4":{"name":"_arrayWithoutHoles","decl":{"start":{"line":28,"column":9},"end":{"line":28,"column":27}},"loc":{"start":{"line":28,"column":33},"end":{"line":28,"column":166}},"line":28},"5":{"name":"ownKeys","decl":{"start":{"line":30,"column":9},"end":{"line":30,"column":16}},"loc":{"start":{"line":30,"column":41},"end":{"line":30,"column":341}},"line":30},"6":{"name":"(anonymous_6)","decl":{"start":{"line":30,"column":208},"end":{"line":30,"column":209}},"loc":{"start":{"line":30,"column":223},"end":{"line":30,"column":290}},"line":30},"7":{"name":"_objectSpread","decl":{"start":{"line":32,"column":9},"end":{"line":32,"column":22}},"loc":{"start":{"line":32,"column":31},"end":{"line":32,"column":518}},"line":32},"8":{"name":"(anonymous_8)","decl":{"start":{"line":32,"column":176},"end":{"line":32,"column":177}},"loc":{"start":{"line":32,"column":191},"end":{"line":32,"column":237}},"line":32},"9":{"name":"(anonymous_9)","decl":{"start":{"line":32,"column":395},"end":{"line":32,"column":396}},"loc":{"start":{"line":32,"column":410},"end":{"line":32,"column":495}},"line":32},"10":{"name":"_defineProperty","decl":{"start":{"line":34,"column":9},"end":{"line":34,"column":24}},"loc":{"start":{"line":34,"column":42},"end":{"line":34,"column":209}},"line":34},"11":{"name":"(anonymous_11)","decl":{"start":{"line":36,"column":38},"end":{"line":36,"column":39}},"loc":{"start":{"line":36,"column":55},"end":{"line":105,"column":1}},"line":36},"12":{"name":"buildRow","decl":{"start":{"line":107,"column":24},"end":{"line":107,"column":32}},"loc":{"start":{"line":107,"column":39},"end":{"line":116,"column":1}},"line":107},"13":{"name":"(anonymous_13)","decl":{"start":{"line":109,"column":22},"end":{"line":109,"column":23}},"loc":{"start":{"line":109,"column":40},"end":{"line":114,"column":3}},"line":109},"14":{"name":"mapTable","decl":{"start":{"line":119,"column":24},"end":{"line":119,"column":32}},"loc":{"start":{"line":119,"column":40},"end":{"line":134,"column":1}},"line":119},"15":{"name":"(anonymous_15)","decl":{"start":{"line":125,"column":27},"end":{"line":125,"column":28}},"loc":{"start":{"line":125,"column":41},"end":{"line":127,"column":3}},"line":125},"16":{"name":"(anonymous_16)","decl":{"start":{"line":128,"column":13},"end":{"line":128,"column":14}},"loc":{"start":{"line":128,"column":35},"end":{"line":132,"column":3}},"line":128},"17":{"name":"(anonymous_17)","decl":{"start":{"line":129,"column":11},"end":{"line":129,"column":12}},"loc":{"start":{"line":129,"column":32},"end":{"line":131,"column":5}},"line":129},"18":{"name":"mapOtherTabe","decl":{"start":{"line":136,"column":28},"end":{"line":136,"column":40}},"loc":{"start":{"line":136,"column":48},"end":{"line":155,"column":1}},"line":136},"19":{"name":"(anonymous_19)","decl":{"start":{"line":140,"column":16},"end":{"line":140,"column":17}},"loc":{"start":{"line":140,"column":40},"end":{"line":153,"column":3}},"line":140},"20":{"name":"(anonymous_20)","decl":{"start":{"line":141,"column":15},"end":{"line":141,"column":16}},"loc":{"start":{"line":141,"column":39},"end":{"line":152,"column":5}},"line":141},"21":{"name":"otherBoard","decl":{"start":{"line":157,"column":26},"end":{"line":157,"column":36}},"loc":{"start":{"line":157,"column":39},"end":{"line":169,"column":1}},"line":157},"22":{"name":"(anonymous_22)","decl":{"start":{"line":159,"column":20},"end":{"line":159,"column":21}},"loc":{"start":{"line":159,"column":37},"end":{"line":168,"column":3}},"line":159},"23":{"name":"BoardMain","decl":{"start":{"line":171,"column":25},"end":{"line":171,"column":34}},"loc":{"start":{"line":171,"column":42},"end":{"line":220,"column":1}},"line":171},"24":{"name":"(anonymous_24)","decl":{"start":{"line":193,"column":30},"end":{"line":193,"column":31}},"loc":{"start":{"line":193,"column":47},"end":{"line":200,"column":3}},"line":193},"25":{"name":"mapStateToProps","decl":{"start":{"line":222,"column":31},"end":{"line":222,"column":46}},"loc":{"start":{"line":222,"column":54},"end":{"line":224,"column":1}},"line":222}},"branchMap":{"0":{"loc":{"start":{"line":20,"column":46},"end":{"line":20,"column":94}},"type":"cond-expr","locations":[{"start":{"line":20,"column":70},"end":{"line":20,"column":73}},{"start":{"line":20,"column":76},"end":{"line":20,"column":94}}],"line":20},"1":{"loc":{"start":{"line":20,"column":46},"end":{"line":20,"column":67}},"type":"binary-expr","locations":[{"start":{"line":20,"column":46},"end":{"line":20,"column":49}},{"start":{"line":20,"column":53},"end":{"line":20,"column":67}}],"line":20},"2":{"loc":{"start":{"line":22,"column":42},"end":{"line":22,"column":114}},"type":"binary-expr","locations":[{"start":{"line":22,"column":42},"end":{"line":22,"column":65}},{"start":{"line":22,"column":69},"end":{"line":22,"column":90}},{"start":{"line":22,"column":94},"end":{"line":22,"column":114}}],"line":22},"3":{"loc":{"start":{"line":26,"column":34},"end":{"line":26,"column":160}},"type":"if","locations":[{"start":{"line":26,"column":34},"end":{"line":26,"column":160}},{"start":{"line":26,"column":34},"end":{"line":26,"column":160}}],"line":26},"4":{"loc":{"start":{"line":26,"column":38},"end":{"line":26,"column":134}},"type":"binary-expr","locations":[{"start":{"line":26,"column":38},"end":{"line":26,"column":69}},{"start":{"line":26,"column":73},"end":{"line":26,"column":134}}],"line":26},"5":{"loc":{"start":{"line":28,"column":35},"end":{"line":28,"column":164}},"type":"if","locations":[{"start":{"line":28,"column":35},"end":{"line":28,"column":164}},{"start":{"line":28,"column":35},"end":{"line":28,"column":164}}],"line":28},"6":{"loc":{"start":{"line":30,"column":75},"end":{"line":30,"column":326}},"type":"if","locations":[{"start":{"line":30,"column":75},"end":{"line":30,"column":326}},{"start":{"line":30,"column":75},"end":{"line":30,"column":326}}],"line":30},"7":{"loc":{"start":{"line":30,"column":163},"end":{"line":30,"column":292}},"type":"if","locations":[{"start":{"line":30,"column":163},"end":{"line":30,"column":292}},{"start":{"line":30,"column":163},"end":{"line":30,"column":292}}],"line":30},"8":{"loc":{"start":{"line":32,"column":91},"end":{"line":32,"column":131}},"type":"cond-expr","locations":[{"start":{"line":32,"column":114},"end":{"line":32,"column":126}},{"start":{"line":32,"column":129},"end":{"line":32,"column":131}}],"line":32},"9":{"loc":{"start":{"line":32,"column":133},"end":{"line":32,"column":499}},"type":"if","locations":[{"start":{"line":32,"column":133},"end":{"line":32,"column":499}},{"start":{"line":32,"column":133},"end":{"line":32,"column":499}}],"line":32},"10":{"loc":{"start":{"line":32,"column":247},"end":{"line":32,"column":499}},"type":"if","locations":[{"start":{"line":32,"column":247},"end":{"line":32,"column":499}},{"start":{"line":32,"column":247},"end":{"line":32,"column":499}}],"line":32},"11":{"loc":{"start":{"line":34,"column":44},"end":{"line":34,"column":195}},"type":"if","locations":[{"start":{"line":34,"column":44},"end":{"line":34,"column":195}},{"start":{"line":34,"column":44},"end":{"line":34,"column":195}}],"line":34},"12":{"loc":{"start":{"line":122,"column":2},"end":{"line":122,"column":36}},"type":"if","locations":[{"start":{"line":122,"column":2},"end":{"line":122,"column":36}},{"start":{"line":122,"column":2},"end":{"line":122,"column":36}}],"line":122},"13":{"loc":{"start":{"line":130,"column":41},"end":{"line":130,"column":83}},"type":"cond-expr","locations":[{"start":{"line":130,"column":46},"end":{"line":130,"column":48}},{"start":{"line":130,"column":51},"end":{"line":130,"column":83}}],"line":130},"14":{"loc":{"start":{"line":144,"column":6},"end":{"line":151,"column":7}},"type":"if","locations":[{"start":{"line":144,"column":6},"end":{"line":151,"column":7}},{"start":{"line":144,"column":6},"end":{"line":151,"column":7}}],"line":144},"15":{"loc":{"start":{"line":144,"column":10},"end":{"line":144,"column":42}},"type":"binary-expr","locations":[{"start":{"line":144,"column":10},"end":{"line":144,"column":18}},{"start":{"line":144,"column":22},"end":{"line":144,"column":42}}],"line":144},"16":{"loc":{"start":{"line":158,"column":15},"end":{"line":158,"column":85}},"type":"cond-expr","locations":[{"start":{"line":158,"column":68},"end":{"line":158,"column":80}},{"start":{"line":158,"column":83},"end":{"line":158,"column":85}}],"line":158},"17":{"loc":{"start":{"line":158,"column":15},"end":{"line":158,"column":65}},"type":"binary-expr","locations":[{"start":{"line":158,"column":15},"end":{"line":158,"column":35}},{"start":{"line":158,"column":39},"end":{"line":158,"column":65}}],"line":158},"18":{"loc":{"start":{"line":164,"column":33},"end":{"line":164,"column":60}},"type":"cond-expr","locations":[{"start":{"line":164,"column":47},"end":{"line":164,"column":55}},{"start":{"line":164,"column":58},"end":{"line":164,"column":60}}],"line":164},"19":{"loc":{"start":{"line":180,"column":2},"end":{"line":186,"column":3}},"type":"if","locations":[{"start":{"line":180,"column":2},"end":{"line":186,"column":3}},{"start":{"line":180,"column":2},"end":{"line":186,"column":3}}],"line":180},"20":{"loc":{"start":{"line":180,"column":6},"end":{"line":180,"column":34}},"type":"binary-expr","locations":[{"start":{"line":180,"column":6},"end":{"line":180,"column":13}},{"start":{"line":180,"column":17},"end":{"line":180,"column":34}}],"line":180},"21":{"loc":{"start":{"line":194,"column":4},"end":{"line":199,"column":5}},"type":"if","locations":[{"start":{"line":194,"column":4},"end":{"line":199,"column":5}},{"start":{"line":194,"column":4},"end":{"line":199,"column":5}}],"line":194},"22":{"loc":{"start":{"line":209,"column":5},"end":{"line":209,"column":63}},"type":"cond-expr","locations":[{"start":{"line":209,"column":37},"end":{"line":209,"column":58}},{"start":{"line":209,"column":61},"end":{"line":209,"column":63}}],"line":209},"23":{"loc":{"start":{"line":209,"column":5},"end":{"line":209,"column":34}},"type":"binary-expr","locations":[{"start":{"line":209,"column":5},"end":{"line":209,"column":14}},{"start":{"line":209,"column":18},"end":{"line":209,"column":34}}],"line":209},"24":{"loc":{"start":{"line":213,"column":35},"end":{"line":213,"column":65}},"type":"cond-expr","locations":[{"start":{"line":213,"column":52},"end":{"line":213,"column":60}},{"start":{"line":213,"column":63},"end":{"line":213,"column":65}}],"line":213},"25":{"loc":{"start":{"line":219,"column":5},"end":{"line":219,"column":66}},"type":"cond-expr","locations":[{"start":{"line":219,"column":39},"end":{"line":219,"column":61}},{"start":{"line":219,"column":64},"end":{"line":219,"column":66}}],"line":219},"26":{"loc":{"start":{"line":219,"column":5},"end":{"line":219,"column":36}},"type":"binary-expr","locations":[{"start":{"line":219,"column":5},"end":{"line":219,"column":15}},{"start":{"line":219,"column":19},"end":{"line":219,"column":36}}],"line":219}},"s":{"0":0,"1":0,"2":0,"3":0,"4":0,"5":0,"6":0,"7":0,"8":0,"9":0,"10":0,"11":0,"12":0,"13":0,"14":0,"15":0,"16":0,"17":0,"18":0,"19":0,"20":0,"21":0,"22":0,"23":0,"24":0,"25":0,"26":0,"27":0,"28":0,"29":0,"30":0,"31":0,"32":0,"33":0,"34":0,"35":0,"36":0,"37":0,"38":0,"39":0,"40":0,"41":0,"42":0,"43":0,"44":0,"45":0,"46":0,"47":0,"48":0,"49":0,"50":0,"51":0,"52":0,"53":0,"54":0,"55":0,"56":0,"57":0,"58":0,"59":0,"60":0,"61":0,"62":0,"63":0,"64":0,"65":0,"66":0,"67":0,"68":0,"69":0,"70":0,"71":0,"72":0,"73":0,"74":0,"75":0,"76":0,"77":0,"78":0,"79":0,"80":0,"81":0,"82":0,"83":0,"84":0,"85":0,"86":0,"87":0,"88":0,"89":0,"90":0,"91":0,"92":0,"93":0,"94":0,"95":0,"96":0,"97":0,"98":0,"99":0},"f":{"0":0,"1":0,"2":0,"3":0,"4":0,"5":0,"6":0,"7":0,"8":0,"9":0,"10":0,"11":0,"12":0,"13":0,"14":0,"15":0,"16":0,"17":0,"18":0,"19":0,"20":0,"21":0,"22":0,"23":0,"24":0,"25":0},"b":{"0":[0,0],"1":[0,0],"2":[0,0,0],"3":[0,0],"4":[0,0],"5":[0,0],"6":[0,0],"7":[0,0],"8":[0,0],"9":[0,0],"10":[0,0],"11":[0,0],"12":[0,0],"13":[0,0],"14":[0,0],"15":[0,0],"16":[0,0],"17":[0,0],"18":[0,0],"19":[0,0],"20":[0,0],"21":[0,0],"22":[0,0],"23":[0,0],"24":[0,0],"25":[0,0],"26":[0,0]}},"/Users/opokusyn/rtetris/src/client/components/Cell/index.js":{"path":"/Users/opokusyn/rtetris/src/client/components/Cell/index.js","statementMap":{"0":{"start":{"line":3,"column":0},"end":{"line":5,"column":3}},"1":{"start":{"line":6,"column":0},"end":{"line":6,"column":22}},"2":{"start":{"line":8,"column":13},"end":{"line":8,"column":53}},"3":{"start":{"line":10,"column":39},"end":{"line":10,"column":95}},"4":{"start":{"line":12,"column":12},"end":{"line":12,"column":14}},"5":{"start":{"line":14,"column":17},"end":{"line":21,"column":1}},"6":{"start":{"line":15,"column":2},"end":{"line":20,"column":3}},"7":{"start":{"line":15,"column":15},"end":{"line":15,"column":16}},"8":{"start":{"line":16,"column":4},"end":{"line":19,"column":8}},"9":{"start":{"line":23,"column":0},"end":{"line":23,"column":13}},"10":{"start":{"line":26,"column":2},"end":{"line":26,"column":13}},"11":{"start":{"line":31,"column":11},"end":{"line":35,"column":1}},"12":{"start":{"line":32,"column":2},"end":{"line":34,"column":5}},"13":{"start":{"line":37,"column":0},"end":{"line":37,"column":20}}},"fnMap":{"0":{"name":"_interopRequireDefault","decl":{"start":{"line":10,"column":9},"end":{"line":10,"column":31}},"loc":{"start":{"line":10,"column":37},"end":{"line":10,"column":97}},"line":10},"1":{"name":"createCell","decl":{"start":{"line":14,"column":26},"end":{"line":14,"column":36}},"loc":{"start":{"line":14,"column":45},"end":{"line":21,"column":1}},"line":14},"2":{"name":"test","decl":{"start":{"line":25,"column":9},"end":{"line":25,"column":13}},"loc":{"start":{"line":25,"column":17},"end":{"line":27,"column":1}},"line":25},"3":{"name":"Cell","decl":{"start":{"line":31,"column":20},"end":{"line":31,"column":24}},"loc":{"start":{"line":31,"column":27},"end":{"line":35,"column":1}},"line":31}},"branchMap":{"0":{"loc":{"start":{"line":10,"column":46},"end":{"line":10,"column":94}},"type":"cond-expr","locations":[{"start":{"line":10,"column":70},"end":{"line":10,"column":73}},{"start":{"line":10,"column":76},"end":{"line":10,"column":94}}],"line":10},"1":{"loc":{"start":{"line":10,"column":46},"end":{"line":10,"column":67}},"type":"binary-expr","locations":[{"start":{"line":10,"column":46},"end":{"line":10,"column":49}},{"start":{"line":10,"column":53},"end":{"line":10,"column":67}}],"line":10}},"s":{"0":0,"1":0,"2":0,"3":0,"4":0,"5":0,"6":0,"7":0,"8":0,"9":0,"10":0,"11":0,"12":0,"13":0},"f":{"0":0,"1":0,"2":0,"3":0},"b":{"0":[0,0],"1":[0,0]}},"/Users/opokusyn/rtetris/src/client/components/ErrorPopup/index.js":{"path":"/Users/opokusyn/rtetris/src/client/components/ErrorPopup/index.js","statementMap":{"0":{"start":{"line":3,"column":0},"end":{"line":5,"column":3}},"1":{"start":{"line":6,"column":0},"end":{"line":6,"column":28}},"2":{"start":{"line":8,"column":13},"end":{"line":8,"column":54}},"3":{"start":{"line":10,"column":14},"end":{"line":10,"column":73}},"4":{"start":{"line":12,"column":19},"end":{"line":12,"column":83}},"5":{"start":{"line":14,"column":21},"end":{"line":14,"column":87}},"6":{"start":{"line":16,"column":25},"end":{"line":16,"column":95}},"7":{"start":{"line":18,"column":14},"end":{"line":18,"column":73}},"8":{"start":{"line":20,"column":18},"end":{"line":20,"column":40}},"9":{"start":{"line":22,"column":13},"end":{"line":22,"column":65}},"10":{"start":{"line":24,"column":13},"end":{"line":24,"column":45}},"11":{"start":{"line":26,"column":39},"end":{"line":26,"column":95}},"12":{"start":{"line":28,"column":40},"end":{"line":28,"column":473}},"13":{"start":{"line":28,"column":69},"end":{"line":28,"column":80}},"14":{"start":{"line":28,"column":103},"end":{"line":28,"column":105}},"15":{"start":{"line":28,"column":107},"end":{"line":28,"column":431}},"16":{"start":{"line":28,"column":126},"end":{"line":28,"column":429}},"17":{"start":{"line":28,"column":149},"end":{"line":28,"column":427}},"18":{"start":{"line":28,"column":214},"end":{"line":28,"column":319}},"19":{"start":{"line":28,"column":321},"end":{"line":28,"column":425}},"20":{"start":{"line":28,"column":349},"end":{"line":28,"column":390}},"21":{"start":{"line":28,"column":400},"end":{"line":28,"column":423}},"22":{"start":{"line":28,"column":432},"end":{"line":28,"column":456}},"23":{"start":{"line":28,"column":457},"end":{"line":28,"column":471}},"24":{"start":{"line":30,"column":17},"end":{"line":52,"column":1}},"25":{"start":{"line":31,"column":14},"end":{"line":31,"column":24}},"26":{"start":{"line":33,"column":20},"end":{"line":35,"column":3}},"27":{"start":{"line":34,"column":4},"end":{"line":34,"column":56}},"28":{"start":{"line":37,"column":2},"end":{"line":39,"column":3}},"29":{"start":{"line":38,"column":4},"end":{"line":38,"column":56}},"30":{"start":{"line":41,"column":2},"end":{"line":51,"column":15}},"31":{"start":{"line":54,"column":22},"end":{"line":58,"column":1}},"32":{"start":{"line":55,"column":2},"end":{"line":57,"column":4}},"33":{"start":{"line":60,"column":15},"end":{"line":60,"column":74}},"34":{"start":{"line":63,"column":0},"end":{"line":63,"column":30}}},"fnMap":{"0":{"name":"_interopRequireDefault","decl":{"start":{"line":26,"column":9},"end":{"line":26,"column":31}},"loc":{"start":{"line":26,"column":37},"end":{"line":26,"column":97}},"line":26},"1":{"name":"_interopRequireWildcard","decl":{"start":{"line":28,"column":9},"end":{"line":28,"column":32}},"loc":{"start":{"line":28,"column":38},"end":{"line":28,"column":475}},"line":28},"2":{"name":"ErrorPopup","decl":{"start":{"line":30,"column":26},"end":{"line":30,"column":36}},"loc":{"start":{"line":30,"column":43},"end":{"line":52,"column":1}},"line":30},"3":{"name":"handleClose","decl":{"start":{"line":33,"column":29},"end":{"line":33,"column":40}},"loc":{"start":{"line":33,"column":43},"end":{"line":35,"column":3}},"line":33},"4":{"name":"mapStateToProps","decl":{"start":{"line":54,"column":31},"end":{"line":54,"column":46}},"loc":{"start":{"line":54,"column":54},"end":{"line":58,"column":1}},"line":54}},"branchMap":{"0":{"loc":{"start":{"line":26,"column":46},"end":{"line":26,"column":94}},"type":"cond-expr","locations":[{"start":{"line":26,"column":70},"end":{"line":26,"column":73}},{"start":{"line":26,"column":76},"end":{"line":26,"column":94}}],"line":26},"1":{"loc":{"start":{"line":26,"column":46},"end":{"line":26,"column":67}},"type":"binary-expr","locations":[{"start":{"line":26,"column":46},"end":{"line":26,"column":49}},{"start":{"line":26,"column":53},"end":{"line":26,"column":67}}],"line":26},"2":{"loc":{"start":{"line":28,"column":40},"end":{"line":28,"column":473}},"type":"if","locations":[{"start":{"line":28,"column":40},"end":{"line":28,"column":473}},{"start":{"line":28,"column":40},"end":{"line":28,"column":473}}],"line":28},"3":{"loc":{"start":{"line":28,"column":44},"end":{"line":28,"column":65}},"type":"binary-expr","locations":[{"start":{"line":28,"column":44},"end":{"line":28,"column":47}},{"start":{"line":28,"column":51},"end":{"line":28,"column":65}}],"line":28},"4":{"loc":{"start":{"line":28,"column":107},"end":{"line":28,"column":431}},"type":"if","locations":[{"start":{"line":28,"column":107},"end":{"line":28,"column":431}},{"start":{"line":28,"column":107},"end":{"line":28,"column":431}}],"line":28},"5":{"loc":{"start":{"line":28,"column":149},"end":{"line":28,"column":427}},"type":"if","locations":[{"start":{"line":28,"column":149},"end":{"line":28,"column":427}},{"start":{"line":28,"column":149},"end":{"line":28,"column":427}}],"line":28},"6":{"loc":{"start":{"line":28,"column":214},"end":{"line":28,"column":319}},"type":"cond-expr","locations":[{"start":{"line":28,"column":273},"end":{"line":28,"column":314}},{"start":{"line":28,"column":317},"end":{"line":28,"column":319}}],"line":28},"7":{"loc":{"start":{"line":28,"column":214},"end":{"line":28,"column":270}},"type":"binary-expr","locations":[{"start":{"line":28,"column":214},"end":{"line":28,"column":235}},{"start":{"line":28,"column":239},"end":{"line":28,"column":270}}],"line":28},"8":{"loc":{"start":{"line":28,"column":321},"end":{"line":28,"column":425}},"type":"if","locations":[{"start":{"line":28,"column":321},"end":{"line":28,"column":425}},{"start":{"line":28,"column":321},"end":{"line":28,"column":425}}],"line":28},"9":{"loc":{"start":{"line":28,"column":325},"end":{"line":28,"column":345}},"type":"binary-expr","locations":[{"start":{"line":28,"column":325},"end":{"line":28,"column":333}},{"start":{"line":28,"column":337},"end":{"line":28,"column":345}}],"line":28},"10":{"loc":{"start":{"line":37,"column":2},"end":{"line":39,"column":3}},"type":"if","locations":[{"start":{"line":37,"column":2},"end":{"line":39,"column":3}},{"start":{"line":37,"column":2},"end":{"line":39,"column":3}}],"line":37}},"s":{"0":0,"1":0,"2":0,"3":0,"4":0,"5":0,"6":0,"7":0,"8":0,"9":0,"10":0,"11":0,"12":0,"13":0,"14":0,"15":0,"16":0,"17":0,"18":0,"19":0,"20":0,"21":0,"22":0,"23":0,"24":0,"25":0,"26":0,"27":0,"28":0,"29":0,"30":0,"31":0,"32":0,"33":0,"34":0},"f":{"0":0,"1":0,"2":0,"3":0,"4":0},"b":{"0":[0,0],"1":[0,0],"2":[0,0],"3":[0,0],"4":[0,0],"5":[0,0],"6":[0,0],"7":[0,0],"8":[0,0],"9":[0,0],"10":[0,0]}},"/Users/opokusyn/rtetris/src/client/components/Footer/index.js":{"path":"/Users/opokusyn/rtetris/src/client/components/Footer/index.js","statementMap":{},"fnMap":{},"branchMap":{},"s":{},"f":{},"b":{}},"/Users/opokusyn/rtetris/src/client/components/GameRow/index.js":{"path":"/Users/opokusyn/rtetris/src/client/components/GameRow/index.js","statementMap":{"0":{"start":{"line":3,"column":0},"end":{"line":5,"column":3}},"1":{"start":{"line":6,"column":0},"end":{"line":6,"column":28}},"2":{"start":{"line":8,"column":13},"end":{"line":8,"column":53}},"3":{"start":{"line":10,"column":16},"end":{"line":10,"column":77}},"4":{"start":{"line":12,"column":20},"end":{"line":12,"column":85}},"5":{"start":{"line":14,"column":15},"end":{"line":14,"column":76}},"6":{"start":{"line":16,"column":18},"end":{"line":16,"column":92}},"7":{"start":{"line":18,"column":14},"end":{"line":18,"column":69}},"8":{"start":{"line":20,"column":14},"end":{"line":20,"column":45}},"9":{"start":{"line":22,"column":39},"end":{"line":22,"column":95}},"10":{"start":{"line":24,"column":14},"end":{"line":47,"column":1}},"11":{"start":{"line":25,"column":13},"end":{"line":25,"column":26}},"12":{"start":{"line":26,"column":11},"end":{"line":26,"column":22}},"13":{"start":{"line":27,"column":21},"end":{"line":27,"column":42}},"14":{"start":{"line":29,"column":21},"end":{"line":38,"column":3}},"15":{"start":{"line":30,"column":4},"end":{"line":32,"column":5}},"16":{"start":{"line":31,"column":6},"end":{"line":31,"column":13}},"17":{"start":{"line":34,"column":4},"end":{"line":37,"column":7}},"18":{"start":{"line":40,"column":2},"end":{"line":46,"column":160}},"19":{"start":{"line":49,"column":15},"end":{"line":49,"column":22}},"20":{"start":{"line":50,"column":0},"end":{"line":50,"column":30}}},"fnMap":{"0":{"name":"_interopRequireDefault","decl":{"start":{"line":22,"column":9},"end":{"line":22,"column":31}},"loc":{"start":{"line":22,"column":37},"end":{"line":22,"column":97}},"line":22},"1":{"name":"GameRow","decl":{"start":{"line":24,"column":23},"end":{"line":24,"column":30}},"loc":{"start":{"line":24,"column":48},"end":{"line":47,"column":1}},"line":24},"2":{"name":"handleToggle","decl":{"start":{"line":29,"column":30},"end":{"line":29,"column":42}},"loc":{"start":{"line":29,"column":45},"end":{"line":38,"column":3}},"line":29}},"branchMap":{"0":{"loc":{"start":{"line":22,"column":46},"end":{"line":22,"column":94}},"type":"cond-expr","locations":[{"start":{"line":22,"column":70},"end":{"line":22,"column":73}},{"start":{"line":22,"column":76},"end":{"line":22,"column":94}}],"line":22},"1":{"loc":{"start":{"line":22,"column":46},"end":{"line":22,"column":67}},"type":"binary-expr","locations":[{"start":{"line":22,"column":46},"end":{"line":22,"column":49}},{"start":{"line":22,"column":53},"end":{"line":22,"column":67}}],"line":22},"2":{"loc":{"start":{"line":30,"column":4},"end":{"line":32,"column":5}},"type":"if","locations":[{"start":{"line":30,"column":4},"end":{"line":32,"column":5}},{"start":{"line":30,"column":4},"end":{"line":32,"column":5}}],"line":30}},"s":{"0":0,"1":0,"2":0,"3":0,"4":0,"5":0,"6":0,"7":0,"8":0,"9":0,"10":0,"11":0,"12":0,"13":0,"14":0,"15":0,"16":0,"17":0,"18":0,"19":0,"20":0},"f":{"0":0,"1":0,"2":0},"b":{"0":[0,0],"1":[0,0],"2":[0,0]}},"/Users/opokusyn/rtetris/src/client/components/Header/index.js":{"path":"/Users/opokusyn/rtetris/src/client/components/Header/index.js","statementMap":{"0":{"start":{"line":3,"column":0},"end":{"line":5,"column":3}},"1":{"start":{"line":6,"column":0},"end":{"line":6,"column":28}},"2":{"start":{"line":8,"column":13},"end":{"line":8,"column":53}},"3":{"start":{"line":10,"column":14},"end":{"line":10,"column":73}},"4":{"start":{"line":12,"column":15},"end":{"line":12,"column":75}},"5":{"start":{"line":14,"column":18},"end":{"line":14,"column":81}},"6":{"start":{"line":16,"column":20},"end":{"line":16,"column":72}},"7":{"start":{"line":18,"column":39},"end":{"line":18,"column":95}},"8":{"start":{"line":20,"column":13},"end":{"line":30,"column":1}},"9":{"start":{"line":21,"column":2},"end":{"line":29,"column":87}},"10":{"start":{"line":32,"column":15},"end":{"line":32,"column":21}},"11":{"start":{"line":33,"column":0},"end":{"line":33,"column":30}}},"fnMap":{"0":{"name":"_interopRequireDefault","decl":{"start":{"line":18,"column":9},"end":{"line":18,"column":31}},"loc":{"start":{"line":18,"column":37},"end":{"line":18,"column":97}},"line":18},"1":{"name":"Header","decl":{"start":{"line":20,"column":22},"end":{"line":20,"column":28}},"loc":{"start":{"line":20,"column":31},"end":{"line":30,"column":1}},"line":20}},"branchMap":{"0":{"loc":{"start":{"line":18,"column":46},"end":{"line":18,"column":94}},"type":"cond-expr","locations":[{"start":{"line":18,"column":70},"end":{"line":18,"column":73}},{"start":{"line":18,"column":76},"end":{"line":18,"column":94}}],"line":18},"1":{"loc":{"start":{"line":18,"column":46},"end":{"line":18,"column":67}},"type":"binary-expr","locations":[{"start":{"line":18,"column":46},"end":{"line":18,"column":49}},{"start":{"line":18,"column":53},"end":{"line":18,"column":67}}],"line":18}},"s":{"0":0,"1":0,"2":0,"3":0,"4":0,"5":0,"6":0,"7":0,"8":0,"9":0,"10":0,"11":0},"f":{"0":0,"1":0},"b":{"0":[0,0],"1":[0,0]}},"/Users/opokusyn/rtetris/src/client/components/HeadreNavBar/index.js":{"path":"/Users/opokusyn/rtetris/src/client/components/HeadreNavBar/index.js","statementMap":{"0":{"start":{"line":3,"column":0},"end":{"line":5,"column":3}},"1":{"start":{"line":6,"column":0},"end":{"line":6,"column":28}},"2":{"start":{"line":8,"column":13},"end":{"line":8,"column":53}},"3":{"start":{"line":10,"column":12},"end":{"line":10,"column":69}},"4":{"start":{"line":12,"column":16},"end":{"line":12,"column":77}},"5":{"start":{"line":14,"column":20},"end":{"line":14,"column":85}},"6":{"start":{"line":16,"column":14},"end":{"line":16,"column":73}},"7":{"start":{"line":18,"column":13},"end":{"line":18,"column":67}},"8":{"start":{"line":20,"column":18},"end":{"line":20,"column":55}},"9":{"start":{"line":22,"column":39},"end":{"line":22,"column":95}},"10":{"start":{"line":24,"column":19},"end":{"line":60,"column":1}},"11":{"start":{"line":25,"column":21},"end":{"line":27,"column":3}},"12":{"start":{"line":26,"column":4},"end":{"line":26,"column":68}},"13":{"start":{"line":29,"column":21},"end":{"line":31,"column":3}},"14":{"start":{"line":30,"column":4},"end":{"line":30,"column":74}},"15":{"start":{"line":33,"column":21},"end":{"line":35,"column":3}},"16":{"start":{"line":34,"column":4},"end":{"line":34,"column":75}},"17":{"start":{"line":37,"column":2},"end":{"line":59,"column":17}},"18":{"start":{"line":62,"column":15},"end":{"line":62,"column":27}},"19":{"start":{"line":63,"column":0},"end":{"line":63,"column":30}}},"fnMap":{"0":{"name":"_interopRequireDefault","decl":{"start":{"line":22,"column":9},"end":{"line":22,"column":31}},"loc":{"start":{"line":22,"column":37},"end":{"line":22,"column":97}},"line":22},"1":{"name":"HeaderNavBar","decl":{"start":{"line":24,"column":28},"end":{"line":24,"column":40}},"loc":{"start":{"line":24,"column":43},"end":{"line":60,"column":1}},"line":24},"2":{"name":"handleClick1","decl":{"start":{"line":25,"column":30},"end":{"line":25,"column":42}},"loc":{"start":{"line":25,"column":46},"end":{"line":27,"column":3}},"line":25},"3":{"name":"handleClick2","decl":{"start":{"line":29,"column":30},"end":{"line":29,"column":42}},"loc":{"start":{"line":29,"column":46},"end":{"line":31,"column":3}},"line":29},"4":{"name":"handleClick3","decl":{"start":{"line":33,"column":30},"end":{"line":33,"column":42}},"loc":{"start":{"line":33,"column":46},"end":{"line":35,"column":3}},"line":33}},"branchMap":{"0":{"loc":{"start":{"line":22,"column":46},"end":{"line":22,"column":94}},"type":"cond-expr","locations":[{"start":{"line":22,"column":70},"end":{"line":22,"column":73}},{"start":{"line":22,"column":76},"end":{"line":22,"column":94}}],"line":22},"1":{"loc":{"start":{"line":22,"column":46},"end":{"line":22,"column":67}},"type":"binary-expr","locations":[{"start":{"line":22,"column":46},"end":{"line":22,"column":49}},{"start":{"line":22,"column":53},"end":{"line":22,"column":67}}],"line":22}},"s":{"0":0,"1":0,"2":0,"3":0,"4":0,"5":0,"6":0,"7":0,"8":0,"9":0,"10":0,"11":0,"12":0,"13":0,"14":0,"15":0,"16":0,"17":0,"18":0,"19":0},"f":{"0":0,"1":0,"2":0,"3":0,"4":0},"b":{"0":[0,0],"1":[0,0]}},"/Users/opokusyn/rtetris/src/client/components/LoginPage/index.js":{"path":"/Users/opokusyn/rtetris/src/client/components/LoginPage/index.js","statementMap":{"0":{"start":{"line":3,"column":0},"end":{"line":5,"column":3}},"1":{"start":{"line":6,"column":0},"end":{"line":6,"column":28}},"2":{"start":{"line":8,"column":13},"end":{"line":8,"column":53}},"3":{"start":{"line":10,"column":18},"end":{"line":10,"column":40}},"4":{"start":{"line":12,"column":39},"end":{"line":12,"column":95}},"5":{"start":{"line":16,"column":15},"end":{"line":28,"column":1}},"6":{"start":{"line":17,"column":12},"end":{"line":17,"column":14}},"7":{"start":{"line":19,"column":2},"end":{"line":25,"column":3}},"8":{"start":{"line":19,"column":15},"end":{"line":19,"column":16}},"9":{"start":{"line":20,"column":4},"end":{"line":24,"column":8}},"10":{"start":{"line":27,"column":2},"end":{"line":27,"column":13}},"11":{"start":{"line":30,"column":16},"end":{"line":37,"column":1}},"12":{"start":{"line":31,"column":14},"end":{"line":31,"column":24}},"13":{"start":{"line":32,"column":15},"end":{"line":32,"column":26}},"14":{"start":{"line":33,"column":14},"end":{"line":33,"column":24}},"15":{"start":{"line":34,"column":2},"end":{"line":36,"column":37}},"16":{"start":{"line":39,"column":22},"end":{"line":41,"column":1}},"17":{"start":{"line":40,"column":2},"end":{"line":40,"column":15}},"18":{"start":{"line":43,"column":15},"end":{"line":43,"column":73}},"19":{"start":{"line":45,"column":0},"end":{"line":45,"column":30}}},"fnMap":{"0":{"name":"_interopRequireDefault","decl":{"start":{"line":12,"column":9},"end":{"line":12,"column":31}},"loc":{"start":{"line":12,"column":37},"end":{"line":12,"column":97}},"line":12},"1":{"name":"buildRow","decl":{"start":{"line":16,"column":24},"end":{"line":16,"column":32}},"loc":{"start":{"line":16,"column":55},"end":{"line":28,"column":1}},"line":16},"2":{"name":"BoardMain","decl":{"start":{"line":30,"column":25},"end":{"line":30,"column":34}},"loc":{"start":{"line":30,"column":41},"end":{"line":37,"column":1}},"line":30},"3":{"name":"mapStateToProps","decl":{"start":{"line":39,"column":31},"end":{"line":39,"column":46}},"loc":{"start":{"line":39,"column":54},"end":{"line":41,"column":1}},"line":39}},"branchMap":{"0":{"loc":{"start":{"line":12,"column":46},"end":{"line":12,"column":94}},"type":"cond-expr","locations":[{"start":{"line":12,"column":70},"end":{"line":12,"column":73}},{"start":{"line":12,"column":76},"end":{"line":12,"column":94}}],"line":12},"1":{"loc":{"start":{"line":12,"column":46},"end":{"line":12,"column":67}},"type":"binary-expr","locations":[{"start":{"line":12,"column":46},"end":{"line":12,"column":49}},{"start":{"line":12,"column":53},"end":{"line":12,"column":67}}],"line":12}},"s":{"0":0,"1":0,"2":0,"3":0,"4":0,"5":0,"6":0,"7":0,"8":0,"9":0,"10":0,"11":0,"12":0,"13":0,"14":0,"15":0,"16":0,"17":0,"18":0,"19":0},"f":{"0":0,"1":0,"2":0,"3":0},"b":{"0":[0,0],"1":[0,0]}},"/Users/opokusyn/rtetris/src/client/components/MyRoom/index.js":{"path":"/Users/opokusyn/rtetris/src/client/components/MyRoom/index.js","statementMap":{"0":{"start":{"line":3,"column":0},"end":{"line":5,"column":3}},"1":{"start":{"line":6,"column":0},"end":{"line":6,"column":28}},"2":{"start":{"line":8,"column":13},"end":{"line":8,"column":53}},"3":{"start":{"line":10,"column":18},"end":{"line":10,"column":81}},"4":{"start":{"line":12,"column":14},"end":{"line":12,"column":73}},"5":{"start":{"line":14,"column":14},"end":{"line":14,"column":67}},"6":{"start":{"line":16,"column":12},"end":{"line":16,"column":69}},"7":{"start":{"line":18,"column":16},"end":{"line":18,"column":77}},"8":{"start":{"line":20,"column":20},"end":{"line":20,"column":85}},"9":{"start":{"line":22,"column":39},"end":{"line":22,"column":95}},"10":{"start":{"line":24,"column":17},"end":{"line":31,"column":1}},"11":{"start":{"line":25,"column":2},"end":{"line":30,"column":6}},"12":{"start":{"line":33,"column":13},"end":{"line":69,"column":1}},"13":{"start":{"line":34,"column":16},"end":{"line":39,"column":3}},"14":{"start":{"line":35,"column":4},"end":{"line":38,"column":7}},"15":{"start":{"line":41,"column":19},"end":{"line":46,"column":3}},"16":{"start":{"line":42,"column":4},"end":{"line":45,"column":7}},"17":{"start":{"line":48,"column":21},"end":{"line":53,"column":3}},"18":{"start":{"line":49,"column":4},"end":{"line":52,"column":7}},"19":{"start":{"line":55,"column":17},"end":{"line":55,"column":43}},"20":{"start":{"line":56,"column":2},"end":{"line":68,"column":22}},"21":{"start":{"line":59,"column":4},"end":{"line":59,"column":31}},"22":{"start":{"line":71,"column":15},"end":{"line":71,"column":21}},"23":{"start":{"line":72,"column":0},"end":{"line":72,"column":30}}},"fnMap":{"0":{"name":"_interopRequireDefault","decl":{"start":{"line":22,"column":9},"end":{"line":22,"column":31}},"loc":{"start":{"line":22,"column":37},"end":{"line":22,"column":97}},"line":22},"1":{"name":"playerList","decl":{"start":{"line":24,"column":26},"end":{"line":24,"column":36}},"loc":{"start":{"line":24,"column":46},"end":{"line":31,"column":1}},"line":24},"2":{"name":"MyRoom","decl":{"start":{"line":33,"column":22},"end":{"line":33,"column":28}},"loc":{"start":{"line":33,"column":45},"end":{"line":69,"column":1}},"line":33},"3":{"name":"handler","decl":{"start":{"line":34,"column":25},"end":{"line":34,"column":32}},"loc":{"start":{"line":34,"column":35},"end":{"line":39,"column":3}},"line":34},"4":{"name":"handleLeft","decl":{"start":{"line":41,"column":28},"end":{"line":41,"column":38}},"loc":{"start":{"line":41,"column":41},"end":{"line":46,"column":3}},"line":41},"5":{"name":"handleDelete","decl":{"start":{"line":48,"column":30},"end":{"line":48,"column":42}},"loc":{"start":{"line":48,"column":45},"end":{"line":53,"column":3}},"line":48},"6":{"name":"(anonymous_6)","decl":{"start":{"line":58,"column":96},"end":{"line":58,"column":97}},"loc":{"start":{"line":58,"column":115},"end":{"line":60,"column":3}},"line":58}},"branchMap":{"0":{"loc":{"start":{"line":22,"column":46},"end":{"line":22,"column":94}},"type":"cond-expr","locations":[{"start":{"line":22,"column":70},"end":{"line":22,"column":73}},{"start":{"line":22,"column":76},"end":{"line":22,"column":94}}],"line":22},"1":{"loc":{"start":{"line":22,"column":46},"end":{"line":22,"column":67}},"type":"binary-expr","locations":[{"start":{"line":22,"column":46},"end":{"line":22,"column":49}},{"start":{"line":22,"column":53},"end":{"line":22,"column":67}}],"line":22},"2":{"loc":{"start":{"line":63,"column":13},"end":{"line":63,"column":44}},"type":"cond-expr","locations":[{"start":{"line":63,"column":24},"end":{"line":63,"column":31}},{"start":{"line":63,"column":34},"end":{"line":63,"column":44}}],"line":63},"3":{"loc":{"start":{"line":64,"column":5},"end":{"line":64,"column":40}},"type":"cond-expr","locations":[{"start":{"line":64,"column":16},"end":{"line":64,"column":26}},{"start":{"line":64,"column":29},"end":{"line":64,"column":40}}],"line":64},"4":{"loc":{"start":{"line":64,"column":43},"end":{"line":68,"column":20}},"type":"cond-expr","locations":[{"start":{"line":64,"column":54},"end":{"line":68,"column":15}},{"start":{"line":68,"column":18},"end":{"line":68,"column":20}}],"line":64}},"s":{"0":0,"1":0,"2":0,"3":0,"4":0,"5":0,"6":0,"7":0,"8":0,"9":0,"10":0,"11":0,"12":0,"13":0,"14":0,"15":0,"16":0,"17":0,"18":0,"19":0,"20":0,"21":0,"22":0,"23":0},"f":{"0":0,"1":0,"2":0,"3":0,"4":0,"5":0,"6":0},"b":{"0":[0,0],"1":[0,0],"2":[0,0],"3":[0,0],"4":[0,0]}},"/Users/opokusyn/rtetris/src/client/components/Popup/AcountCheck.js":{"path":"/Users/opokusyn/rtetris/src/client/components/Popup/AcountCheck.js","statementMap":{"0":{"start":{"line":3,"column":0},"end":{"line":5,"column":3}},"1":{"start":{"line":6,"column":0},"end":{"line":6,"column":28}},"2":{"start":{"line":8,"column":13},"end":{"line":8,"column":53}},"3":{"start":{"line":10,"column":21},"end":{"line":10,"column":87}},"4":{"start":{"line":12,"column":21},"end":{"line":12,"column":87}},"5":{"start":{"line":14,"column":25},"end":{"line":14,"column":95}},"6":{"start":{"line":16,"column":14},"end":{"line":16,"column":73}},"7":{"start":{"line":18,"column":17},"end":{"line":18,"column":79}},"8":{"start":{"line":20,"column":13},"end":{"line":20,"column":71}},"9":{"start":{"line":22,"column":14},"end":{"line":22,"column":69}},"10":{"start":{"line":24,"column":13},"end":{"line":24,"column":67}},"11":{"start":{"line":26,"column":39},"end":{"line":26,"column":95}},"12":{"start":{"line":28,"column":18},"end":{"line":67,"column":1}},"13":{"start":{"line":29,"column":19},"end":{"line":29,"column":34}},"14":{"start":{"line":30,"column":26},"end":{"line":30,"column":48}},"15":{"start":{"line":31,"column":18},"end":{"line":31,"column":32}},"16":{"start":{"line":32,"column":25},"end":{"line":32,"column":46}},"17":{"start":{"line":34,"column":21},"end":{"line":41,"column":3}},"18":{"start":{"line":35,"column":19},"end":{"line":35,"column":56}},"19":{"start":{"line":37,"column":4},"end":{"line":40,"column":7}},"20":{"start":{"line":43,"column":2},"end":{"line":66,"column":13}},"21":{"start":{"line":69,"column":15},"end":{"line":69,"column":26}},"22":{"start":{"line":70,"column":0},"end":{"line":70,"column":30}}},"fnMap":{"0":{"name":"_interopRequireDefault","decl":{"start":{"line":26,"column":9},"end":{"line":26,"column":31}},"loc":{"start":{"line":26,"column":37},"end":{"line":26,"column":97}},"line":26},"1":{"name":"AcountCheck","decl":{"start":{"line":28,"column":27},"end":{"line":28,"column":38}},"loc":{"start":{"line":28,"column":45},"end":{"line":67,"column":1}},"line":28},"2":{"name":"handleSubmit","decl":{"start":{"line":34,"column":30},"end":{"line":34,"column":42}},"loc":{"start":{"line":34,"column":45},"end":{"line":41,"column":3}},"line":34}},"branchMap":{"0":{"loc":{"start":{"line":26,"column":46},"end":{"line":26,"column":94}},"type":"cond-expr","locations":[{"start":{"line":26,"column":70},"end":{"line":26,"column":73}},{"start":{"line":26,"column":76},"end":{"line":26,"column":94}}],"line":26},"1":{"loc":{"start":{"line":26,"column":46},"end":{"line":26,"column":67}},"type":"binary-expr","locations":[{"start":{"line":26,"column":46},"end":{"line":26,"column":49}},{"start":{"line":26,"column":53},"end":{"line":26,"column":67}}],"line":26}},"s":{"0":0,"1":0,"2":0,"3":0,"4":0,"5":0,"6":0,"7":0,"8":0,"9":0,"10":0,"11":0,"12":0,"13":0,"14":0,"15":0,"16":0,"17":0,"18":0,"19":0,"20":0,"21":0,"22":0},"f":{"0":0,"1":0,"2":0},"b":{"0":[0,0],"1":[0,0]}},"/Users/opokusyn/rtetris/src/client/components/Popup/AcountConfirm.js":{"path":"/Users/opokusyn/rtetris/src/client/components/Popup/AcountConfirm.js","statementMap":{"0":{"start":{"line":3,"column":0},"end":{"line":5,"column":3}},"1":{"start":{"line":6,"column":0},"end":{"line":6,"column":28}},"2":{"start":{"line":8,"column":13},"end":{"line":8,"column":53}},"3":{"start":{"line":10,"column":21},"end":{"line":10,"column":87}},"4":{"start":{"line":12,"column":21},"end":{"line":12,"column":87}},"5":{"start":{"line":14,"column":25},"end":{"line":14,"column":95}},"6":{"start":{"line":16,"column":14},"end":{"line":16,"column":73}},"7":{"start":{"line":18,"column":17},"end":{"line":18,"column":79}},"8":{"start":{"line":20,"column":13},"end":{"line":20,"column":71}},"9":{"start":{"line":22,"column":13},"end":{"line":22,"column":65}},"10":{"start":{"line":24,"column":14},"end":{"line":24,"column":67}},"11":{"start":{"line":26,"column":18},"end":{"line":26,"column":55}},"12":{"start":{"line":28,"column":14},"end":{"line":28,"column":44}},"13":{"start":{"line":30,"column":14},"end":{"line":30,"column":43}},"14":{"start":{"line":32,"column":39},"end":{"line":32,"column":95}},"15":{"start":{"line":34,"column":20},"end":{"line":72,"column":1}},"16":{"start":{"line":35,"column":20},"end":{"line":35,"column":36}},"17":{"start":{"line":36,"column":19},"end":{"line":36,"column":34}},"18":{"start":{"line":37,"column":17},"end":{"line":37,"column":30}},"19":{"start":{"line":38,"column":25},"end":{"line":38,"column":46}},"20":{"start":{"line":39,"column":18},"end":{"line":39,"column":32}},"21":{"start":{"line":41,"column":21},"end":{"line":48,"column":3}},"22":{"start":{"line":42,"column":19},"end":{"line":42,"column":56}},"23":{"start":{"line":44,"column":4},"end":{"line":47,"column":7}},"24":{"start":{"line":50,"column":21},"end":{"line":55,"column":3}},"25":{"start":{"line":51,"column":4},"end":{"line":51,"column":42}},"26":{"start":{"line":52,"column":4},"end":{"line":52,"column":47}},"27":{"start":{"line":54,"column":4},"end":{"line":54,"column":92}},"28":{"start":{"line":57,"column":2},"end":{"line":71,"column":29}},"29":{"start":{"line":74,"column":15},"end":{"line":74,"column":28}},"30":{"start":{"line":75,"column":0},"end":{"line":75,"column":30}}},"fnMap":{"0":{"name":"_interopRequireDefault","decl":{"start":{"line":32,"column":9},"end":{"line":32,"column":31}},"loc":{"start":{"line":32,"column":37},"end":{"line":32,"column":97}},"line":32},"1":{"name":"AcountConfirm","decl":{"start":{"line":34,"column":29},"end":{"line":34,"column":42}},"loc":{"start":{"line":34,"column":49},"end":{"line":72,"column":1}},"line":34},"2":{"name":"handleSubmit","decl":{"start":{"line":41,"column":30},"end":{"line":41,"column":42}},"loc":{"start":{"line":41,"column":45},"end":{"line":48,"column":3}},"line":41},"3":{"name":"handleCancel","decl":{"start":{"line":50,"column":30},"end":{"line":50,"column":42}},"loc":{"start":{"line":50,"column":45},"end":{"line":55,"column":3}},"line":50}},"branchMap":{"0":{"loc":{"start":{"line":32,"column":46},"end":{"line":32,"column":94}},"type":"cond-expr","locations":[{"start":{"line":32,"column":70},"end":{"line":32,"column":73}},{"start":{"line":32,"column":76},"end":{"line":32,"column":94}}],"line":32},"1":{"loc":{"start":{"line":32,"column":46},"end":{"line":32,"column":67}},"type":"binary-expr","locations":[{"start":{"line":32,"column":46},"end":{"line":32,"column":49}},{"start":{"line":32,"column":53},"end":{"line":32,"column":67}}],"line":32}},"s":{"0":0,"1":0,"2":0,"3":0,"4":0,"5":0,"6":0,"7":0,"8":0,"9":0,"10":0,"11":0,"12":0,"13":0,"14":0,"15":0,"16":0,"17":0,"18":0,"19":0,"20":0,"21":0,"22":0,"23":0,"24":0,"25":0,"26":0,"27":0,"28":0,"29":0,"30":0},"f":{"0":0,"1":0,"2":0,"3":0},"b":{"0":[0,0],"1":[0,0]}},"/Users/opokusyn/rtetris/src/client/components/Popup/Handlers.js":{"path":"/Users/opokusyn/rtetris/src/client/components/Popup/Handlers.js","statementMap":{"0":{"start":{"line":3,"column":0},"end":{"line":5,"column":3}},"1":{"start":{"line":6,"column":0},"end":{"line":6,"column":28}},"2":{"start":{"line":8,"column":18},"end":{"line":10,"column":1}},"3":{"start":{"line":9,"column":2},"end":{"line":9,"column":17}},"4":{"start":{"line":12,"column":24},"end":{"line":14,"column":1}},"5":{"start":{"line":13,"column":2},"end":{"line":13,"column":32}},"6":{"start":{"line":16,"column":15},"end":{"line":19,"column":1}},"7":{"start":{"line":20,"column":0},"end":{"line":20,"column":30}}},"fnMap":{"0":{"name":"handleClose","decl":{"start":{"line":8,"column":27},"end":{"line":8,"column":38}},"loc":{"start":{"line":8,"column":42},"end":{"line":10,"column":1}},"line":8},"1":{"name":"handleInputChange","decl":{"start":{"line":12,"column":33},"end":{"line":12,"column":50}},"loc":{"start":{"line":12,"column":69},"end":{"line":14,"column":1}},"line":12}},"branchMap":{},"s":{"0":0,"1":0,"2":0,"3":0,"4":0,"5":0,"6":0,"7":0},"f":{"0":0,"1":0},"b":{}},"/Users/opokusyn/rtetris/src/client/components/Popup/index.js":{"path":"/Users/opokusyn/rtetris/src/client/components/Popup/index.js","statementMap":{"0":{"start":{"line":3,"column":0},"end":{"line":5,"column":3}},"1":{"start":{"line":6,"column":0},"end":{"line":6,"column":28}},"2":{"start":{"line":8,"column":13},"end":{"line":8,"column":54}},"3":{"start":{"line":10,"column":14},"end":{"line":10,"column":73}},"4":{"start":{"line":12,"column":19},"end":{"line":12,"column":83}},"5":{"start":{"line":14,"column":21},"end":{"line":14,"column":87}},"6":{"start":{"line":16,"column":14},"end":{"line":16,"column":73}},"7":{"start":{"line":18,"column":19},"end":{"line":18,"column":67}},"8":{"start":{"line":20,"column":21},"end":{"line":20,"column":71}},"9":{"start":{"line":22,"column":18},"end":{"line":22,"column":40}},"10":{"start":{"line":24,"column":12},"end":{"line":24,"column":40}},"11":{"start":{"line":26,"column":39},"end":{"line":26,"column":95}},"12":{"start":{"line":28,"column":40},"end":{"line":28,"column":473}},"13":{"start":{"line":28,"column":69},"end":{"line":28,"column":80}},"14":{"start":{"line":28,"column":103},"end":{"line":28,"column":105}},"15":{"start":{"line":28,"column":107},"end":{"line":28,"column":431}},"16":{"start":{"line":28,"column":126},"end":{"line":28,"column":429}},"17":{"start":{"line":28,"column":149},"end":{"line":28,"column":427}},"18":{"start":{"line":28,"column":214},"end":{"line":28,"column":319}},"19":{"start":{"line":28,"column":321},"end":{"line":28,"column":425}},"20":{"start":{"line":28,"column":349},"end":{"line":28,"column":390}},"21":{"start":{"line":28,"column":400},"end":{"line":28,"column":423}},"22":{"start":{"line":28,"column":432},"end":{"line":28,"column":456}},"23":{"start":{"line":28,"column":457},"end":{"line":28,"column":471}},"24":{"start":{"line":30,"column":34},"end":{"line":30,"column":117}},"25":{"start":{"line":32,"column":30},"end":{"line":32,"column":106}},"26":{"start":{"line":34,"column":52},"end":{"line":34,"column":54}},"27":{"start":{"line":34,"column":65},"end":{"line":34,"column":69}},"28":{"start":{"line":34,"column":80},"end":{"line":34,"column":85}},"29":{"start":{"line":34,"column":96},"end":{"line":34,"column":105}},"30":{"start":{"line":34,"column":107},"end":{"line":34,"column":394}},"31":{"start":{"line":34,"column":113},"end":{"line":34,"column":256}},"32":{"start":{"line":34,"column":127},"end":{"line":34,"column":149}},"33":{"start":{"line":34,"column":199},"end":{"line":34,"column":219}},"34":{"start":{"line":34,"column":220},"end":{"line":34,"column":254}},"35":{"start":{"line":34,"column":248},"end":{"line":34,"column":254}},"36":{"start":{"line":34,"column":273},"end":{"line":34,"column":283}},"37":{"start":{"line":34,"column":284},"end":{"line":34,"column":293}},"38":{"start":{"line":34,"column":306},"end":{"line":34,"column":392}},"39":{"start":{"line":34,"column":312},"end":{"line":34,"column":360}},"40":{"start":{"line":34,"column":345},"end":{"line":34,"column":360}},"41":{"start":{"line":34,"column":373},"end":{"line":34,"column":390}},"42":{"start":{"line":34,"column":381},"end":{"line":34,"column":390}},"43":{"start":{"line":34,"column":395},"end":{"line":34,"column":407}},"44":{"start":{"line":36,"column":32},"end":{"line":36,"column":67}},"45":{"start":{"line":36,"column":56},"end":{"line":36,"column":67}},"46":{"start":{"line":38,"column":16},"end":{"line":44,"column":2}},"47":{"start":{"line":39,"column":2},"end":{"line":43,"column":4}},"48":{"start":{"line":46,"column":12},"end":{"line":118,"column":1}},"49":{"start":{"line":47,"column":17},"end":{"line":47,"column":30}},"50":{"start":{"line":48,"column":17},"end":{"line":48,"column":30}},"51":{"start":{"line":49,"column":19},"end":{"line":49,"column":34}},"52":{"start":{"line":50,"column":17},"end":{"line":50,"column":30}},"53":{"start":{"line":52,"column":18},"end":{"line":52,"column":50}},"54":{"start":{"line":53,"column":19},"end":{"line":53,"column":47}},"55":{"start":{"line":54,"column":13},"end":{"line":54,"column":26}},"56":{"start":{"line":55,"column":16},"end":{"line":55,"column":29}},"57":{"start":{"line":57,"column":19},"end":{"line":57,"column":43}},"58":{"start":{"line":58,"column":19},"end":{"line":58,"column":48}},"59":{"start":{"line":59,"column":19},"end":{"line":59,"column":32}},"60":{"start":{"line":60,"column":22},"end":{"line":60,"column":35}},"61":{"start":{"line":62,"column":19},"end":{"line":62,"column":43}},"62":{"start":{"line":63,"column":19},"end":{"line":63,"column":48}},"63":{"start":{"line":64,"column":18},"end":{"line":64,"column":31}},"64":{"start":{"line":65,"column":21},"end":{"line":65,"column":34}},"65":{"start":{"line":67,"column":20},"end":{"line":69,"column":3}},"66":{"start":{"line":68,"column":4},"end":{"line":68,"column":19}},"67":{"start":{"line":71,"column":26},"end":{"line":73,"column":3}},"68":{"start":{"line":72,"column":4},"end":{"line":72,"column":34}},"69":{"start":{"line":75,"column":25},"end":{"line":77,"column":3}},"70":{"start":{"line":76,"column":4},"end":{"line":76,"column":33}},"71":{"start":{"line":79,"column":13},"end":{"line":79,"column":63}},"72":{"start":{"line":81,"column":17},"end":{"line":107,"column":3}},"73":{"start":{"line":82,"column":4},"end":{"line":99,"column":5}},"74":{"start":{"line":83,"column":6},"end":{"line":90,"column":9}},"75":{"start":{"line":91,"column":11},"end":{"line":99,"column":5}},"76":{"start":{"line":92,"column":6},"end":{"line":98,"column":9}},"77":{"start":{"line":101,"column":4},"end":{"line":106,"column":16}},"78":{"start":{"line":109,"column":2},"end":{"line":117,"column":54}},"79":{"start":{"line":120,"column":22},"end":{"line":127,"column":1}},"80":{"start":{"line":121,"column":2},"end":{"line":126,"column":4}},"81":{"start":{"line":129,"column":15},"end":{"line":129,"column":69}},"82":{"start":{"line":131,"column":0},"end":{"line":131,"column":30}}},"fnMap":{"0":{"name":"_interopRequireDefault","decl":{"start":{"line":26,"column":9},"end":{"line":26,"column":31}},"loc":{"start":{"line":26,"column":37},"end":{"line":26,"column":97}},"line":26},"1":{"name":"_interopRequireWildcard","decl":{"start":{"line":28,"column":9},"end":{"line":28,"column":32}},"loc":{"start":{"line":28,"column":38},"end":{"line":28,"column":475}},"line":28},"2":{"name":"_slicedToArray","decl":{"start":{"line":30,"column":9},"end":{"line":30,"column":23}},"loc":{"start":{"line":30,"column":32},"end":{"line":30,"column":119}},"line":30},"3":{"name":"_nonIterableRest","decl":{"start":{"line":32,"column":9},"end":{"line":32,"column":25}},"loc":{"start":{"line":32,"column":28},"end":{"line":32,"column":108}},"line":32},"4":{"name":"_iterableToArrayLimit","decl":{"start":{"line":34,"column":9},"end":{"line":34,"column":30}},"loc":{"start":{"line":34,"column":39},"end":{"line":34,"column":409}},"line":34},"5":{"name":"_arrayWithHoles","decl":{"start":{"line":36,"column":9},"end":{"line":36,"column":24}},"loc":{"start":{"line":36,"column":30},"end":{"line":36,"column":69}},"line":36},"6":{"name":"(anonymous_6)","decl":{"start":{"line":38,"column":38},"end":{"line":38,"column":39}},"loc":{"start":{"line":38,"column":55},"end":{"line":44,"column":1}},"line":38},"7":{"name":"Popup","decl":{"start":{"line":46,"column":21},"end":{"line":46,"column":26}},"loc":{"start":{"line":46,"column":33},"end":{"line":118,"column":1}},"line":46},"8":{"name":"handleClose","decl":{"start":{"line":67,"column":29},"end":{"line":67,"column":40}},"loc":{"start":{"line":67,"column":44},"end":{"line":69,"column":3}},"line":67},"9":{"name":"handleInputChange","decl":{"start":{"line":71,"column":35},"end":{"line":71,"column":52}},"loc":{"start":{"line":71,"column":56},"end":{"line":73,"colum
[...]
ine":14,"column":22},"end":{"line":14,"column":351}},"line":14},"2":{"name":"_typeof","decl":{"start":{"line":14,"column":118},"end":{"line":14,"column":125}},"loc":{"start":{"line":14,"column":131},"end":{"line":14,"column":153}},"line":14},"3":{"name":"_typeof","decl":{"start":{"line":14,"column":183},"end":{"line":14,"column":190}},"loc":{"start":{"line":14,"column":196},"end":{"line":14,"column":325}},"line":14},"4":{"name":"asyncGeneratorStep","decl":{"start":{"line":16,"column":9},"end":{"line":16,"column":27}},"loc":{"start":{"line":16,"column":75},"end":{"line":16,"column":265}},"line":16},"5":{"name":"_asyncToGenerator","decl":{"start":{"line":18,"column":9},"end":{"line":18,"column":26}},"loc":{"start":{"line":18,"column":31},"end":{"line":18,"column":389}},"line":18},"6":{"name":"(anonymous_6)","decl":{"start":{"line":18,"column":40},"end":{"line":18,"column":41}},"loc":{"start":{"line":18,"column":52},"end":{"line":18,"column":386}},"line":18},"7":{"name":"(anonymous_7)","decl":{"start":{"line":18,"column":108},"end":{"line":18,"column":109}},"loc":{"start":{"line":18,"column":135},"end":{"line":18,"column":382}},"line":18},"8":{"name":"_next","decl":{"start":{"line":18,"column":178},"end":{"line":18,"column":183}},"loc":{"start":{"line":18,"column":191},"end":{"line":18,"column":266}},"line":18},"9":{"name":"_throw","decl":{"start":{"line":18,"column":276},"end":{"line":18,"column":282}},"loc":{"start":{"line":18,"column":288},"end":{"line":18,"column":362}},"line":18},"10":{"name":"_classCallCheck","decl":{"start":{"line":20,"column":9},"end":{"line":20,"column":24}},"loc":{"start":{"line":20,"column":48},"end":{"line":20,"column":153}},"line":20},"11":{"name":"_defineProperties","decl":{"start":{"line":22,"column":9},"end":{"line":22,"column":26}},"loc":{"start":{"line":22,"column":42},"end":{"line":22,"column":317}},"line":22},"12":{"name":"_createClass","decl":{"start":{"line":24,"column":9},"end":{"line":24,"column":21}},"loc":{"start":{"line":24,"column":60},"end":{"line":24,"column":215}},"line":24},"13":{"name":"_possibleConstructorReturn","decl":{"start":{"line":26,"column":9},"end":{"line":26,"column":35}},"loc":{"start":{"line":26,"column":48},"end":{"line":26,"column":177}},"line":26},"14":{"name":"_getPrototypeOf","decl":{"start":{"line":28,"column":9},"end":{"line":28,"column":24}},"loc":{"start":{"line":28,"column":28},"end":{"line":28,"column":205}},"line":28},"15":{"name":"_getPrototypeOf","decl":{"start":{"line":28,"column":105},"end":{"line":28,"column":120}},"loc":{"start":{"line":28,"column":124},"end":{"line":28,"column":175}},"line":28},"16":{"name":"_assertThisInitialized","decl":{"start":{"line":30,"column":9},"end":{"line":30,"column":31}},"loc":{"start":{"line":30,"column":38},"end":{"line":30,"column":166}},"line":30},"17":{"name":"_inherits","decl":{"start":{"line":32,"column":9},"end":{"line":32,"column":18}},"loc":{"start":{"line":32,"column":41},"end":{"line":32,"column":385}},"line":32},"18":{"name":"_setPrototypeOf","decl":{"start":{"line":34,"column":9},"end":{"line":34,"column":24}},"loc":{"start":{"line":34,"column":31},"end":{"line":34,"column":170}},"line":34},"19":{"name":"_setPrototypeOf","decl":{"start":{"line":34,"column":85},"end":{"line":34,"column":100}},"loc":{"start":{"line":34,"column":107},"end":{"line":34,"column":137}},"line":34},"20":{"name":"_defineProperty","decl":{"start":{"line":36,"column":9},"end":{"line":36,"column":24}},"loc":{"start":{"line":36,"column":42},"end":{"line":36,"column":209}},"line":36},"21":{"name":"(anonymous_21)","decl":{"start":{"line":40,"column":0},"end":{"line":40,"column":1}},"loc":{"start":{"line":40,"column":17},"end":{"line":105,"column":1}},"line":40},"22":{"name":"List","decl":{"start":{"line":43,"column":11},"end":{"line":43,"column":15}},"loc":{"start":{"line":43,"column":18},"end":{"line":59,"column":3}},"line":43},"23":{"name":"(anonymous_23)","decl":{"start":{"line":63,"column":11},"end":{"line":63,"column":12}},"loc":{"start":{"line":63,"column":23},"end":{"line":101,"column":5}},"line":63},"24":{"name":"_callee","decl":{"start":{"line":66,"column":39},"end":{"line":66,"column":46}},"loc":{"start":{"line":66,"column":49},"end":{"line":94,"column":7}},"line":66},"25":{"name":"_callee$","decl":{"start":{"line":68,"column":48},"end":{"line":68,"column":56}},"loc":{"start":{"line":68,"column":67},"end":{"line":93,"column":9}},"line":68},"26":{"name":"(anonymous_26)","decl":{"start":{"line":80,"column":37},"end":{"line":80,"column":38}},"loc":{"start":{"line":80,"column":50},"end":{"line":85,"column":19}},"line":80},"27":{"name":"execute","decl":{"start":{"line":96,"column":15},"end":{"line":96,"column":22}},"loc":{"start":{"line":96,"column":25},"end":{"line":98,"column":7}},"line":96}},"branchMap":{"0":{"loc":{"start":{"line":12,"column":46},"end":{"line":12,"column":94}},"type":"cond-expr","locations":[{"start":{"line":12,"column":70},"end":{"line":12,"column":73}},{"start":{"line":12,"column":76},"end":{"line":12,"column":94}}],"line":12},"1":{"loc":{"start":{"line":12,"column":46},"end":{"line":12,"column":67}},"type":"binary-expr","locations":[{"start":{"line":12,"column":46},"end":{"line":12,"column":49}},{"start":{"line":12,"column":53},"end":{"line":12,"column":67}}],"line":12},"2":{"loc":{"start":{"line":14,"column":24},"end":{"line":14,"column":328}},"type":"if","locations":[{"start":{"line":14,"column":24},"end":{"line":14,"column":328}},{"start":{"line":14,"column":24},"end":{"line":14,"column":328}}],"line":14},"3":{"loc":{"start":{"line":14,"column":28},"end":{"line":14,"column":95}},"type":"binary-expr","locations":[{"start":{"line":14,"column":28},"end":{"line":14,"column":56}},{"start":{"line":14,"column":60},"end":{"line":14,"column":95}}],"line":14},"4":{"loc":{"start":{"line":14,"column":205},"end":{"line":14,"column":322}},"type":"cond-expr","locations":[{"start":{"line":14,"column":301},"end":{"line":14,"column":309}},{"start":{"line":14,"column":312},"end":{"line":14,"column":322}}],"line":14},"5":{"loc":{"start":{"line":14,"column":205},"end":{"line":14,"column":298}},"type":"binary-expr","locations":[{"start":{"line":14,"column":205},"end":{"line":14,"column":208}},{"start":{"line":14,"column":212},"end":{"line":14,"column":240}},{"start":{"line":14,"column":244},"end":{"line":14,"column":270}},{"start":{"line":14,"column":274},"end":{"line":14,"column":298}}],"line":14},"6":{"loc":{"start":{"line":16,"column":176},"end":{"line":16,"column":263}},"type":"if","locations":[{"start":{"line":16,"column":176},"end":{"line":16,"column":263}},{"start":{"line":16,"column":176},"end":{"line":16,"column":263}}],"line":16},"7":{"loc":{"start":{"line":20,"column":50},"end":{"line":20,"column":151}},"type":"if","locations":[{"start":{"line":20,"column":50},"end":{"line":20,"column":151}},{"start":{"line":20,"column":50},"end":{"line":20,"column":151}}],"line":20},"8":{"loc":{"start":{"line":22,"column":136},"end":{"line":22,"column":166}},"type":"binary-expr","locations":[{"start":{"line":22,"column":136},"end":{"line":22,"column":157}},{"start":{"line":22,"column":161},"end":{"line":22,"column":166}}],"line":22},"9":{"loc":{"start":{"line":22,"column":200},"end":{"line":22,"column":254}},"type":"if","locations":[{"start":{"line":22,"column":200},"end":{"line":22,"column":254}},{"start":{"line":22,"column":200},"end":{"line":22,"column":254}}],"line":22},"10":{"loc":{"start":{"line":24,"column":62},"end":{"line":24,"column":131}},"type":"if","locations":[{"start":{"line":24,"column":62},"end":{"line":24,"column":131}},{"start":{"line":24,"column":62},"end":{"line":24,"column":131}}],"line":24},"11":{"loc":{"start":{"line":24,"column":132},"end":{"line":24,"column":193}},"type":"if","locations":[{"start":{"line":24,"column":132},"end":{"line":24,"column":193}},{"start":{"line":24,"column":132},"end":{"line":24,"column":193}}],"line":24},"12":{"loc":{"start":{"line":26,"column":50},"end":{"line":26,"column":138}},"type":"if","locations":[{"start":{"line":26,"column":50},"end":{"line":26,"column":138}},{"start":{"line":26,"column":50},"end":{"line":26,"column":138}}],"line":26},"13":{"loc":{"start":{"line":26,"column":54},"end":{"line":26,"column":120}},"type":"binary-expr","locations":[{"start":{"line":26,"column":54},"end":{"line":26,"column":58}},{"start":{"line":26,"column":63},"end":{"line":26,"column":89}},{"start":{"line":26,"column":93},"end":{"line":26,"column":119}}],"line":26},"14":{"loc":{"start":{"line":28,"column":48},"end":{"line":28,"column":175}},"type":"cond-expr","locations":[{"start":{"line":28,"column":72},"end":{"line":28,"column":93}},{"start":{"line":28,"column":96},"end":{"line":28,"column":175}}],"line":28},"15":{"loc":{"start":{"line":28,"column":133},"end":{"line":28,"column":172}},"type":"binary-expr","locations":[{"start":{"line":28,"column":133},"end":{"line":28,"column":144}},{"start":{"line":28,"column":148},"end":{"line":28,"column":172}}],"line":28},"16":{"loc":{"start":{"line":30,"column":40},"end":{"line":30,"column":151}},"type":"if","locations":[{"start":{"line":30,"column":40},"end":{"line":30,"column":151}},{"start":{"line":30,"column":40},"end":{"line":30,"column":151}}],"line":30},"17":{"loc":{"start":{"line":32,"column":43},"end":{"line":32,"column":182}},"type":"if","locations":[{"start":{"line":32,"column":43},"end":{"line":32,"column":182}},{"start":{"line":32,"column":43},"end":{"line":32,"column":182}}],"line":32},"18":{"loc":{"start":{"line":32,"column":47},"end":{"line":32,"column":102}},"type":"binary-expr","locations":[{"start":{"line":32,"column":47},"end":{"line":32,"column":79}},{"start":{"line":32,"column":83},"end":{"line":32,"column":102}}],"line":32},"19":{"loc":{"start":{"line":32,"column":218},"end":{"line":32,"column":252}},"type":"binary-expr","locations":[{"start":{"line":32,"column":218},"end":{"line":32,"column":228}},{"start":{"line":32,"column":232},"end":{"line":32,"column":252}}],"line":32},"20":{"loc":{"start":{"line":32,"column":329},"end":{"line":32,"column":383}},"type":"if","locations":[{"start":{"line":32,"column":329},"end":{"line":32,"column":383}},{"start":{"line":32,"column":329},"end":{"line":32,"column":383}}],"line":32},"21":{"loc":{"start":{"line":34,"column":51},"end":{"line":34,"column":137}},"type":"binary-expr","locations":[{"start":{"line":34,"column":51},"end":{"line":34,"column":72}},{"start":{"line":34,"column":76},"end":{"line":34,"column":137}}],"line":34},"22":{"loc":{"start":{"line":36,"column":44},"end":{"line":36,"column":195}},"type":"if","locations":[{"start":{"line":36,"column":44},"end":{"line":36,"column":195}},{"start":{"line":36,"column":44},"end":{"line":36,"column":195}}],"line":36},"23":{"loc":{"start":{"line":70,"column":12},"end":{"line":91,"column":13}},"type":"switch","locations":[{"start":{"line":71,"column":14},"end":{"line":73,"column":51}},{"start":{"line":75,"column":14},"end":{"line":86,"column":19}},{"start":{"line":88,"column":14},"end":{"line":88,"column":21}},{"start":{"line":89,"column":14},"end":{"line":90,"column":39}}],"line":70}},"s":{"0":0,"1":0,"2":0,"3":0,"4":0,"5":0,"6":0,"7":0,"8":0,"9":0,"10":0,"11":0,"12":0,"13":0,"14":0,"15":0,"16":0,"17":0,"18":0,"19":0,"20":0,"21":0,"22":0,"23":0,"24":0,"25":0,"26":0,"27":0,"28":0,"29":0,"30":0,"31":0,"32":0,"33":0,"34":0,"35":0,"36":0,"37":0,"38":0,"39":0,"40":0,"41":0,"42":0,"43":0,"44":0,"45":0,"46":0,"47":0,"48":0,"49":0,"50":0,"51":0,"52":0,"53":0,"54":0,"55":0,"56":0,"57":0,"58":0,"59":0,"60":0,"61":0,"62":0,"63":0,"64":0,"65":0,"66":0,"67":0,"68":0,"69":0,"70":0,"71":0,"72":0,"73":0,"74":0,"75":0,"76":0,"77":0,"78":0,"79":0,"80":0,"81":0,"82":0,"83":0,"84":0,"85":0,"86":0,"87":0,"88":0,"89":0},"f":{"0":0,"1":0,"2":0,"3":0,"4":0,"5":0,"6":0,"7":0,"8":0,"9":0,"10":0,"11":0,"12":0,"13":0,"14":0,"15":0,"16":0,"17":0,"18":0,"19":0,"20":0,"21":0,"22":0,"23":0,"24":0,"25":0,"26":0,"27":0},"b":{"0":[0,0],"1":[0,0],"2":[0,0],"3":[0,0],"4":[0,0],"5":[0,0,0,0],"6":[0,0],"7":[0,0],"8":[0,0],"9":[0,0],"10":[0,0],"11":[0,0],"12":[0,0],"13":[0,0,0],"14":[0,0],"15":[0,0],"16":[0,0],"17":[0,0],"18":[0,0],"19":[0,0],"20":[0,0],"21":[0,0],"22":[0,0],"23":[0,0,0,0]}},"/Users/opokusyn/rtetris/src/server/utils/contextBuilder.js":{"path":"/Users/opokusyn/rtetris/src/server/utils/contextBuilder.js","statementMap":{"0":{"start":{"line":3,"column":0},"end":{"line":5,"column":3}},"1":{"start":{"line":6,"column":0},"end":{"line":6,"column":28}},"2":{"start":{"line":8,"column":14},"end":{"line":8,"column":66}},"3":{"start":{"line":10,"column":9},"end":{"line":10,"column":51}},"4":{"start":{"line":12,"column":39},"end":{"line":12,"column":95}},"5":{"start":{"line":14,"column":77},"end":{"line":14,"column":175}},"6":{"start":{"line":14,"column":94},"end":{"line":14,"column":107}},"7":{"start":{"line":14,"column":121},"end":{"line":14,"column":131}},"8":{"start":{"line":14,"column":151},"end":{"line":14,"column":165}},"9":{"start":{"line":14,"column":166},"end":{"line":14,"column":173}},"10":{"start":{"line":14,"column":176},"end":{"line":14,"column":263}},"11":{"start":{"line":14,"column":193},"end":{"line":14,"column":208}},"12":{"start":{"line":14,"column":218},"end":{"line":14,"column":261}},"13":{"start":{"line":16,"column":33},"end":{"line":16,"column":387}},"14":{"start":{"line":16,"column":65},"end":{"line":16,"column":69}},"15":{"start":{"line":16,"column":78},"end":{"line":16,"column":87}},"16":{"start":{"line":16,"column":89},"end":{"line":16,"column":384}},"17":{"start":{"line":16,"column":147},"end":{"line":16,"column":167}},"18":{"start":{"line":16,"column":193},"end":{"line":16,"column":264}},"19":{"start":{"line":16,"column":290},"end":{"line":16,"column":360}},"20":{"start":{"line":16,"column":363},"end":{"line":16,"column":380}},"21":{"start":{"line":20,"column":0},"end":{"line":53,"column":3}},"22":{"start":{"line":21,"column":14},"end":{"line":48,"column":5}},"23":{"start":{"line":25,"column":4},"end":{"line":47,"column":16}},"24":{"start":{"line":26,"column":6},"end":{"line":46,"column":7}},"25":{"start":{"line":27,"column":8},"end":{"line":45,"column":9}},"26":{"start":{"line":29,"column":12},"end":{"line":29,"column":37}},"27":{"start":{"line":30,"column":12},"end":{"line":30,"column":30}},"28":{"start":{"line":31,"column":12},"end":{"line":33,"column":15}},"29":{"start":{"line":36,"column":12},"end":{"line":36,"column":35}},"30":{"start":{"line":37,"column":12},"end":{"line":40,"column":15}},"31":{"start":{"line":44,"column":12},"end":{"line":44,"column":35}},"32":{"start":{"line":50,"column":2},"end":{"line":52,"column":4}},"33":{"start":{"line":51,"column":4},"end":{"line":51,"column":40}},"34":{"start":{"line":55,"column":15},"end":{"line":55,"column":29}},"35":{"start":{"line":56,"column":0},"end":{"line":56,"column":30}}},"fnMap":{"0":{"name":"_interopRequireDefault","decl":{"start":{"line":12,"column":9},"end":{"line":12,"column":31}},"loc":{"start":{"line":12,"column":37},"end":{"line":12,"column":97}},"line":12},"1":{"name":"asyncGeneratorStep","decl":{"start":{"line":14,"column":9},"end":{"line":14,"column":27}},"loc":{"start":{"line":14,"column":75},"end":{"line":14,"column":265}},"line":14},"2":{"name":"_asyncToGenerator","decl":{"start":{"line":16,"column":9},"end":{"line":16,"column":26}},"loc":{"start":{"line":16,"column":31},"end":{"line":16,"column":389}},"line":16},"3":{"name":"(anonymous_3)","decl":{"start":{"line":16,"column":40},"end":{"line":16,"column":41}},"loc":{"start":{"line":16,"column":52},"end":{"line":16,"column":386}},"line":16},"4":{"name":"(anonymous_4)","decl":{"start":{"line":16,"column":108},"end":{"line":16,"column":109}},"loc":{"start":{"line":16,"column":135},"end":{"line":16,"column":382}},"line":16},"5":{"name":"_next","decl":{"start":{"line":16,"column":178},"end":{"line":16,"column":183}},"loc":{"start":{"line":16,"column":191},"end":{"line":16,"column":266}},"line":16},"6":{"name":"_throw","decl":{"start":{"line":16,"column":276},"end":{"line":16,"column":282}},"loc":{"start":{"line":16,"column":288},"end":{"line":16,"column":362}},"line":16},"7":{"name":"(anonymous_7)","decl":{"start":{"line":20,"column":0},"end":{"line":20,"column":1}},"loc":{"start":{"line":20,"column":12},"end":{"line":53,"column":1}},"line":20},"8":{"name":"_callee","decl":{"start":{"line":23,"column":35},"end":{"line":23,"column":42}},"loc":{"start":{"line":23,"column":49},"end":{"line":48,"column":3}},"line":23},"9":{"name":"_callee$","decl":{"start":{"line":25,"column":44},"end":{"line":25,"column":52}},"loc":{"start":{"line":25,"column":63},"end":{"line":47,"column":5}},"line":25},"10":{"name":"contextBuilder","decl":{"start":{"line":50,"column":18},"end":{"line":50,"column":32}},"loc":{"start":{"line":50,"column":37},"end":{"line":52,"column":3}},"line":50}},"branchMap":{"0":{"loc":{"start":{"line":12,"column":46},"end":{"line":12,"column":94}},"type":"cond-expr","locations":[{"start":{"line":12,"column":70},"end":{"line":12,"column":73}},{"start":{"line":12,"column":76},"end":{"line":12,"column":94}}],"line":12},"1":{"loc":{"start":{"line":12,"column":46},"end":{"line":12,"column":67}},"type":"binary-expr","locations":[{"start":{"line":12,"column":46},"end":{"line":12,"column":49}},{"start":{"line":12,"column":53},"end":{"line":12,"column":67}}],"line":12},"2":{"loc":{"start":{"line":14,"column":176},"end":{"line":14,"column":263}},"type":"if","locations":[{"start":{"line":14,"column":176},"end":{"line":14,"column":263}},{"start":{"line":14,"column":176},"end":{"line":14,"column":263}}],"line":14},"3":{"loc":{"start":{"line":27,"column":8},"end":{"line":45,"column":9}},"type":"switch","locations":[{"start":{"line":28,"column":10},"end":{"line":33,"column":15}},{"start":{"line":35,"column":10},"end":{"line":40,"column":15}},{"start":{"line":42,"column":10},"end":{"line":42,"column":17}},{"start":{"line":43,"column":10},"end":{"line":44,"column":35}}],"line":27},"4":{"loc":{"start":{"line":39,"column":24},"end":{"line":39,"column":53}},"type":"cond-expr","locations":[{"start":{"line":39,"column":33},"end":{"line":39,"column":48}},{"start":{"line":39,"column":51},"end":{"line":39,"column":53}}],"line":39}},"s":{"0":0,"1":0,"2":0,"3":0,"4":0,"5":0,"6":0,"7":0,"8":0,"9":0,"10":0,"11":0,"12":0,"13":0,"14":0,"15":0,"16":0,"17":0,"18":0,"19":0,"20":0,"21":0,"22":0,"23":0,"24":0,"25":0,"26":0,"27":0,"28":0,"29":0,"30":0,"31":0,"32":0,"33":0,"34":0,"35":0},"f":{"0":0,"1":0,"2":0,"3":0,"4":0,"5":0,"6":0,"7":0,"8":0,"9":0,"10":0},"b":{"0":[0,0],"1":[0,0],"2":[0,0],"3":[0,0,0,0],"4":[0,0]}},"/Users/opokusyn/rtetris/src/server/utils/logger.js":{"path":"/Users/opokusyn/rtetris/src/server/utils/logger.js","statementMap":{"0":{"start":{"line":3,"column":0},"end":{"line":5,"column":3}},"1":{"start":{"line":6,"column":0},"end":{"line":6,"column":28}},"2":{"start":{"line":8,"column":24},"end":{"line":8,"column":77}},"3":{"start":{"line":10,"column":39},"end":{"line":10,"column":95}},"4":{"start":{"line":12,"column":11},"end":{"line":15,"column":1}},"5":{"start":{"line":17,"column":10},"end":{"line":17,"column":63}},"6":{"start":{"line":19,"column":15},"end":{"line":19,"column":18}},"7":{"start":{"line":20,"column":0},"end":{"line":20,"column":30}}},"fnMap":{"0":{"name":"_interopRequireDefault","decl":{"start":{"line":10,"column":9},"end":{"line":10,"column":31}},"loc":{"start":{"line":10,"column":37},"end":{"line":10,"column":97}},"line":10}},"branchMap":{"0":{"loc":{"start":{"line":10,"column":46},"end":{"line":10,"column":94}},"type":"cond-expr","locations":[{"start":{"line":10,"column":70},"end":{"line":10,"column":73}},{"start":{"line":10,"column":76},"end":{"line":10,"column":94}}],"line":10},"1":{"loc":{"start":{"line":10,"column":46},"end":{"line":10,"column":67}},"type":"binary-expr","locations":[{"start":{"line":10,"column":46},"end":{"line":10,"column":49}},{"start":{"line":10,"column":53},"end":{"line":10,"column":67}}],"line":10}},"s":{"0":0,"1":0,"2":0,"3":0,"4":0,"5":0,"6":0,"7":0},"f":{"0":0},"b":{"0":[0,0],"1":[0,0]}}}