TN:
SF:/Users/opokusyn/rtetris/src/client/index.js
FNF:0
FNH:0
DA:1,1
DA:2,1
DA:3,1
DA:4,1
DA:5,1
DA:6,1
DA:7,1
DA:8,1
DA:10,1
DA:11,1
DA:16,1
DA:17,1
DA:19,1
DA:21,1
LF:14
LH:14
BRF:0
BRH:0
end_of_record
TN:
SF:/Users/opokusyn/rtetris/src/client/actions/alert.js
FN:4,alert
FNF:1
FNH:0
FNDA:0,alert
DA:2,1
DA:4,1
DA:5,0
LF:3
LH:2
BRF:0
BRH:0
end_of_record
TN:
SF:/Users/opokusyn/rtetris/src/client/actions/auth.js
FN:4,auth
FNF:1
FNH:0
FNDA:0,auth
DA:2,1
DA:4,1
DA:5,0
LF:3
LH:2
BRF:0
BRH:0
end_of_record
TN:
SF:/Users/opokusyn/rtetris/src/client/actions/clearStore.js
FN:3,clearStore
FN:13,clearStoreSoft
FNF:2
FNH:0
FNDA:0,clearStore
FNDA:0,clearStoreSoft
DA:1,1
DA:3,1
DA:5,0
DA:11,1
DA:13,1
DA:15,0
LF:6
LH:4
BRF:0
BRH:0
end_of_record
TN:
SF:/Users/opokusyn/rtetris/src/client/actions/error.js
FN:4,error
FNF:1
FNH:0
FNDA:0,error
DA:2,1
DA:4,1
DA:5,0
LF:3
LH:2
BRF:0
BRH:0
end_of_record
TN:
SF:/Users/opokusyn/rtetris/src/client/actions/errorModal.js
FN:3,setName
FNF:1
FNH:0
FNDA:0,setName
DA:1,1
DA:3,1
DA:4,0
LF:3
LH:2
BRF:0
BRH:0
end_of_record
TN:
SF:/Users/opokusyn/rtetris/src/client/actions/gameAction.js
FN:3,gameStart
FN:12,y
FN:21,x
FN:30,gameUpdate
FN:39,blockDown
FN:47,rotate
FN:48,(anonymous_6)
FN:67,blockRow
FN:76,block
FN:84,gameEnd
FNF:10
FNH:0
FNDA:0,gameStart
FNDA:0,y
FNDA:0,x
FNDA:0,gameUpdate
FNDA:0,blockDown
FNDA:0,rotate
FNDA:0,(anonymous_6)
FNDA:0,blockRow
FNDA:0,block
FNDA:0,gameEnd
DA:1,1
DA:3,1
DA:4,0
DA:10,1
DA:12,1
DA:13,0
DA:19,1
DA:21,1
DA:22,0
DA:28,1
DA:30,1
DA:31,0
DA:37,1
DA:39,1
DA:40,0
DA:45,1
DA:47,1
DA:48,0
DA:49,0
DA:50,0
DA:51,0
DA:52,0
DA:53,0
DA:54,0
DA:55,0
DA:57,0
DA:59,0
DA:65,1
DA:67,1
DA:68,0
DA:74,1
DA:76,1
DA:77,0
DA:82,1
DA:84,1
DA:85,0
LF:36
LH:18
BRF:0
BRH:0
end_of_record
TN:
SF:/Users/opokusyn/rtetris/src/client/actions/init.js
FN:4,init
FNF:1
FNH:0
FNDA:0,init
DA:2,1
DA:4,1
DA:5,0
LF:3
LH:2
BRF:0
BRH:0
end_of_record
TN:
SF:/Users/opokusyn/rtetris/src/client/actions/pageChange.js
FN:3,pageChange
FNF:1
FNH:0
FNDA:0,pageChange
DA:1,1
DA:3,1
DA:4,0
LF:3
LH:2
BRF:0
BRH:0
end_of_record
TN:
SF:/Users/opokusyn/rtetris/src/client/actions/roomCreate.js
FN:3,roomCreate
FN:12,roomSubscribe
FNF:2
FNH:0
FNDA:0,roomCreate
FNDA:0,roomSubscribe
DA:1,1
DA:3,1
DA:4,0
DA:10,1
DA:12,1
DA:13,0
LF:6
LH:4
BRF:0
BRH:0
end_of_record
TN:
SF:/Users/opokusyn/rtetris/src/client/actions/roomListUpdate.js
FN:3,roomListUpdate
FNF:1
FNH:0
FNDA:0,roomListUpdate
DA:1,1
DA:3,1
DA:4,0
LF:3
LH:2
BRF:0
BRH:0
end_of_record
TN:
SF:/Users/opokusyn/rtetris/src/client/actions/server.js
FN:1,ping
FNF:1
FNH:0
FNDA:0,ping
DA:1,1
DA:2,0
LF:2
LH:1
BRF:0
BRH:0
end_of_record
TN:
SF:/Users/opokusyn/rtetris/src/client/actions/sessionInit.js
FN:3,sessionInit
FNF:1
FNH:0
FNDA:0,sessionInit
DA:1,1
DA:3,1
DA:4,0
LF:3
LH:2
BRF:0
BRH:0
end_of_record
TN:
SF:/Users/opokusyn/rtetris/src/client/actions/setName.js
FN:3,setName
FNF:1
FNH:0
FNDA:0,setName
DA:1,1
DA:3,1
DA:4,0
LF:3
LH:2
BRF:0
BRH:0
end_of_record
TN:
SF:/Users/opokusyn/rtetris/src/client/actions/user.js
FN:3,users
FNF:1
FNH:0
FNDA:0,users
DA:1,1
DA:3,1
DA:4,0
LF:3
LH:2
BRF:0
BRH:0
end_of_record
TN:
SF:/Users/opokusyn/rtetris/src/client/actions/userCreate.js
FN:4,userCreate
FNF:1
FNH:0
FNDA:0,userCreate
DA:2,1
DA:4,1
DA:5,0
LF:3
LH:2
BRF:0
BRH:0
end_of_record
TN:
SF:/Users/opokusyn/rtetris/src/client/components/test.js
FN:3,Tetris
FN:9,Board
FNF:2
FNH:0
FNDA:0,Tetris
FNDA:0,Board
DA:1,0
DA:3,0
DA:4,0
DA:9,0
DA:10,0
LF:5
LH:0
BRF:0
BRH:0
end_of_record
TN:
SF:/Users/opokusyn/rtetris/src/client/components/BoardMain/index.js
FN:10,(anonymous_11)
FN:81,buildRow
FN:82,(anonymous_13)
FN:91,mapTable
FN:95,(anonymous_15)
FN:97,(anonymous_16)
FN:98,(anonymous_17)
FN:105,mapOtherTabe
FN:108,(anonymous_19)
FN:109,(anonymous_20)
FN:124,otherBoard
FN:125,(anonymous_22)
FN:136,BoardMain
FN:144,(anonymous_24)
FN:173,mapStateToProps
FNF:15
FNH:0
FNDA:0,(anonymous_11)
FNDA:0,buildRow
FNDA:0,(anonymous_13)
FNDA:0,mapTable
FNDA:0,(anonymous_15)
FNDA:0,(anonymous_16)
FNDA:0,(anonymous_17)
FNDA:0,mapOtherTabe
FNDA:0,(anonymous_19)
FNDA:0,(anonymous_20)
FNDA:0,otherBoard
FNDA:0,(anonymous_22)
FNDA:0,BoardMain
FNDA:0,(anonymous_24)
FNDA:0,mapStateToProps
DA:2,1
DA:4,1
DA:5,1
DA:6,1
DA:7,1
DA:8,1
DA:10,1
DA:81,1
DA:82,0
DA:83,0
DA:86,0
DA:91,1
DA:92,0
DA:93,0
DA:94,0
DA:95,0
DA:97,0
DA:98,0
DA:99,0
DA:102,0
DA:105,1
DA:106,0
DA:107,0
DA:108,0
DA:109,0
DA:110,0
DA:111,0
DA:112,0
DA:113,0
DA:114,0
DA:116,0
DA:121,0
DA:124,1
DA:125,0
DA:126,0
DA:136,1
DA:137,0
DA:138,0
DA:139,0
DA:140,0
DA:142,0
DA:143,0
DA:144,0
DA:145,0
DA:146,0
DA:149,0
DA:150,0
DA:173,1
DA:174,0
DA:177,1
LF:50
LH:14
BRDA:92,0,0,0
BRDA:92,0,1,0
BRDA:99,1,0,0
BRDA:99,1,1,0
BRDA:111,2,0,0
BRDA:111,2,1,0
BRDA:111,3,0,0
BRDA:111,3,1,0
BRDA:124,4,0,0
BRDA:124,4,1,0
BRDA:124,5,0,0
BRDA:124,5,1,0
BRDA:128,6,0,0
BRDA:128,6,1,0
BRDA:138,7,0,0
BRDA:138,7,1,0
BRDA:138,8,0,0
BRDA:138,8,1,0
BRDA:145,9,0,0
BRDA:145,9,1,0
BRDA:155,10,0,0
BRDA:155,10,1,0
BRDA:155,11,0,0
BRDA:155,11,1,0
BRDA:159,12,0,0
BRDA:159,12,1,0
BRDA:165,13,0,0
BRDA:165,13,1,0
BRDA:165,14,0,0
BRDA:165,14,1,0
BRF:30
BRH:0
end_of_record
TN:
SF:/Users/opokusyn/rtetris/src/client/components/Cell/index.js
FN:5,createCell
FN:15,test
FN:19,Cell
FNF:3
FNH:0
FNDA:0,createCell
FNDA:0,test
FNDA:0,Cell
DA:1,0
DA:3,0
DA:5,0
DA:6,0
DA:7,0
DA:12,0
DA:16,0
DA:19,0
DA:20,0
LF:9
LH:0
BRF:0
BRH:0
end_of_record
TN:
SF:/Users/opokusyn/rtetris/src/client/components/ErrorPopup/index.js
FN:17,ErrorPopup
FN:18,handleClose
FN:46,mapStateToProps
FNF:3
FNH:0
FNDA:0,ErrorPopup
FNDA:0,handleClose
FNDA:0,mapStateToProps
DA:1,1
DA:2,1
DA:4,1
DA:8,1
DA:9,1
DA:10,1
DA:13,1
DA:14,1
DA:15,1
DA:17,1
DA:18,0
DA:19,0
DA:21,0
DA:22,0
DA:24,0
DA:46,1
DA:47,0
DA:53,1
LF:18
LH:12
BRDA:21,0,0,0
BRDA:21,0,1,0
BRF:2
BRH:0
end_of_record
TN:
SF:/Users/opokusyn/rtetris/src/client/components/GameRow/index.js
FN:9,GameRow
FN:14,handleToggle
FNF:2
FNH:0
FNDA:0,GameRow
FNDA:0,handleToggle
DA:1,1
DA:2,1
DA:3,1
DA:4,1
DA:5,1
DA:6,1
DA:7,1
DA:9,1
DA:10,0
DA:11,0
DA:12,0
DA:14,0
DA:15,0
DA:16,0
DA:18,0
DA:21,0
DA:32,1
LF:17
LH:9
BRDA:15,0,0,0
BRDA:15,0,1,0
BRF:2
BRH:0
end_of_record
TN:
SF:/Users/opokusyn/rtetris/src/client/components/Header/index.js
FN:8,Header
FNF:1
FNH:0
FNDA:0,Header
DA:1,1
DA:2,1
DA:3,1
DA:4,1
DA:6,1
DA:8,1
DA:9,0
DA:26,1
LF:8
LH:7
BRF:0
BRH:0
end_of_record
TN:
SF:/Users/opokusyn/rtetris/src/client/components/HeadreNavBar/index.js
FN:13,HeaderNavBar
FN:15,handleClick1
FN:18,handleClick2
FN:22,handleClick3
FNF:4
FNH:0
FNDA:0,HeaderNavBar
FNDA:0,handleClick1
FNDA:0,handleClick2
FNDA:0,handleClick3
DA:1,1
DA:2,1
DA:3,1
DA:4,1
DA:5,1
DA:7,1
DA:8,1
DA:13,1
DA:15,0
DA:16,0
DA:18,0
DA:19,0
DA:22,0
DA:23,0
DA:26,0
DA:51,1
LF:16
LH:9
BRF:0
BRH:0
end_of_record
TN:
SF:/Users/opokusyn/rtetris/src/client/components/LoginPage/index.js
FN:7,buildRow
FN:16,BoardMain
FN:26,mapStateToProps
FNF:3
FNH:0
FNDA:0,buildRow
FNDA:0,BoardMain
FNDA:0,mapStateToProps
DA:2,0
DA:5,0
DA:7,0
DA:8,0
DA:9,0
DA:11,0
DA:13,0
DA:16,0
DA:17,0
DA:26,0
DA:27,0
DA:30,0
LF:12
LH:0
BRF:0
BRH:0
end_of_record
TN:
SF:/Users/opokusyn/rtetris/src/client/components/MyRoom/index.js
FN:9,playerList
FN:17,MyRoom
FN:18,handler
FN:22,handleLeft
FN:26,handleDelete
FN:37,(anonymous_6)
FNF:6
FNH:0
FNDA:0,playerList
FNDA:0,MyRoom
FNDA:0,handler
FNDA:0,handleLeft
FNDA:0,handleDelete
FNDA:0,(anonymous_6)
DA:1,1
DA:2,1
DA:3,1
DA:4,1
DA:5,1
DA:6,1
DA:7,1
DA:9,1
DA:17,1
DA:18,0
DA:19,0
DA:22,0
DA:23,0
DA:26,0
DA:27,0
DA:30,0
DA:31,0
DA:37,0
DA:53,1
LF:19
LH:10
BRDA:39,0,0,0
BRDA:39,0,1,0
BRDA:40,1,0,0
BRDA:40,1,1,0
BRDA:44,2,0,0
BRDA:44,2,1,0
BRF:6
BRH:0
end_of_record
TN:
SF:/Users/opokusyn/rtetris/src/client/components/Popup/AcountCheck.js
FN:12,AcountCheck
FN:13,handleSubmit
FNF:2
FNH:0
FNDA:0,AcountCheck
FNDA:0,handleSubmit
DA:1,1
DA:2,1
DA:3,1
DA:4,1
DA:5,1
DA:6,1
DA:8,1
DA:9,1
DA:10,1
DA:12,1
DA:13,0
DA:14,0
DA:15,0
DA:18,0
DA:57,1
LF:15
LH:11
BRF:0
BRH:0
end_of_record
TN:
SF:/Users/opokusyn/rtetris/src/client/components/Popup/AcountConfirm.js
FN:16,AcountConfirm
FN:17,handleSubmit
FN:21,handleCancel
FNF:3
FNH:0
FNDA:0,AcountConfirm
FNDA:0,handleSubmit
FNDA:0,handleCancel
DA:1,1
DA:2,1
DA:3,1
DA:4,1
DA:5,1
DA:6,1
DA:8,1
DA:9,1
DA:10,1
DA:12,1
DA:13,1
DA:14,1
DA:16,1
DA:17,0
DA:18,0
DA:19,0
DA:21,0
DA:22,0
DA:23,0
DA:24,0
DA:27,0
DA:57,1
LF:22
LH:14
BRF:0
BRH:0
end_of_record
TN:
SF:/Users/opokusyn/rtetris/src/client/components/Popup/Handlers.js
FN:2,handleClose
FN:6,handleInputChange
FNF:2
FNH:0
FNDA:0,handleClose
FNDA:0,handleInputChange
DA:2,0
DA:3,0
DA:6,0
DA:7,0
DA:10,0
LF:5
LH:0
BRF:0
BRH:0
end_of_record
TN:
SF:/Users/opokusyn/rtetris/src/client/components/Popup/index.js
FN:16,(anonymous_6)
FN:25,Popup
FN:30,handleClose
FN:34,handleInputChange
FN:38,handlePassChange
FN:44,getPopup
FN:73,mapStateToProps
FNF:7
FNH:0
FNDA:0,(anonymous_6)
FNDA:0,Popup
FNDA:0,handleClose
FNDA:0,handleInputChange
FNDA:0,handlePassChange
FNDA:0,getPopup
FNDA:0,mapStateToProps
DA:1,1
DA:2,1
DA:4,1
DA:5,1
DA:6,1
DA:10,1
DA:11,1
DA:13,1
DA:14,1
DA:16,1
DA:25,1
DA:26,0
DA:27,0
DA:28,0
DA:30,0
DA:31,0
DA:34,0
DA:35,0
DA:38,0
DA:39,0
DA:42,0
DA:44,0
DA:45,0
DA:46,0
DA:47,0
DA:48,0
DA:51,0
DA:58,0
DA:73,1
DA:74,0
DA:82,1
LF:31
LH:13
BRDA:42,0,0,0
BRDA:42,0,1,0
BRDA:45,1,0,0
BRDA:45,1,1,0
BRDA:47,2,0,0
BRDA:47,2,1,0
BRDA:66,3,0,0
BRDA:66,3,1,0
BRF:8
BRH:0
end_of_record
TN:
SF:/Users/opokusyn/rtetris/src/client/components/Room/index.js
FN:10,(anonymous_6)
FN:22,Room
FN:26,handleInput
FN:30,handleCreate
FNF:4
FNH:0
FNDA:0,(anonymous_6)
FNDA:0,Room
FNDA:0,handleInput
FNDA:0,handleCreate
DA:1,1
DA:2,1
DA:3,1
DA:4,1
DA:5,1
DA:6,1
DA:7,1
DA:8,1
DA:10,1
DA:22,1
DA:23,0
DA:24,0
DA:26,0
DA:27,0
DA:30,0
DA:31,0
DA:32,0
DA:35,0
DA:61,1
LF:19
LH:11
BRF:0
BRH:0
end_of_record
TN:
SF:/Users/opokusyn/rtetris/src/client/components/Row/index.js
FN:4,createCell
FN:6,(anonymous_2)
FN:13,Row
FNF:3
FNH:0
FNDA:0,createCell
FNDA:0,(anonymous_2)
FNDA:0,Row
DA:1,1
DA:2,1
DA:4,1
DA:6,0
DA:7,0
DA:9,0
DA:13,1
DA:15,0
LF:8
LH:4
BRF:0
BRH:0
end_of_record
TN:
SF:/Users/opokusyn/rtetris/src/client/components/UserRow/index.js
FN:6,UserRow
FNF:1
FNH:0
FNDA:0,UserRow
DA:1,1
DA:2,1
DA:3,1
DA:4,1
DA:6,1
DA:7,0
DA:17,1
LF:7
LH:6
BRF:0
BRH:0
end_of_record
TN:
SF:/Users/opokusyn/rtetris/src/client/components/WinerPopup/index.js
FN:21,WinerPopup
FN:24,handleClose
FN:49,mapStateToProps
FNF:3
FNH:0
FNDA:0,WinerPopup
FNDA:0,handleClose
FNDA:0,mapStateToProps
DA:1,1
DA:2,1
DA:4,1
DA:5,1
DA:11,1
DA:12,1
DA:13,1
DA:14,1
DA:15,1
DA:21,1
DA:22,0
DA:24,0
DA:25,0
DA:26,0
DA:27,0
DA:31,0
DA:49,1
DA:50,0
DA:55,1
LF:19
LH:12
BRF:0
BRH:0
end_of_record
TN:
SF:/Users/opokusyn/rtetris/src/client/containers/app.js
FN:7,App
FNF:1
FNH:0
FNDA:0,App
DA:1,1
DA:3,1
DA:7,1
DA:8,0
DA:13,1
LF:5
LH:4
BRF:0
BRH:0
end_of_record
TN:
SF:/Users/opokusyn/rtetris/src/client/containers/gameTable.js
FN:17,(anonymous_6)
FN:42,GameTable
FN:47,handleChange
FN:53,handleInput
FN:74,(anonymous_10)
FN:87,mapStateToProps
FNF:6
FNH:0
FNDA:0,(anonymous_6)
FNDA:0,GameTable
FNDA:0,handleChange
FNDA:0,handleInput
FNDA:0,(anonymous_10)
FNDA:0,mapStateToProps
DA:1,1
DA:2,1
DA:3,1
DA:4,1
DA:5,1
DA:7,1
DA:9,1
DA:10,1
DA:11,1
DA:12,1
DA:13,1
DA:15,1
DA:17,1
DA:42,1
DA:44,0
DA:45,0
DA:48,0
DA:51,0
DA:53,0
DA:54,0
DA:57,0
DA:75,0
DA:87,1
DA:88,0
DA:94,1
LF:25
LH:16
BRDA:63,0,0,0
BRDA:63,0,1,0
BRDA:72,1,0,0
BRDA:72,1,1,0
BRF:4
BRH:0
end_of_record
TN:
SF:/Users/opokusyn/rtetris/src/client/containers/home.js
FN:15,(anonymous_7)
FN:101,Home
FN:128,(anonymous_9)
FNF:3
FNH:0
FNDA:0,(anonymous_7)
FNDA:0,Home
FNDA:0,(anonymous_9)
DA:1,1
DA:2,1
DA:3,1
DA:4,1
DA:5,1
DA:6,1
DA:7,1
DA:8,1
DA:9,1
DA:10,1
DA:11,1
DA:12,1
DA:13,1
DA:15,1
DA:86,1
DA:102,0
DA:104,0
DA:128,0
LF:18
LH:15
BRF:0
BRH:0
end_of_record
TN:
SF:/Users/opokusyn/rtetris/src/client/containers/login.js
FN:11,handleSubmit
FN:16,handleChange
FN:20,Login
FNF:3
FNH:0
FNDA:0,handleSubmit
FNDA:0,handleChange
FNDA:0,Login
DA:1,1
DA:3,1
DA:7,1
DA:9,1
DA:11,1
DA:12,0
DA:13,0
DA:16,1
DA:17,0
DA:20,1
DA:22,0
DA:41,1
LF:12
LH:8
BRF:0
BRH:0
end_of_record
TN:
SF:/Users/opokusyn/rtetris/src/client/containers/users.js
FN:12,(anonymous_7)
FN:30,Users
FN:42,(anonymous_9)
FN:53,mapStateToProps
FNF:4
FNH:0
FNDA:0,(anonymous_7)
FNDA:0,Users
FNDA:0,(anonymous_9)
FNDA:0,mapStateToProps
DA:1,1
DA:2,1
DA:3,1
DA:4,1
DA:5,1
DA:7,1
DA:8,1
DA:10,1
DA:12,1
DA:30,1
DA:31,0
DA:32,0
DA:43,0
DA:53,1
DA:54,0
DA:58,1
LF:16
LH:12
BRF:0
BRH:0
end_of_record
TN:
SF:/Users/opokusyn/rtetris/src/client/middleware/storeStateMiddleWare.js
FN:1,storeStateMiddleWare
FN:2,(anonymous_1)
FN:2,(anonymous_2)
FNF:3
FNH:0
FNDA:0,storeStateMiddleWare
FNDA:0,(anonymous_1)
FNDA:0,(anonymous_2)
DA:1,0
DA:2,0
DA:3,0
DA:4,0
DA:5,0
LF:5
LH:0
BRF:0
BRH:0
end_of_record
TN:
SF:/Users/opokusyn/rtetris/src/client/reducers/alert.js
FN:6,reducer
FN:31,(anonymous_8)
FNF:2
FNH:0
FNDA:0,reducer
FNDA:0,(anonymous_8)
DA:1,0
DA:2,0
DA:3,0
DA:4,0
DA:6,0
DA:8,0
DA:10,0
DA:12,0
DA:14,0
DA:16,0
DA:18,0
DA:20,0
DA:22,0
DA:24,0
DA:26,0
DA:28,0
DA:30,0
DA:31,0
DA:32,0
DA:33,0
DA:36,0
DA:38,0
DA:40,0
DA:42,0
DA:44,0
DA:46,0
DA:47,0
DA:48,0
DA:49,0
DA:51,0
DA:53,0
DA:55,0
DA:56,0
DA:58,0
DA:59,0
DA:61,0
DA:63,0
DA:66,0
DA:67,0
DA:68,0
DA:70,0
DA:71,0
DA:72,0
DA:74,0
DA:75,0
DA:77,0
DA:79,0
DA:81,0
DA:83,0
DA:84,0
DA:85,0
DA:87,0
DA:88,0
DA:89,0
DA:90,0
DA:92,0
DA:94,0
DA:95,0
DA:97,0
DA:99,0
DA:100,0
DA:102,0
DA:104,0
DA:106,0
DA:108,0
DA:112,0
LF:66
LH:0
BRDA:6,0,0,0
BRDA:6,0,1,0
BRDA:6,1,0,0
BRDA:6,1,1,0
BRDA:9,2,0,0
BRDA:9,2,1,0
BRDA:9,2,2,0
BRDA:9,2,3,0
BRDA:9,2,4,0
BRDA:9,2,5,0
BRDA:9,2,6,0
BRDA:9,2,7,0
BRDA:9,2,8,0
BRDA:9,2,9,0
BRDA:9,2,10,0
BRDA:9,2,11,0
BRDA:9,2,12,0
BRDA:9,2,13,0
BRDA:9,2,14,0
BRDA:9,2,15,0
BRDA:9,2,16,0
BRDA:9,2,17,0
BRDA:9,2,18,0
BRDA:9,2,19,0
BRDA:9,2,20,0
BRDA:9,2,21,0
BRDA:9,2,22,0
BRDA:9,2,23,0
BRDA:30,3,0,0
BRDA:30,3,1,0
BRDA:32,4,0,0
BRDA:32,4,1,0
BRDA:46,5,0,0
BRDA:46,5,1,0
BRDA:48,6,0,0
BRDA:48,6,1,0
BRDA:48,7,0,0
BRDA:48,7,1,0
BRDA:61,8,0,0
BRDA:61,8,1,0
BRDA:61,9,0,0
BRDA:61,9,1,0
BRDA:61,9,2,0
BRDA:79,10,0,0
BRDA:79,10,1,0
BRDA:79,11,0,0
BRDA:79,11,1,0
BRDA:79,11,2,0
BRDA:89,12,0,0
BRDA:89,12,1,0
BRDA:99,13,0,0
BRDA:99,13,1,0
BRF:52
BRH:0
end_of_record
TN:
SF:/Users/opokusyn/rtetris/src/client/reducers/index.js
FN:6,reducer
FN:33,(anonymous_8)
FNF:2
FNH:1
FNDA:1,reducer
FNDA:0,(anonymous_8)
DA:1,1
DA:2,1
DA:3,1
DA:4,1
DA:6,1
DA:8,1
DA:10,0
DA:12,0
DA:14,0
DA:16,0
DA:18,0
DA:20,0
DA:22,0
DA:24,0
DA:26,0
DA:28,0
DA:30,0
DA:32,0
DA:33,0
DA:34,0
DA:35,0
DA:38,0
DA:40,0
DA:42,0
DA:44,0
DA:46,0
DA:48,0
DA:50,0
DA:51,0
DA:52,0
DA:53,0
DA:55,0
DA:57,0
DA:59,0
DA:60,0
DA:62,0
DA:63,0
DA:65,0
DA:67,0
DA:70,0
DA:71,0
DA:72,0
DA:74,0
DA:75,0
DA:76,0
DA:78,0
DA:79,0
DA:81,0
DA:83,0
DA:85,0
DA:87,0
DA:88,0
DA:89,0
DA:91,0
DA:92,0
DA:93,0
DA:94,0
DA:96,0
DA:98,0
DA:99,0
DA:101,0
DA:103,0
DA:104,0
DA:106,0
DA:108,0
DA:110,0
DA:112,0
DA:114,1
DA:118,1
LF:69
LH:8
BRDA:6,0,0,1
BRDA:6,0,1,0
BRDA:6,1,0,2
BRDA:6,1,1,1
BRDA:9,2,0,0
BRDA:9,2,1,0
BRDA:9,2,2,0
BRDA:9,2,3,0
BRDA:9,2,4,0
BRDA:9,2,5,0
BRDA:9,2,6,0
BRDA:9,2,7,0
BRDA:9,2,8,0
BRDA:9,2,9,0
BRDA:9,2,10,0
BRDA:9,2,11,0
BRDA:9,2,12,0
BRDA:9,2,13,0
BRDA:9,2,14,0
BRDA:9,2,15,0
BRDA:9,2,16,0
BRDA:9,2,17,0
BRDA:9,2,18,0
BRDA:9,2,19,0
BRDA:9,2,20,0
BRDA:9,2,21,0
BRDA:9,2,22,0
BRDA:9,2,23,0
BRDA:9,2,24,0
BRDA:9,2,25,1
BRDA:32,3,0,0
BRDA:32,3,1,0
BRDA:34,4,0,0
BRDA:34,4,1,0
BRDA:44,5,0,0
BRDA:44,5,1,0
BRDA:44,6,0,0
BRDA:44,6,1,0
BRDA:50,7,0,0
BRDA:50,7,1,0
BRDA:52,8,0,0
BRDA:52,8,1,0
BRDA:52,9,0,0
BRDA:52,9,1,0
BRDA:65,10,0,0
BRDA:65,10,1,0
BRDA:65,11,0,0
BRDA:65,11,1,0
BRDA:65,11,2,0
BRDA:83,12,0,0
BRDA:83,12,1,0
BRDA:83,13,0,0
BRDA:83,13,1,0
BRDA:83,13,2,0
BRDA:93,14,0,0
BRDA:93,14,1,0
BRDA:103,15,0,0
BRDA:103,15,1,0
BRF:58
BRH:4
end_of_record
TN:
SF:/Users/opokusyn/rtetris/src/client/reducers/tst.js
FN:1,reducer
FNF:1
FNH:0
FNDA:0,reducer
DA:1,0
DA:3,0
DA:5,0
DA:7,0
DA:10,0
LF:5
LH:0
BRDA:1,0,0,0
BRDA:1,0,1,0
BRDA:1,1,0,0
BRDA:1,1,1,0
BRDA:4,2,0,0
BRDA:4,2,1,0
BRF:6
BRH:0
end_of_record
TN:
SF:/Users/opokusyn/rtetris/src/client/utils/cookie.js
FN:2,(anonymous_0)
FN:9,(anonymous_1)
FN:25,(anonymous_2)
FN:26,getCookie
FNF:4
FNH:1
FNDA:0,(anonymous_0)
FNDA:2,(anonymous_1)
FNDA:0,(anonymous_2)
FNDA:0,getCookie
DA:2,1
DA:3,0
DA:4,0
DA:5,0
DA:6,0
DA:9,1
DA:10,2
DA:11,2
DA:12,2
DA:13,2
DA:14,2
DA:15,2
DA:16,0
DA:18,2
DA:19,0
DA:22,2
DA:25,1
DA:26,0
DA:27,0
DA:28,0
DA:29,0
DA:30,0
DA:31,0
DA:32,0
DA:33,0
DA:35,0
DA:36,0
DA:39,0
DA:42,0
DA:43,0
DA:45,0
LF:31
LH:11
BRDA:18,0,0,0
BRDA:18,0,1,2
BRDA:35,1,0,0
BRDA:35,1,1,0
BRF:4
BRH:1
end_of_record
TN:
SF:/Users/opokusyn/rtetris/src/client/utils/eventListener.js
FN:7,eventInit
FN:8,cb
FN:12,rotateF
FN:18,rot
FN:19,(anonymous_5)
FN:41,f
FN:46,f
FN:53,f
FN:58,f
FN:86,(anonymous_10)
FN:87,(anonymous_11)
FNF:11
FNH:1
FNDA:1,eventInit
FNDA:0,cb
FNDA:0,rotateF
FNDA:0,rot
FNDA:0,(anonymous_5)
FNDA:0,f
FNDA:0,f
FNDA:0,f
FNDA:0,f
FNDA:0,(anonymous_10)
FNDA:0,(anonymous_11)
DA:1,1
DA:2,1
DA:3,1
DA:4,1
DA:5,1
DA:9,0
DA:10,0
DA:12,0
DA:13,0
DA:14,0
DA:15,0
DA:18,0
DA:19,0
DA:20,0
DA:21,0
DA:22,0
DA:23,0
DA:24,0
DA:25,0
DA:26,0
DA:28,0
DA:30,0
DA:36,0
DA:37,0
DA:39,0
DA:41,0
DA:47,0
DA:53,0
DA:58,0
DA:68,0
DA:69,0
DA:70,0
DA:72,0
DA:73,0
DA:75,0
DA:76,0
DA:78,0
DA:80,0
DA:81,0
DA:83,0
DA:84,0
DA:86,0
DA:87,0
DA:88,0
DA:89,0
DA:90,0
DA:91,0
DA:92,0
DA:94,0
DA:95,0
DA:96,0
DA:100,0
DA:102,0
DA:103,0
DA:104,0
DA:106,0
DA:113,0
DA:114,0
DA:116,0
DA:119,1
LF:60
LH:6
BRDA:10,0,0,0
BRDA:10,0,1,0
BRDA:36,1,0,0
BRDA:36,1,1,0
BRDA:68,2,0,0
BRDA:68,2,1,0
BRDA:80,3,0,0
BRDA:80,3,1,0
BRDA:90,4,0,0
BRDA:90,4,1,0
BRDA:90,5,0,0
BRDA:90,5,1,0
BRDA:94,6,0,0
BRDA:94,6,1,0
BRDA:95,7,0,0
BRDA:95,7,1,0
BRDA:95,8,0,0
BRDA:95,8,1,0
BRDA:95,8,2,0
BRDA:96,9,0,0
BRDA:96,9,1,0
BRDA:96,10,0,0
BRDA:96,10,1,0
BRDA:96,10,2,0
BRDA:102,11,0,0
BRDA:102,11,1,0
BRDA:103,12,0,0
BRDA:103,12,1,0
BRF:28
BRH:0
end_of_record
TN:
SF:/Users/opokusyn/rtetris/src/client/utils/gameHandlers.js
FN:3,handleCollision
FN:4,setFigure
FN:5,(anonymous_9)
FN:6,(anonymous_10)
FN:20,yHandler
FN:38,xHandler
FNF:6
FNH:0
FNDA:0,handleCollision
FNDA:0,setFigure
FNDA:0,(anonymous_9)
FNDA:0,(anonymous_10)
FNDA:0,yHandler
FNDA:0,xHandler
DA:1,1
DA:3,1
DA:4,0
DA:5,0
DA:6,0
DA:7,0
DA:12,0
DA:13,0
DA:14,0
DA:15,0
DA:20,1
DA:21,0
DA:23,0
DA:24,0
DA:26,0
DA:28,0
DA:31,0
DA:32,0
DA:35,0
DA:38,1
DA:39,0
DA:40,0
DA:41,0
DA:42,0
DA:43,0
DA:45,0
DA:47,0
DA:49,0
DA:50,0
DA:51,0
LF:30
LH:4
BRDA:13,0,0,0
BRDA:13,0,1,0
BRDA:26,1,0,0
BRDA:26,1,1,0
BRDA:26,2,0,0
BRDA:26,2,1,0
BRDA:26,2,2,0
BRDA:43,3,0,0
BRDA:43,3,1,0
BRDA:43,4,0,0
BRDA:43,4,1,0
BRDA:43,4,2,0
BRF:12
BRH:0
end_of_record
TN:
SF:/Users/opokusyn/rtetris/src/client/utils/positionCheck.js
FN:1,positionCheck
FNF:1
FNH:0
FNDA:0,positionCheck
LF:0
LH:0
BRF:0
BRH:0
end_of_record
TN:
SF:/Users/opokusyn/rtetris/src/client/utils/router.js
FN:10,getPage
FN:32,Router
FN:39,mapStateToProps
FNF:3
FNH:0
FNDA:0,getPage
FNDA:0,Router
FNDA:0,mapStateToProps
DA:1,1
DA:2,1
DA:3,1
DA:4,1
DA:5,1
DA:6,1
DA:7,1
DA:8,1
DA:10,1
DA:11,0
DA:13,0
DA:14,0
DA:15,0
DA:17,0
DA:18,0
DA:20,0
DA:21,0
DA:23,0
DA:25,0
DA:27,0
DA:28,0
DA:32,1
DA:33,0
DA:39,1
DA:40,0
DA:43,1
LF:26
LH:12
BRDA:13,0,0,0
BRDA:13,0,1,0
BRDA:13,1,0,0
BRDA:13,1,1,0
BRDA:14,2,0,0
BRDA:14,2,1,0
BRDA:14,3,0,0
BRDA:14,3,1,0
BRDA:16,4,0,0
BRDA:16,4,1,0
BRDA:16,4,2,0
BRDA:16,4,3,0
BRDA:16,4,4,0
BRF:13
BRH:0
end_of_record
TN:
SF:/Users/opokusyn/rtetris/src/client/utils/socket.js
FN:16,(anonymous_2)
FN:23,(anonymous_3)
FN:27,(anonymous_4)
FN:33,(anonymous_5)
FN:84,(anonymous_6)
FNF:5
FNH:0
FNDA:0,(anonymous_2)
FNDA:0,(anonymous_3)
FNDA:0,(anonymous_4)
FNDA:0,(anonymous_5)
FNDA:0,(anonymous_6)
DA:1,1
DA:2,1
DA:3,1
DA:4,1
DA:5,1
DA:6,1
DA:7,1
DA:8,1
DA:9,1
DA:10,1
DA:12,1
DA:13,1
DA:14,1
DA:16,1
DA:17,0
DA:18,0
DA:23,1
DA:24,0
DA:27,1
DA:28,0
DA:29,0
DA:30,0
DA:33,1
DA:34,0
DA:36,0
DA:37,0
DA:39,0
DA:40,0
DA:42,0
DA:43,0
DA:44,0
DA:45,0
DA:47,0
DA:48,0
DA:50,0
DA:51,0
DA:53,0
DA:54,0
DA:56,0
DA:57,0
DA:59,0
DA:60,0
DA:62,0
DA:64,0
DA:66,0
DA:67,0
DA:68,0
DA:70,0
DA:71,0
DA:73,0
DA:74,0
DA:76,0
DA:77,0
DA:79,0
DA:80,0
DA:84,1
DA:87,1
LF:57
LH:19
BRDA:35,0,0,0
BRDA:35,0,1,0
BRDA:35,0,2,0
BRDA:35,0,3,0
BRDA:35,0,4,0
BRDA:35,0,5,0
BRDA:35,0,6,0
BRDA:35,0,7,0
BRDA:35,0,8,0
BRDA:35,0,9,0
BRDA:35,0,10,0
BRDA:35,0,11,0
BRDA:35,0,12,0
BRDA:35,0,13,0
BRF:14
BRH:0
end_of_record
TN:
SF:/Users/opokusyn/rtetris/src/client/utils/store.js
FN:9,geUserStatus
FN:26,getInitialState
FNF:2
FNH:2
FNDA:1,geUserStatus
FNDA:1,getInitialState
DA:1,1
DA:2,1
DA:3,1
DA:4,1
DA:5,1
DA:6,1
DA:9,1
DA:10,1
DA:11,1
DA:12,1
DA:13,1
DA:14,1
DA:15,1
DA:16,1
DA:18,1
DA:19,0
DA:20,0
DA:23,1
DA:26,2
DA:42,1
DA:47,1
DA:54,1
LF:22
LH:20
BRDA:14,0,0,1
BRDA:14,0,1,0
BRDA:14,1,0,1
BRDA:14,1,1,1
BRDA:18,2,0,0
BRDA:18,2,1,1
BRDA:18,3,0,1
BRDA:18,3,1,1
BRDA:43,4,0,1
BRDA:43,4,1,0
BRDA:43,5,0,1
BRDA:43,5,1,1
BRF:12
BRH:9
end_of_record
TN:
SF:/Users/opokusyn/rtetris/src/client/utils/urlParse.js
FN:4,_default
FNF:1
FNH:1
FNDA:1,_default
DA:1,1
DA:2,1
DA:5,1
DA:6,0
DA:7,0
DA:8,0
DA:9,0
DA:10,0
DA:11,0
DA:13,0
DA:14,0
DA:15,0
DA:16,0
DA:17,0
DA:19,0
DA:20,0
DA:21,0
DA:23,0
LF:18
LH:3
BRDA:5,0,0,0
BRDA:5,0,1,1
BRDA:9,1,0,0
BRDA:9,1,1,0
BRDA:15,2,0,0
BRDA:15,2,1,0
BRDA:15,3,0,0
BRDA:15,3,1,0
BRDA:19,4,0,0
BRDA:19,4,1,0
BRF:10
BRH:1
end_of_record
TN:
SF:/Users/opokusyn/rtetris/src/server/index.js
FN:19,initApp
FN:24,(anonymous_2)
FN:30,initEngine
FN:34,create
FN:35,(anonymous_5)
FN:37,(anonymous_6)
FN:41,stop
FN:42,(anonymous_8)
FNF:8
FNH:0
FNDA:0,initApp
FNDA:0,(anonymous_2)
FNDA:0,initEngine
FNDA:0,create
FNDA:0,(anonymous_5)
FNDA:0,(anonymous_6)
FNDA:0,stop
FNDA:0,(anonymous_8)
DA:1,0
DA:2,0
DA:3,0
DA:4,0
DA:5,0
DA:6,0
DA:7,0
DA:9,0
DA:10,0
DA:11,0
DA:15,0
DA:17,0
DA:19,0
DA:20,0
DA:22,0
DA:24,0
DA:25,0
DA:26,0
DA:30,0
DA:31,0
DA:35,0
DA:36,0
DA:37,0
DA:39,0
DA:40,0
DA:41,0
DA:42,0
DA:43,0
DA:45,0
DA:46,0
DA:49,0
DA:51,0
DA:54,0
LF:33
LH:0
BRF:0
BRH:0
end_of_record
TN:
SF:/Users/opokusyn/rtetris/src/server/main.js
FN:4,(anonymous_2)
FNF:1
FNH:0
FNDA:0,(anonymous_2)
DA:1,0
DA:2,0
DA:3,0
DA:4,0
LF:4
LH:0
BRF:0
BRH:0
end_of_record
TN:
SF:/Users/opokusyn/rtetris/src/server/core/gameContainer.js
FN:6,GameContainr
FN:10,push
FN:17,getGame
FN:18,(anonymous_8)
FN:20,getGameList
FN:25,clearContainer
FN:26,(anonymous_11)
FNF:7
FNH:0
FNDA:0,GameContainr
FNDA:0,push
FNDA:0,getGame
FNDA:0,(anonymous_8)
FNDA:0,getGameList
FNDA:0,clearContainer
FNDA:0,(anonymous_11)
DA:1,0
DA:2,0
DA:3,0
DA:6,0
DA:7,0
DA:11,0
DA:12,0
DA:13,0
DA:14,0
DA:18,0
DA:22,0
DA:26,0
DA:31,0
DA:33,0
LF:14
LH:0
BRDA:18,0,0,0
BRDA:18,0,1,0
BRF:2
BRH:0
end_of_record
TN:
SF:/Users/opokusyn/rtetris/src/server/core/gameRunner.js
FN:3,(anonymous_10)
FN:3,_callee
FN:3,execQueue
FN:20,GameRunner
FN:27,createRunner
FN:28,gameTick
FN:33,runGame
FN:38,stopGame
FNF:8
FNH:0
FNDA:0,(anonymous_10)
FNDA:0,_callee
FNDA:0,execQueue
FNDA:0,GameRunner
FNDA:0,createRunner
FNDA:0,gameTick
FNDA:0,runGame
FNDA:0,stopGame
DA:1,0
DA:3,0
DA:5,0
DA:7,0
DA:8,0
DA:9,0
DA:10,0
DA:14,0
DA:15,0
DA:20,0
DA:21,0
DA:22,0
DA:23,0
DA:24,0
DA:28,0
DA:29,0
DA:34,0
DA:35,0
DA:39,0
DA:40,0
DA:41,0
DA:42,0
DA:47,0
DA:49,0
DA:50,0
DA:55,0
LF:26
LH:0
BRDA:3,0,0,0
BRDA:3,0,1,0
BRDA:3,0,2,0
BRDA:3,0,3,0
BRDA:3,0,4,0
BRDA:3,1,0,0
BRDA:3,1,1,0
BRDA:4,2,0,0
BRDA:4,2,1,0
BRDA:9,3,0,0
BRDA:9,3,1,0
BRDA:14,4,0,0
BRDA:14,4,1,0
BRDA:46,5,0,0
BRDA:46,5,1,0
BRF:15
BRH:0
end_of_record
TN:
SF:/Users/opokusyn/rtetris/src/server/core/request.js
FN:3,Req
FNF:1
FNH:0
FNDA:0,Req
DA:3,0
DA:5,0
LF:2
LH:0
BRF:0
BRH:0
end_of_record
TN:
SF:/Users/opokusyn/rtetris/src/server/core/respons.js
FN:5,Res
FN:9,send
FN:19,sendError
FN:25,singleRequest
FN:29,allRequest
FN:33,roomRequest
FNF:6
FNH:0
FNDA:0,Res
FNDA:0,send
FNDA:0,sendError
FNDA:0,singleRequest
FNDA:0,allRequest
FNDA:0,roomRequest
DA:1,0
DA:5,0
DA:6,0
DA:7,0
DA:10,0
DA:11,0
DA:12,0
DA:13,0
DA:14,0
DA:15,0
DA:20,0
DA:21,0
DA:26,0
DA:30,0
DA:34,0
LF:15
LH:0
BRDA:10,0,0,0
BRDA:10,0,1,0
BRDA:12,1,0,0
BRDA:12,1,1,0
BRDA:14,2,0,0
BRDA:14,2,1,0
BRDA:20,3,0,0
BRDA:20,3,1,0
BRF:8
BRH:0
end_of_record
TN:
SF:/Users/opokusyn/rtetris/src/server/core/runError.js
FN:2,RunError
FNF:1
FNH:0
FNDA:0,RunError
DA:2,0
DA:3,0
DA:4,0
DA:5,0
DA:6,0
DA:7,0
LF:6
LH:0
BRF:0
BRH:0
end_of_record
TN:
SF:/Users/opokusyn/rtetris/src/server/core/serviceRuner.js
FN:4,makeServiceRunner
FN:9,(anonymous_9)
FN:9,_callee
FN:9,serviceRunner
FN:24,_callee2
FN:34,ppResult
FN:39,returnError
FNF:7
FNH:0
FNDA:0,makeServiceRunner
FNDA:0,(anonymous_9)
FNDA:0,_callee
FNDA:0,serviceRunner
FNDA:0,_callee2
FNDA:0,ppResult
FNDA:0,returnError
DA:1,0
DA:2,0
DA:9,0
DA:12,0
DA:17,0
DA:20,0
DA:24,0
DA:27,0
DA:35,0
DA:36,0
DA:40,0
DA:41,0
DA:42,0
DA:50,0
DA:52,0
LF:15
LH:0
BRDA:9,0,0,0
BRDA:9,0,1,0
BRDA:9,0,2,0
BRDA:9,0,3,0
BRDA:9,0,4,0
BRDA:9,0,5,0
BRDA:24,1,0,0
BRDA:24,1,1,0
BRDA:24,1,2,0
BRDA:24,1,3,0
BRDA:24,1,4,0
BRDA:24,1,5,0
BRDA:24,2,0,0
BRDA:24,2,1,0
BRDA:24,3,0,0
BRDA:24,3,1,0
BRDA:41,4,0,0
BRDA:41,4,1,0
BRF:18
BRH:0
end_of_record
TN:
SF:/Users/opokusyn/rtetris/src/server/core/socket.js
FN:2,Socket
FN:6,init
FN:10,close
FN:14,on
FN:18,emit
FN:27,sendToRoom
FN:28,(anonymous_16)
FN:32,(anonymous_17)
FN:36,clearRoom
FN:37,(anonymous_19)
FN:39,(anonymous_20)
FN:43,removePlayerFromRoom
FNF:12
FNH:0
FNDA:0,Socket
FNDA:0,init
FNDA:0,close
FNDA:0,on
FNDA:0,emit
FNDA:0,sendToRoom
FNDA:0,(anonymous_16)
FNDA:0,(anonymous_17)
FNDA:0,clearRoom
FNDA:0,(anonymous_19)
FNDA:0,(anonymous_20)
FNDA:0,removePlayerFromRoom
DA:2,0
DA:7,0
DA:11,0
DA:15,0
DA:19,0
DA:20,0
DA:22,0
DA:27,0
DA:28,0
DA:29,0
DA:31,0
DA:32,0
DA:36,0
DA:37,0
DA:38,0
DA:39,0
DA:44,0
DA:48,0
DA:50,0
LF:19
LH:0
BRDA:19,0,0,0
BRDA:19,0,1,0
BRDA:29,1,0,0
BRDA:29,1,1,0
BRDA:38,2,0,0
BRDA:38,2,1,0
BRF:6
BRH:0
end_of_record
TN:
SF:/Users/opokusyn/rtetris/src/server/model/Game.js
FN:17,getRandomInt
FN:19,(anonymous_18)
FN:32,(anonymous_19)
FN:32,_callee2
FN:43,generateTable
FN:44,(anonymous_24)
FN:45,(anonymous_25)
FN:45,(anonymous_26)
FN:50,_callee
FN:50,getCurent
FN:86,_callee3
FN:90,(anonymous_34)
FN:95,(anonymous_35)
FN:95,(anonymous_36)
FNF:14
FNH:0
FNDA:0,getRandomInt
FNDA:0,(anonymous_18)
FNDA:0,(anonymous_19)
FNDA:0,_callee2
FNDA:0,generateTable
FNDA:0,(anonymous_24)
FNDA:0,(anonymous_25)
FNDA:0,(anonymous_26)
FNDA:0,_callee
FNDA:0,getCurent
FNDA:0,_callee3
FNDA:0,(anonymous_34)
FNDA:0,(anonymous_35)
FNDA:0,(anonymous_36)
DA:1,0
DA:2,0
DA:4,0
DA:17,0
DA:19,0
DA:20,0
DA:32,0
DA:33,0
DA:34,0
DA:35,0
DA:36,0
DA:37,0
DA:40,0
DA:43,0
DA:44,0
DA:45,0
DA:47,0
DA:50,0
DA:51,0
DA:52,0
DA:53,0
DA:59,0
DA:61,0
DA:63,0
DA:64,0
DA:65,0
DA:66,0
DA:79,0
DA:80,0
DA:86,0
DA:90,0
DA:91,0
DA:92,0
DA:93,0
DA:95,0
DA:96,0
DA:99,0
DA:101,0
LF:38
LH:0
BRDA:32,0,0,0
BRDA:32,0,1,0
BRDA:32,0,2,0
BRDA:32,0,3,0
BRDA:32,0,4,0
BRDA:32,0,5,0
BRDA:32,0,6,0
BRDA:32,0,7,0
BRDA:32,0,8,0
BRDA:32,0,9,0
BRDA:32,0,10,0
BRDA:32,0,11,0
BRDA:50,1,0,0
BRDA:50,1,1,0
BRDA:50,1,2,0
BRDA:51,2,0,0
BRDA:51,2,1,0
BRDA:32,3,0,0
BRDA:32,3,1,0
BRDA:86,4,0,0
BRDA:86,4,1,0
BRDA:91,5,0,0
BRDA:91,5,1,0
BRDA:95,6,0,0
BRDA:95,6,1,0
BRF:25
BRH:0
end_of_record
TN:
SF:/Users/opokusyn/rtetris/src/server/model/Piece.js
FN:8,_default
FN:17,_callee
FN:19,(anonymous_14)
FN:28,(anonymous_15)
FN:30,(anonymous_16)
FN:30,(anonymous_17)
FN:36,(anonymous_18)
FNF:7
FNH:0
FNDA:0,_default
FNDA:0,_callee
FNDA:0,(anonymous_14)
FNDA:0,(anonymous_15)
FNDA:0,(anonymous_16)
FNDA:0,(anonymous_17)
FNDA:0,(anonymous_18)
DA:1,0
DA:2,0
DA:3,0
DA:5,0
DA:7,0
DA:8,0
DA:15,0
DA:17,0
DA:19,0
DA:22,0
DA:23,0
DA:28,0
DA:29,0
DA:30,0
DA:31,0
DA:36,0
DA:37,0
DA:44,0
DA:46,0
LF:19
LH:0
BRDA:17,0,0,0
BRDA:17,0,1,0
BRDA:17,0,2,0
BRDA:17,0,3,0
BRDA:17,0,4,0
BRDA:17,1,0,0
BRDA:17,1,1,0
BRDA:30,2,0,0
BRDA:30,2,1,0
BRF:9
BRH:0
end_of_record
TN:
SF:/Users/opokusyn/rtetris/src/server/model/Player.js
FNF:0
FNH:0
DA:1,0
DA:3,0
DA:14,0
DA:16,0
LF:4
LH:0
BRF:0
BRH:0
end_of_record
TN:
SF:/Users/opokusyn/rtetris/src/server/router/EventRouter.js
FN:12,iniEventRouter
FN:13,(anonymous_14)
FN:13,_callee
FNF:3
FNH:0
FNDA:0,iniEventRouter
FNDA:0,(anonymous_14)
FNDA:0,_callee
DA:1,0
DA:2,0
DA:3,0
DA:4,0
DA:5,0
DA:6,0
DA:8,0
DA:10,0
DA:13,0
DA:17,0
DA:18,0
DA:25,0
DA:26,0
DA:27,0
DA:32,0
DA:36,0
DA:40,0
DA:41,0
DA:42,0
DA:47,0
DA:51,0
DA:60,0
LF:22
LH:0
BRDA:13,0,0,0
BRDA:13,0,1,0
BRDA:13,0,2,0
BRDA:13,0,3,0
BRDA:13,0,4,0
BRDA:13,0,5,0
BRDA:13,0,6,0
BRDA:13,0,7,0
BRDA:13,0,8,0
BRDA:13,1,0,0
BRDA:13,1,1,0
BRF:11
BRH:0
end_of_record
TN:
SF:/Users/opokusyn/rtetris/src/server/router/RequestRouter.js
FN:6,initRequestRouter
FN:9,(anonymous_2)
FNF:2
FNH:0
FNDA:0,initRequestRouter
FNDA:0,(anonymous_2)
DA:1,0
DA:2,0
DA:4,0
DA:8,0
DA:9,0
DA:10,0
DA:11,0
DA:12,0
DA:13,0
DA:15,0
DA:16,0
LF:11
LH:0
BRDA:8,0,0,0
BRDA:8,0,1,0
BRDA:10,1,0,0
BRDA:10,1,1,0
BRF:4
BRH:0
end_of_record
TN:
SF:/Users/opokusyn/rtetris/src/server/router/SocketRouter.js
FN:12,initRouter
FN:15,(anonymous_8)
FN:15,_callee
FN:24,(anonymous_12)
FN:24,_callee2
FN:32,(anonymous_16)
FN:32,_callee3
FN:40,_callee4
FN:48,(anonymous_22)
FN:48,_callee5
FN:57,(anonymous_26)
FN:57,_callee6
FN:66,_callee7
FN:75,(anonymous_32)
FN:75,_callee8
FN:83,(anonymous_36)
FN:83,_callee9
FN:98,_callee10
FN:106,(anonymous_42)
FN:106,_callee11
FN:116,(anonymous_46)
FN:116,_callee12
FN:125,(anonymous_50)
FN:125,_callee13
FNF:24
FNH:0
FNDA:0,initRouter
FNDA:0,(anonymous_8)
FNDA:0,_callee
FNDA:0,(anonymous_12)
FNDA:0,_callee2
FNDA:0,(anonymous_16)
FNDA:0,_callee3
FNDA:0,_callee4
FNDA:0,(anonymous_22)
FNDA:0,_callee5
FNDA:0,(anonymous_26)
FNDA:0,_callee6
FNDA:0,_callee7
FNDA:0,(anonymous_32)
FNDA:0,_callee8
FNDA:0,(anonymous_36)
FNDA:0,_callee9
FNDA:0,_callee10
FNDA:0,(anonymous_42)
FNDA:0,_callee11
FNDA:0,(anonymous_46)
FNDA:0,_callee12
FNDA:0,(anonymous_50)
FNDA:0,_callee13
DA:1,0
DA:3,0
DA:5,0
DA:6,0
DA:7,0
DA:8,0
DA:9,0
DA:10,0
DA:13,0
DA:15,0
DA:16,0
DA:18,0
DA:24,0
DA:25,0
DA:26,0
DA:32,0
DA:33,0
DA:40,0
DA:41,0
DA:42,0
DA:48,0
DA:49,0
DA:51,0
DA:57,0
DA:58,0
DA:66,0
DA:67,0
DA:69,0
DA:75,0
DA:76,0
DA:83,0
DA:84,0
DA:85,0
DA:90,0
DA:94,0
DA:98,0
DA:99,0
DA:100,0
DA:106,0
DA:107,0
DA:116,0
DA:117,0
DA:125,0
DA:126,0
DA:128,0
DA:129,0
DA:140,0
LF:47
LH:0
BRDA:15,0,0,0
BRDA:15,0,1,0
BRDA:15,0,2,0
BRDA:24,1,0,0
BRDA:24,1,1,0
BRDA:24,1,2,0
BRDA:32,2,0,0
BRDA:32,2,1,0
BRDA:32,2,2,0
BRDA:32,2,3,0
BRDA:40,3,0,0
BRDA:40,3,1,0
BRDA:40,3,2,0
BRDA:48,4,0,0
BRDA:48,4,1,0
BRDA:48,4,2,0
BRDA:57,5,0,0
BRDA:57,5,1,0
BRDA:57,5,2,0
BRDA:57,5,3,0
BRDA:66,6,0,0
BRDA:66,6,1,0
BRDA:66,6,2,0
BRDA:75,7,0,0
BRDA:75,7,1,0
BRDA:75,7,2,0
BRDA:75,7,3,0
BRDA:83,8,0,0
BRDA:83,8,1,0
BRDA:83,8,2,0
BRDA:83,8,3,0
BRDA:83,8,4,0
BRDA:83,9,0,0
BRDA:83,9,1,0
BRDA:98,10,0,0
BRDA:98,10,1,0
BRDA:98,10,2,0
BRDA:106,11,0,0
BRDA:106,11,1,0
BRDA:106,11,2,0
BRDA:106,11,3,0
BRDA:116,12,0,0
BRDA:116,12,1,0
BRDA:116,12,2,0
BRDA:116,12,3,0
BRDA:125,13,0,0
BRDA:125,13,1,0
BRDA:125,13,2,0
BRDA:125,13,3,0
BRDA:125,13,4,0
BRDA:125,13,5,0
BRDA:125,13,6,0
BRDA:125,13,7,0
BRDA:125,14,0,0
BRDA:125,14,1,0
BRDA:140,15,0,0
BRDA:140,15,1,0
BRF:57
BRH:0
end_of_record
TN:
SF:/Users/opokusyn/rtetris/src/server/service/Base.js
FN:2,Base
FN:12,validate
FN:24,throwError
FNF:3
FNH:0
FNDA:0,Base
FNDA:0,validate
FNDA:0,throwError
DA:2,0
DA:3,0
DA:13,0
DA:14,0
DA:15,0
DA:16,0
DA:17,0
DA:21,0
DA:24,0
DA:25,0
DA:26,0
DA:27,0
LF:12
LH:0
BRDA:3,0,0,0
BRDA:3,0,1,0
BRDA:14,1,0,0
BRDA:14,1,1,0
BRDA:14,2,0,0
BRDA:14,2,1,0
BRF:6
BRH:0
end_of_record
TN:
SF:/Users/opokusyn/rtetris/src/server/service/index.js
FNF:0
FNH:0
DA:1,0
DA:2,0
DA:3,0
DA:4,0
DA:6,0
LF:5
LH:0
BRF:0
BRH:0
end_of_record
TN:
SF:/Users/opokusyn/rtetris/src/server/service/Game/Create.js
FN:35,(anonymous_26)
FNF:1
FNH:0
FNDA:0,(anonymous_26)
DA:1,0
DA:2,0
DA:3,0
DA:5,0
DA:7,0
DA:8,0
DA:10,0
DA:17,0
DA:18,0
DA:25,0
DA:26,0
DA:35,0
DA:36,0
DA:37,0
DA:38,0
DA:39,0
DA:41,0
DA:43,0
DA:44,0
DA:49,0
DA:52,0
LF:21
LH:0
BRDA:17,0,0,0
BRDA:17,0,1,0
BRDA:25,1,0,0
BRDA:25,1,1,0
BRDA:37,2,0,0
BRDA:37,2,1,0
BRF:6
BRH:0
end_of_record
TN:
SF:/Users/opokusyn/rtetris/src/server/service/Game/Delete.js
FNF:0
FNH:0
DA:1,0
DA:2,0
DA:3,0
DA:5,0
DA:6,0
DA:7,0
DA:17,0
DA:18,0
DA:22,0
DA:23,0
DA:24,0
DA:30,0
DA:31,0
DA:32,0
DA:33,0
DA:34,0
DA:35,0
DA:49,0
DA:50,0
DA:53,0
DA:56,0
DA:57,0
DA:58,0
DA:59,0
DA:60,0
DA:61,0
LF:26
LH:0
BRDA:17,0,0,0
BRDA:17,0,1,0
BRDA:24,1,0,0
BRDA:24,1,1,0
BRDA:49,2,0,0
BRDA:49,2,1,0
BRF:6
BRH:0
end_of_record
TN:
SF:/Users/opokusyn/rtetris/src/server/service/Game/Update.js
FN:6,getRandomInt
FN:30,(anonymous_32)
FN:31,(anonymous_33)
FN:55,(anonymous_34)
FN:56,(anonymous_35)
FN:64,(anonymous_36)
FNF:6
FNH:0
FNDA:0,getRandomInt
FNDA:0,(anonymous_32)
FNDA:0,(anonymous_33)
FNDA:0,(anonymous_34)
FNDA:0,(anonymous_35)
FNDA:0,(anonymous_36)
DA:1,0
DA:2,0
DA:4,0
DA:6,0
DA:13,0
DA:14,0
DA:16,0
DA:21,0
DA:22,0
DA:25,0
DA:26,0
DA:30,0
DA:31,0
DA:32,0
DA:33,0
DA:35,0
DA:40,0
DA:41,0
DA:43,0
DA:51,0
DA:56,0
DA:57,0
DA:58,0
DA:59,0
DA:61,0
DA:64,0
DA:66,0
DA:67,0
DA:68,0
DA:69,0
DA:78,0
DA:80,0
DA:81,0
DA:86,0
DA:87,0
LF:35
LH:0
BRDA:13,0,0,0
BRDA:13,0,1,0
BRDA:21,1,0,0
BRDA:21,1,1,0
BRDA:25,2,0,0
BRDA:25,2,1,0
BRDA:32,3,0,0
BRDA:32,3,1,0
BRDA:32,4,0,0
BRDA:32,4,1,0
BRDA:35,5,0,0
BRDA:35,5,1,0
BRDA:56,6,0,0
BRDA:56,6,1,0
BRDA:58,7,0,0
BRDA:58,7,1,0
BRDA:86,8,0,0
BRDA:86,8,1,0
BRF:18
BRH:0
end_of_record
TN:
SF:/Users/opokusyn/rtetris/src/server/service/Game/index.js
FNF:0
FNH:0
DA:1,0
DA:2,0
DA:3,0
DA:4,0
DA:6,0
LF:5
LH:0
BRF:0
BRH:0
end_of_record
TN:
SF:/Users/opokusyn/rtetris/src/server/service/Game/Row/Update.js
FN:22,(anonymous_31)
FN:23,(anonymous_32)
FNF:2
FNH:0
FNDA:0,(anonymous_31)
FNDA:0,(anonymous_32)
DA:1,0
DA:2,0
DA:8,0
DA:12,0
DA:14,0
DA:15,0
DA:20,0
DA:21,0
DA:22,0
DA:23,0
DA:25,0
DA:26,0
DA:27,0
DA:32,0
DA:33,0
LF:15
LH:0
BRDA:14,0,0,0
BRDA:14,0,1,0
BRDA:25,1,0,0
BRDA:25,1,1,0
BRF:4
BRH:0
end_of_record
TN:
SF:/Users/opokusyn/rtetris/src/server/service/Game/Row/index.js
FNF:0
FNH:0
DA:1,0
DA:3,0
LF:2
LH:0
BRF:0
BRH:0
end_of_record
TN:
SF:/Users/opokusyn/rtetris/src/server/service/Room/Create.js
FNF:0
FNH:0
DA:1,0
DA:2,0
DA:3,0
DA:4,0
DA:11,0
DA:12,0
DA:19,0
DA:20,0
DA:31,0
DA:32,0
DA:35,0
LF:11
LH:0
BRDA:11,0,0,0
BRDA:11,0,1,0
BRDA:19,1,0,0
BRDA:19,1,1,0
BRDA:31,2,0,0
BRDA:31,2,1,0
BRF:6
BRH:0
end_of_record
TN:
SF:/Users/opokusyn/rtetris/src/server/service/Room/Delete.js
FN:25,(anonymous_26)
FN:30,(anonymous_27)
FNF:2
FNH:0
FNDA:0,(anonymous_26)
FNDA:0,(anonymous_27)
DA:1,0
DA:2,0
DA:3,0
DA:4,0
DA:5,0
DA:6,0
DA:13,0
DA:14,0
DA:21,0
DA:22,0
DA:25,0
DA:29,0
DA:30,0
DA:31,0
DA:35,0
LF:15
LH:0
BRDA:13,0,0,0
BRDA:13,0,1,0
BRDA:21,1,0,0
BRDA:21,1,1,0
BRDA:21,2,0,0
BRDA:21,2,1,0
BRF:6
BRH:0
end_of_record
TN:
SF:/Users/opokusyn/rtetris/src/server/service/Room/List.js
FN:13,(anonymous_26)
FNF:1
FNH:0
FNDA:0,(anonymous_26)
DA:1,0
DA:2,0
DA:13,0
LF:3
LH:0
BRF:0
BRH:0
end_of_record
TN:
SF:/Users/opokusyn/rtetris/src/server/service/Room/index.js
FNF:0
FNH:0
DA:1,0
DA:2,0
DA:3,0
DA:4,0
DA:5,0
DA:7,0
LF:6
LH:0
BRF:0
BRH:0
end_of_record
TN:
SF:/Users/opokusyn/rtetris/src/server/service/Room/Subscriber/Create.js
FNF:0
FNH:0
DA:1,0
DA:2,0
DA:3,0
DA:4,0
DA:11,0
DA:12,0
DA:19,0
DA:20,0
DA:23,0
DA:24,0
DA:27,0
DA:28,0
DA:31,0
LF:13
LH:0
BRDA:11,0,0,0
BRDA:11,0,1,0
BRDA:19,1,0,0
BRDA:19,1,1,0
BRDA:19,2,0,0
BRDA:19,2,1,0
BRDA:23,3,0,0
BRDA:23,3,1,0
BRDA:23,4,0,0
BRDA:23,4,1,0
BRF:10
BRH:0
end_of_record
TN:
SF:/Users/opokusyn/rtetris/src/server/service/Room/Subscriber/Delete.js
FN:24,(anonymous_26)
FN:25,(anonymous_27)
FNF:2
FNH:0
FNDA:0,(anonymous_26)
FNDA:0,(anonymous_27)
DA:1,0
DA:2,0
DA:3,0
DA:4,0
DA:11,0
DA:12,0
DA:19,0
DA:20,0
DA:24,0
DA:25,0
DA:26,0
DA:27,0
DA:29,0
DA:30,0
LF:14
LH:0
BRDA:11,0,0,0
BRDA:11,0,1,0
BRDA:19,1,0,0
BRDA:19,1,1,0
BRDA:19,2,0,0
BRDA:19,2,1,0
BRF:6
BRH:0
end_of_record
TN:
SF:/Users/opokusyn/rtetris/src/server/service/Room/Subscriber/index.js
FNF:0
FNH:0
DA:1,0
DA:2,0
DA:4,0
LF:3
LH:0
BRF:0
BRH:0
end_of_record
TN:
SF:/Users/opokusyn/rtetris/src/server/service/Room/UrlCreate/Create.js
FNF:0
FNH:0
DA:1,0
DA:2,0
DA:3,0
LF:3
LH:0
BRF:0
BRH:0
end_of_record
TN:
SF:/Users/opokusyn/rtetris/src/server/service/Room/UrlCreate/index.js
FNF:0
FNH:0
DA:1,0
DA:3,0
LF:2
LH:0
BRF:0
BRH:0
end_of_record
TN:
SF:/Users/opokusyn/rtetris/src/server/service/Session/Create.js
FNF:0
FNH:0
DA:1,0
DA:2,0
DA:3,0
DA:33,0
DA:37,0
DA:38,0
LF:6
LH:0
BRF:0
BRH:0
end_of_record
TN:
SF:/Users/opokusyn/rtetris/src/server/service/Session/Delete.js
FNF:0
FNH:0
DA:1,0
DA:2,0
DA:3,0
DA:4,0
LF:4
LH:0
BRF:0
BRH:0
end_of_record
TN:
SF:/Users/opokusyn/rtetris/src/server/service/Session/Show.js
FNF:0
FNH:0
DA:1,0
DA:2,0
DA:3,0
DA:4,0
DA:6,0
DA:24,0
DA:31,0
DA:32,0
DA:33,0
DA:34,0
LF:10
LH:0
BRDA:31,0,0,0
BRDA:31,0,1,0
BRDA:33,1,0,0
BRDA:33,1,1,0
BRDA:40,2,0,0
BRDA:40,2,1,0
BRF:6
BRH:0
end_of_record
TN:
SF:/Users/opokusyn/rtetris/src/server/service/Session/Update.js
FNF:0
FNH:0
DA:1,0
DA:2,0
DA:3,0
DA:16,0
DA:23,0
DA:26,0
DA:27,0
LF:7
LH:0
BRF:0
BRH:0
end_of_record
TN:
SF:/Users/opokusyn/rtetris/src/server/service/Session/index.js
FNF:0
FNH:0
DA:1,0
DA:2,0
DA:3,0
DA:4,0
DA:6,0
LF:5
LH:0
BRF:0
BRH:0
end_of_record
TN:
SF:/Users/opokusyn/rtetris/src/server/service/User/List.js
FN:13,(anonymous_26)
FNF:1
FNH:0
FNDA:0,(anonymous_26)
DA:1,0
DA:2,0
DA:13,0
LF:3
LH:0
BRF:0
BRH:0
end_of_record
TN:
SF:/Users/opokusyn/rtetris/src/server/service/User/index.js
FNF:0
FNH:0
DA:1,0
DA:3,0
LF:2
LH:0
BRF:0
BRH:0
end_of_record
TN:
SF:/Users/opokusyn/rtetris/src/server/utils/contextBuilder.js
FN:4,(anonymous_7)
FN:4,_callee
FN:4,contextBuilder
FNF:3
FNH:0
FNDA:0,(anonymous_7)
FNDA:0,_callee
FNDA:0,contextBuilder
DA:1,0
DA:2,0
DA:4,0
DA:6,0
DA:11,0
LF:5
LH:0
BRDA:4,0,0,0
BRDA:4,0,1,0
BRDA:4,0,2,0
BRDA:4,0,3,0
BRDA:8,1,0,0
BRDA:8,1,1,0
BRF:6
BRH:0
end_of_record
TN:
SF:/Users/opokusyn/rtetris/src/server/utils/logger.js
FNF:0
FNH:0
DA:1,0
DA:3,0
DA:8,0
DA:10,0
LF:4
LH:0
BRF:0
BRH:0
end_of_record
