TN:
SF:/home/bgres/Documents/unit/red_tetris_boilerplate/src/client/actions/getName.js
FNF:0
FNH:0
LF:0
LH:0
BRF:0
BRH:0
end_of_record
TN:
SF:/home/bgres/Documents/unit/red_tetris_boilerplate/src/client/components/Footer/index.js
FNF:0
FNH:0
LF:0
LH:0
BRF:0
BRH:0
end_of_record
TN:
SF:/home/bgres/Documents/unit/red_tetris_boilerplate/src/client/reducers/userAction.js
FNF:0
FNH:0
LF:0
LH:0
BRF:0
BRH:0
end_of_record
TN:
SF:/home/bgres/Documents/unit/red_tetris_boilerplate/src/client/actions/alert.js
FN:4,init
FNF:1
FNH:0
FNDA:0,init
LF:0
LH:0
BRF:0
BRH:0
end_of_record
TN:
SF:/home/bgres/Documents/unit/red_tetris_boilerplate/src/client/actions/auth.js
FN:4,auth
FNF:1
FNH:0
FNDA:0,auth
LF:0
LH:0
BRF:0
BRH:0
end_of_record
TN:
SF:/home/bgres/Documents/unit/red_tetris_boilerplate/src/client/actions/clearStore.js
FN:3,clearStore
FNF:1
FNH:0
FNDA:0,clearStore
LF:0
LH:0
BRF:0
BRH:0
end_of_record
TN:
SF:/home/bgres/Documents/unit/red_tetris_boilerplate/src/client/actions/error.js
FN:4,error
FNF:1
FNH:0
FNDA:0,error
LF:0
LH:0
BRF:0
BRH:0
end_of_record
TN:
SF:/home/bgres/Documents/unit/red_tetris_boilerplate/src/client/actions/errorModal.js
FN:3,setName
FNF:1
FNH:0
FNDA:0,setName
LF:0
LH:0
BRF:0
BRH:0
end_of_record
TN:
SF:/home/bgres/Documents/unit/red_tetris_boilerplate/src/client/actions/gameAction.js
FN:3,gameStart
FN:12,y
FN:21,x
FNF:3
FNH:0
FNDA:0,gameStart
FNDA:0,y
FNDA:0,x
LF:0
LH:0
BRF:0
BRH:0
end_of_record
TN:
SF:/home/bgres/Documents/unit/red_tetris_boilerplate/src/client/actions/init.js
FN:4,init
FNF:1
FNH:0
FNDA:0,init
LF:0
LH:0
BRF:0
BRH:0
end_of_record
TN:
SF:/home/bgres/Documents/unit/red_tetris_boilerplate/src/client/actions/pageChange.js
FN:3,pageChange
FNF:1
FNH:0
FNDA:0,pageChange
LF:0
LH:0
BRF:0
BRH:0
end_of_record
TN:
SF:/home/bgres/Documents/unit/red_tetris_boilerplate/src/client/actions/roomCreate.js
FN:3,roomCreate
FNF:1
FNH:0
FNDA:0,roomCreate
LF:0
LH:0
BRF:0
BRH:0
end_of_record
TN:
SF:/home/bgres/Documents/unit/red_tetris_boilerplate/src/client/actions/roomListUpdate.js
FN:3,roomListUpdate
FNF:1
FNH:0
FNDA:0,roomListUpdate
LF:0
LH:0
BRF:0
BRH:0
end_of_record
TN:
SF:/home/bgres/Documents/unit/red_tetris_boilerplate/src/client/actions/server.js
FN:1,ping
FNF:1
FNH:0
FNDA:0,ping
LF:0
LH:0
BRF:0
BRH:0
end_of_record
TN:
SF:/home/bgres/Documents/unit/red_tetris_boilerplate/src/client/actions/sessionInit.js
FN:3,sessionInit
FNF:1
FNH:0
FNDA:0,sessionInit
LF:0
LH:0
BRF:0
BRH:0
end_of_record
TN:
SF:/home/bgres/Documents/unit/red_tetris_boilerplate/src/client/actions/setName.js
FN:3,setName
FNF:1
FNH:0
FNDA:0,setName
LF:0
LH:0
BRF:0
BRH:0
end_of_record
TN:
SF:/home/bgres/Documents/unit/red_tetris_boilerplate/src/client/actions/userCreate.js
FN:4,userCreate
FNF:1
FNH:0
FNDA:0,userCreate
LF:0
LH:0
BRF:0
BRH:0
end_of_record
TN:
SF:/home/bgres/Documents/unit/red_tetris_boilerplate/src/client/components/BoardMain/index.js
FN:7,buildRow
FN:8,(anonymous_4)
FN:17,mapTable
FN:22,(anonymous_7)
FN:23,(anonymous_8)
FN:31,BoardMain
FN:42,mapStateToProps
FNF:7
FNH:0
FNDA:0,buildRow
FNDA:0,(anonymous_4)
FNDA:0,mapTable
FNDA:0,(anonymous_7)
FNDA:0,(anonymous_8)
FNDA:0,BoardMain
FNDA:0,mapStateToProps
LF:0
LH:0
BRF:0
BRH:0
end_of_record
TN:
SF:/home/bgres/Documents/unit/red_tetris_boilerplate/src/client/components/Cell/index.js
FN:5,createCell
FN:15,test
FN:19,Cell
FNF:3
FNH:0
FNDA:0,createCell
FNDA:0,test
FNDA:0,Cell
DA:6,0
DA:15,1
LF:2
LH:1
BRF:0
BRH:0
end_of_record
TN:
SF:/home/bgres/Documents/unit/red_tetris_boilerplate/src/client/components/ErrorPopup/index.js
FN:17,ErrorPopup
FN:18,handleClose
FN:47,mapStateToProps
FNF:3
FNH:0
FNDA:0,ErrorPopup
FNDA:0,handleClose
FNDA:0,mapStateToProps
DA:22,0
LF:1
LH:0
BRDA:22,1,0,0
BRDA:22,1,1,0
BRF:2
BRH:0
end_of_record
TN:
SF:/home/bgres/Documents/unit/red_tetris_boilerplate/src/client/components/GameRow/index.js
FN:9,GameRow
FN:14,handleToggle
FNF:2
FNH:0
FNDA:0,GameRow
FNDA:0,handleToggle
DA:15,0
LF:1
LH:0
BRDA:15,1,0,0
BRDA:15,1,1,0
BRF:2
BRH:0
end_of_record
TN:
SF:/home/bgres/Documents/unit/red_tetris_boilerplate/src/client/components/Header/index.js
FN:8,Header
FNF:1
FNH:0
FNDA:0,Header
LF:0
LH:0
BRF:0
BRH:0
end_of_record
TN:
SF:/home/bgres/Documents/unit/red_tetris_boilerplate/src/client/components/HeadreNavBar/index.js
FN:13,HeaderNavBar
FN:15,handleClick1
FN:18,handleClick2
FN:22,handleClick3
FNF:4
FNH:0
FNDA:0,HeaderNavBar
FNDA:0,handleClick1
FNDA:0,handleClick2
FNDA:0,handleClick3
LF:0
LH:0
BRF:0
BRH:0
end_of_record
TN:
SF:/home/bgres/Documents/unit/red_tetris_boilerplate/src/client/components/LoginPage/index.js
FN:7,buildRow
FN:16,BoardMain
FN:26,mapStateToProps
FNF:3
FNH:0
FNDA:0,buildRow
FNDA:0,BoardMain
FNDA:0,mapStateToProps
DA:9,0
LF:1
LH:0
BRF:0
BRH:0
end_of_record
TN:
SF:/home/bgres/Documents/unit/red_tetris_boilerplate/src/client/components/MyRoom/index.js
FN:19,MyRoom
FN:20,handler
FN:30,(anonymous_5)
FNF:3
FNH:0
FNDA:0,MyRoom
FNDA:0,handler
FNDA:0,(anonymous_5)
LF:0
LH:0
BRF:0
BRH:0
end_of_record
TN:
SF:/home/bgres/Documents/unit/red_tetris_boilerplate/src/client/components/Popup/AcountCheck.js
FN:12,AcountCheck
FN:13,handleSubmit
FNF:2
FNH:0
FNDA:0,AcountCheck
FNDA:0,handleSubmit
LF:0
LH:0
BRF:0
BRH:0
end_of_record
TN:
SF:/home/bgres/Documents/unit/red_tetris_boilerplate/src/client/components/Popup/AcountConfirm.js
FN:16,AcountConfirm
FN:17,handleSubmit
FN:21,handleCancel
FNF:3
FNH:0
FNDA:0,AcountConfirm
FNDA:0,handleSubmit
FNDA:0,handleCancel
LF:0
LH:0
BRF:0
BRH:0
end_of_record
TN:
SF:/home/bgres/Documents/unit/red_tetris_boilerplate/src/client/components/Popup/Handlers.js
FN:2,handleClose
FN:6,handleInputChange
FNF:2
FNH:0
FNDA:0,handleClose
FNDA:0,handleInputChange
LF:0
LH:0
BRF:0
BRH:0
end_of_record
TN:
SF:/home/bgres/Documents/unit/red_tetris_boilerplate/src/client/components/Popup/index.js
FN:25,Popup
FN:30,handleClose
FN:34,handleInputChange
FN:38,handlePassChange
FN:44,getPopup
FN:73,mapStateToProps
FNF:6
FNH:0
FNDA:0,Popup
FNDA:0,handleClose
FNDA:0,handleInputChange
FNDA:0,handlePassChange
FNDA:0,getPopup
FNDA:0,mapStateToProps
DA:45,0
DA:47,0
LF:2
LH:0
BRDA:42,1,0,0
BRDA:42,1,1,0
BRDA:45,2,0,0
BRDA:45,2,1,0
BRDA:47,3,0,0
BRDA:47,3,1,0
BRDA:66,4,0,0
BRF:7
BRH:0
end_of_record
TN:
SF:/home/bgres/Documents/unit/red_tetris_boilerplate/src/client/components/Room/index.js
FN:22,Room
FN:26,handleInput
FN:30,handleCreate
FNF:3
FNH:0
FNDA:0,Room
FNDA:0,handleInput
FNDA:0,handleCreate
LF:0
LH:0
BRF:0
BRH:0
end_of_record
TN:
SF:/home/bgres/Documents/unit/red_tetris_boilerplate/src/client/components/Row/index.js
FN:4,createCell
FN:6,(anonymous_3)
FN:13,Row
FNF:3
FNH:0
FNDA:0,createCell
FNDA:0,(anonymous_3)
FNDA:0,Row
LF:0
LH:0
BRF:0
BRH:0
end_of_record
TN:
SF:/home/bgres/Documents/unit/red_tetris_boilerplate/src/client/components/test.js
FN:3,Tetris
FN:9,Board
FNF:2
FNH:0
FNDA:0,Tetris
FNDA:0,Board
LF:0
LH:0
BRF:0
BRH:0
end_of_record
TN:
SF:/home/bgres/Documents/unit/red_tetris_boilerplate/src/client/containers/app.js
FN:7,App
FNF:1
FNH:0
FNDA:0,App
LF:0
LH:0
BRF:0
BRH:0
end_of_record
TN:
SF:/home/bgres/Documents/unit/red_tetris_boilerplate/src/client/containers/gameTable.js
FN:42,GameTable
FN:47,handleChange
FN:53,handleInput
FN:74,(anonymous_9)
FN:87,mapStateToProps
FNF:5
FNH:0
FNDA:0,GameTable
FNDA:0,handleChange
FNDA:0,handleInput
FNDA:0,(anonymous_9)
FNDA:0,mapStateToProps
DA:47,1
LF:1
LH:1
BRDA:63,1,0,0
BRDA:72,2,0,0
BRF:2
BRH:0
end_of_record
TN:
SF:/home/bgres/Documents/unit/red_tetris_boilerplate/src/client/containers/home.js
FN:101,Home
FNF:1
FNH:0
FNDA:0,Home
DA:101,1
LF:1
LH:1
BRF:0
BRH:0
end_of_record
TN:
SF:/home/bgres/Documents/unit/red_tetris_boilerplate/src/client/containers/login.js
FN:11,handleSubmit
FN:17,handleChange
FN:22,Login
FNF:3
FNH:0
FNDA:0,handleSubmit
FNDA:0,handleChange
FNDA:0,Login
LF:0
LH:0
BRF:0
BRH:0
end_of_record
TN:
SF:/home/bgres/Documents/unit/red_tetris_boilerplate/src/client/index.js
FNF:0
FNH:0
LF:0
LH:0
BRF:0
BRH:0
end_of_record
TN:
SF:/home/bgres/Documents/unit/red_tetris_boilerplate/src/client/middleware/storeStateMiddleWare.js
FN:1,storeStateMiddleWare
FN:2,(anonymous_3)
FNF:2
FNH:0
FNDA:0,storeStateMiddleWare
FNDA:0,(anonymous_3)
LF:0
LH:0
BRF:0
BRH:0
end_of_record
TN:
SF:/home/bgres/Documents/unit/red_tetris_boilerplate/src/client/reducers/alert.js
FN:3,reducer
FNF:1
FNH:0
FNDA:0,reducer
DA:23,0
DA:25,0
DA:42,0
DA:51,0
DA:55,0
LF:5
LH:0
BRDA:3,1,0,0
BRDA:3,1,1,0
BRDA:3,2,0,0
BRDA:3,2,1,0
BRDA:6,3,0,0
BRDA:6,3,1,0
BRDA:6,3,2,0
BRDA:6,3,3,0
BRDA:6,3,4,0
BRDA:6,3,5,0
BRDA:6,3,6,0
BRDA:6,3,7,0
BRDA:6,3,8,0
BRDA:6,3,9,0
BRDA:6,3,10,0
BRDA:6,3,11,0
BRDA:6,3,12,0
BRDA:6,3,13,0
BRDA:6,3,14,0
BRDA:23,4,0,0
BRDA:23,4,1,0
BRDA:25,5,0,0
BRDA:25,5,1,0
BRDA:42,6,0,0
BRDA:42,6,1,0
BRDA:42,7,0,0
BRDA:42,7,1,0
BRDA:42,7,2,0
BRDA:55,8,0,0
BRDA:55,8,1,0
BRDA:55,9,0,0
BRDA:55,9,1,0
BRDA:55,9,2,0
BRF:33
BRH:0
end_of_record
TN:
SF:/home/bgres/Documents/unit/red_tetris_boilerplate/src/client/reducers/index.js
FNF:0
FNH:0
LF:0
LH:0
BRF:0
BRH:0
end_of_record
TN:
SF:/home/bgres/Documents/unit/red_tetris_boilerplate/src/client/utils/cookie.js
FN:2,(anonymous_1)
FN:9,(anonymous_2)
FN:25,(anonymous_3)
FN:26,getCookie
FNF:4
FNH:0
FNDA:0,(anonymous_1)
FNDA:0,(anonymous_2)
FNDA:0,(anonymous_3)
FNDA:0,getCookie
DA:13,0
DA:15,0
DA:18,0
DA:30,0
DA:32,0
DA:35,0
LF:6
LH:0
BRDA:18,1,0,0
BRDA:18,1,1,0
BRDA:35,2,0,0
BRDA:35,2,1,0
BRF:4
BRH:0
end_of_record
TN:
SF:/home/bgres/Documents/unit/red_tetris_boilerplate/src/client/utils/eventListener.js
FN:4,eventInit
FN:5,cb
FNF:2
FNH:0
FNDA:0,eventInit
FNDA:0,cb
DA:4,1
DA:5,1
DA:7,0
DA:17,0
LF:4
LH:2
BRDA:7,1,0,0
BRDA:7,1,1,0
BRDA:17,2,0,0
BRDA:17,2,1,0
BRF:4
BRH:0
end_of_record
TN:
SF:/home/bgres/Documents/unit/red_tetris_boilerplate/src/client/utils/positionCheck.js
FN:1,positionCheck
FNF:1
FNH:0
FNDA:0,positionCheck
DA:1,1
LF:1
LH:1
BRF:0
BRH:0
end_of_record
TN:
SF:/home/bgres/Documents/unit/red_tetris_boilerplate/src/client/utils/router.js
FN:9,getPage
FN:26,Router
FN:33,mapStateToProps
FNF:3
FNH:0
FNDA:0,getPage
FNDA:0,Router
FNDA:0,mapStateToProps
LF:0
LH:0
BRDA:12,1,0,0
BRDA:12,1,1,0
BRDA:12,1,2,0
BRDA:12,1,3,0
BRF:4
BRH:0
end_of_record
TN:
SF:/home/bgres/Documents/unit/red_tetris_boilerplate/src/client/utils/socket.js
FN:14,(anonymous_2)
FN:21,(anonymous_3)
FN:26,(anonymous_4)
FN:32,(anonymous_5)
FN:64,(anonymous_6)
FNF:5
FNH:0
FNDA:0,(anonymous_2)
FNDA:0,(anonymous_3)
FNDA:0,(anonymous_4)
FNDA:0,(anonymous_5)
FNDA:0,(anonymous_6)
LF:0
LH:0
BRDA:35,1,0,0
BRDA:35,1,1,0
BRDA:35,1,2,0
BRDA:35,1,3,0
BRDA:35,1,4,0
BRDA:35,1,5,0
BRDA:35,1,6,0
BRDA:35,1,7,0
BRF:8
BRH:0
end_of_record
TN:
SF:/home/bgres/Documents/unit/red_tetris_boilerplate/src/client/utils/store.js
FN:9,geUserStatus
FNF:1
FNH:0
FNDA:0,geUserStatus
DA:14,0
DA:18,0
LF:2
LH:0
BRDA:14,1,0,0
BRDA:14,1,1,0
BRDA:14,2,0,0
BRDA:14,2,1,0
BRDA:18,3,0,0
BRDA:18,3,1,0
BRDA:18,4,0,0
BRDA:18,4,1,0
BRDA:41,5,0,0
BRDA:41,5,1,0
BRDA:41,6,0,0
BRDA:41,6,1,0
BRF:12
BRH:0
end_of_record
TN:
SF:/home/bgres/Documents/unit/red_tetris_boilerplate/src/server/core/gameContainer.js
FN:6,GameContainr
FNF:1
FNH:0
FNDA:0,GameContainr
DA:6,1
LF:1
LH:1
BRF:0
BRH:0
end_of_record
TN:
SF:/home/bgres/Documents/unit/red_tetris_boilerplate/src/server/core/gameRunner.js
FN:5,GameRunner
FN:16,gameTick
FNF:2
FNH:0
FNDA:0,GameRunner
FNDA:0,gameTick
DA:5,1
DA:24,0
LF:2
LH:1
BRDA:24,1,0,0
BRDA:24,1,1,0
BRF:2
BRH:0
end_of_record
TN:
SF:/home/bgres/Documents/unit/red_tetris_boilerplate/src/server/core/request.js
FN:3,Req
FNF:1
FNH:0
FNDA:0,Req
LF:0
LH:0
BRF:0
BRH:0
end_of_record
TN:
SF:/home/bgres/Documents/unit/red_tetris_boilerplate/src/server/core/respons.js
FN:5,Res
FNF:1
FNH:0
FNDA:0,Res
DA:5,1
DA:10,0
DA:12,0
DA:14,0
DA:20,0
LF:5
LH:1
BRDA:10,1,0,0
BRDA:10,1,1,0
BRDA:12,2,0,0
BRDA:12,2,1,0
BRDA:14,3,0,0
BRDA:14,3,1,0
BRDA:20,4,0,0
BRDA:20,4,1,0
BRF:8
BRH:0
end_of_record
TN:
SF:/home/bgres/Documents/unit/red_tetris_boilerplate/src/server/core/runError.js
FN:2,RunError
FNF:1
FNH:0
FNDA:0,RunError
DA:2,1
LF:1
LH:1
BRDA:2,1,0,0
BRDA:2,1,1,0
BRF:2
BRH:0
end_of_record
TN:
SF:/home/bgres/Documents/unit/red_tetris_boilerplate/src/server/core/serviceRuner.js
FN:5,makeServiceRunner
FN:35,ppResult
FNF:2
FNH:0
FNDA:0,makeServiceRunner
FNDA:0,ppResult
DA:5,1
DA:11,0
DA:13,0
DA:26,0
DA:28,0
DA:35,1
LF:6
LH:2
BRDA:25,1,0,0
BRDA:25,2,0,0
BRDA:41,3,0,0
BRDA:41,3,1,0
BRF:4
BRH:0
end_of_record
TN:
SF:/home/bgres/Documents/unit/red_tetris_boilerplate/src/server/core/socket.js
FN:2,Socket
FNF:1
FNH:0
FNDA:0,Socket
DA:2,1
DA:20,0
LF:2
LH:1
BRDA:20,1,0,0
BRDA:20,1,1,0
BRF:2
BRH:0
end_of_record
TN:
SF:/home/bgres/Documents/unit/red_tetris_boilerplate/src/server/index.js
FN:17,initApp
FN:22,(anonymous_3)
FN:28,initEngine
FN:33,create
FN:34,(anonymous_6)
FN:36,(anonymous_7)
FN:41,stop
FN:43,(anonymous_9)
FNF:8
FNH:0
FNDA:0,initApp
FNDA:0,(anonymous_3)
FNDA:0,initEngine
FNDA:0,create
FNDA:0,(anonymous_6)
FNDA:0,(anonymous_7)
FNDA:0,stop
FNDA:0,(anonymous_9)
DA:33,1
LF:1
LH:1
BRF:0
BRH:0
end_of_record
TN:
SF:/home/bgres/Documents/unit/red_tetris_boilerplate/src/server/main.js
FNF:0
FNH:0
LF:0
LH:0
BRF:0
BRH:0
end_of_record
TN:
SF:/home/bgres/Documents/unit/red_tetris_boilerplate/src/server/model/Game.js
FN:17,shuffleArray
FN:28,generateTable
FNF:2
FNH:0
FNDA:0,shuffleArray
FNDA:0,generateTable
DA:18,0
DA:20,0
DA:22,0
DA:28,0
DA:35,0
DA:36,0
DA:37,0
DA:44,0
DA:46,0
DA:53,0
LF:10
LH:0
BRDA:36,1,0,0
BRDA:36,1,1,0
BRF:2
BRH:0
end_of_record
TN:
SF:/home/bgres/Documents/unit/red_tetris_boilerplate/src/server/model/Piece.js
FN:26,(anonymous_14)
FNF:1
FNH:0
FNDA:0,(anonymous_14)
DA:18,0
DA:19,0
LF:2
LH:0
BRDA:16,1,0,0
BRDA:16,1,1,0
BRDA:28,2,0,0
BRDA:28,2,1,0
BRF:4
BRH:0
end_of_record
TN:
SF:/home/bgres/Documents/unit/red_tetris_boilerplate/src/server/model/Player.js
FNF:0
FNH:0
LF:0
LH:0
BRF:0
BRH:0
end_of_record
TN:
SF:/home/bgres/Documents/unit/red_tetris_boilerplate/src/server/router/EventRouter.js
FN:9,iniEventRouter
FN:10,(anonymous_3)
FNF:2
FNH:0
FNDA:0,iniEventRouter
FNDA:0,(anonymous_3)
DA:9,1
LF:1
LH:1
BRDA:13,1,0,0
BRDA:13,1,1,0
BRF:2
BRH:0
end_of_record
TN:
SF:/home/bgres/Documents/unit/red_tetris_boilerplate/src/server/router/RequestRouter.js
FN:6,initRequestRouter
FN:9,(anonymous_3)
FNF:2
FNH:0
FNDA:0,initRequestRouter
FNDA:0,(anonymous_3)
DA:6,1
DA:10,0
LF:2
LH:1
BRDA:8,1,0,0
BRDA:8,1,1,0
BRDA:10,2,0,0
BRDA:10,2,1,0
BRF:4
BRH:0
end_of_record
TN:
SF:/home/bgres/Documents/unit/red_tetris_boilerplate/src/server/router/SocketRouter.js
FN:10,initRouter
FN:13,(anonymous_9)
FNF:2
FNH:0
FNDA:0,initRouter
FNDA:0,(anonymous_9)
DA:10,1
DA:35,0
DA:44,0
DA:52,0
DA:60,0
DA:68,0
DA:77,0
DA:86,0
DA:95,0
LF:9
LH:1
BRDA:16,1,0,0
BRDA:16,1,1,0
BRDA:16,1,2,0
BRDA:16,1,3,0
BRDA:34,2,0,0
BRDA:43,3,0,0
BRDA:59,4,0,0
BRDA:67,5,0,0
BRDA:85,6,0,0
BRF:9
BRH:0
end_of_record
TN:
SF:/home/bgres/Documents/unit/red_tetris_boilerplate/src/server/service/Base.js
FN:6,Base
FNF:1
FNH:0
FNDA:0,Base
DA:6,1
DA:17,0
DA:18,0
LF:3
LH:1
BRDA:7,1,0,0
BRDA:7,1,1,0
BRDA:18,2,0,0
BRDA:18,2,1,0
BRDA:18,3,0,0
BRDA:18,3,1,0
BRF:6
BRH:0
end_of_record
TN:
SF:/home/bgres/Documents/unit/red_tetris_boilerplate/src/server/service/Game/Create.js
FN:35,(anonymous_19)
FNF:1
FNH:0
FNDA:0,(anonymous_19)
DA:17,0
DA:25,0
DA:37,0
LF:3
LH:0
BRDA:17,1,0,0
BRDA:17,1,1,0
BRDA:25,2,0,0
BRDA:25,2,1,0
BRDA:37,3,0,0
BRDA:37,3,1,0
BRF:6
BRH:0
end_of_record
TN:
SF:/home/bgres/Documents/unit/red_tetris_boilerplate/src/server/service/Game/index.js
FNF:0
FNH:0
LF:0
LH:0
BRF:0
BRH:0
end_of_record
TN:
SF:/home/bgres/Documents/unit/red_tetris_boilerplate/src/server/service/Game/Update.js
FN:33,(anonymous_20)
FNF:1
FNH:0
FNDA:0,(anonymous_20)
DA:15,0
DA:23,0
DA:35,0
LF:3
LH:0
BRDA:15,1,0,0
BRDA:15,1,1,0
BRDA:23,2,0,0
BRDA:23,2,1,0
BRDA:35,3,0,0
BRDA:35,3,1,0
BRF:6
BRH:0
end_of_record
TN:
SF:/home/bgres/Documents/unit/red_tetris_boilerplate/src/server/service/index.js
FNF:0
FNH:0
LF:0
LH:0
BRF:0
BRH:0
end_of_record
TN:
SF:/home/bgres/Documents/unit/red_tetris_boilerplate/src/server/service/Room/Create.js
FNF:0
FNH:0
DA:11,0
DA:19,0
DA:30,0
LF:3
LH:0
BRDA:11,1,0,0
BRDA:11,1,1,0
BRDA:19,2,0,0
BRDA:19,2,1,0
BRDA:30,3,0,0
BRDA:30,3,1,0
BRF:6
BRH:0
end_of_record
TN:
SF:/home/bgres/Documents/unit/red_tetris_boilerplate/src/server/service/Room/index.js
FNF:0
FNH:0
LF:0
LH:0
BRF:0
BRH:0
end_of_record
TN:
SF:/home/bgres/Documents/unit/red_tetris_boilerplate/src/server/service/Room/List.js
FNF:0
FNH:0
LF:0
LH:0
BRF:0
BRH:0
end_of_record
TN:
SF:/home/bgres/Documents/unit/red_tetris_boilerplate/src/server/service/Room/Update.js
FNF:0
FNH:0
DA:11,0
DA:19,0
DA:23,0
LF:3
LH:0
BRDA:11,1,0,0
BRDA:11,1,1,0
BRDA:19,2,0,0
BRDA:19,2,1,0
BRDA:19,3,0,0
BRDA:19,3,1,0
BRDA:23,4,0,0
BRDA:23,4,1,0
BRDA:23,5,0,0
BRDA:23,5,1,0
BRF:10
BRH:0
end_of_record
TN:
SF:/home/bgres/Documents/unit/red_tetris_boilerplate/src/server/service/Session/Create.js
FNF:0
FNH:0
LF:0
LH:0
BRF:0
BRH:0
end_of_record
TN:
SF:/home/bgres/Documents/unit/red_tetris_boilerplate/src/server/service/Session/Delete.js
FNF:0
FNH:0
LF:0
LH:0
BRF:0
BRH:0
end_of_record
TN:
SF:/home/bgres/Documents/unit/red_tetris_boilerplate/src/server/service/Session/index.js
FNF:0
FNH:0
LF:0
LH:0
BRF:0
BRH:0
end_of_record
TN:
SF:/home/bgres/Documents/unit/red_tetris_boilerplate/src/server/service/Session/Show.js
FNF:0
FNH:0
DA:34,0
DA:35,0
DA:36,0
LF:3
LH:0
BRDA:34,1,0,0
BRDA:34,1,1,0
BRDA:36,2,0,0
BRDA:36,2,1,0
BRF:4
BRH:0
end_of_record
TN:
SF:/home/bgres/Documents/unit/red_tetris_boilerplate/src/server/service/Session/Update.js
FNF:0
FNH:0
LF:0
LH:0
BRF:0
BRH:0
end_of_record
TN:
SF:/home/bgres/Documents/unit/red_tetris_boilerplate/src/server/utils/contextBuilder.js
FNF:0
FNH:0
DA:6,0
LF:1
LH:0
BRDA:8,1,0,0
BRDA:8,1,1,0
BRF:2
BRH:0
end_of_record
TN:
SF:/home/bgres/Documents/unit/red_tetris_boilerplate/src/server/utils/logger.js
FNF:0
FNH:0
LF:0
LH:0
BRF:0
BRH:0
end_of_record
